Determining if the pthread_create exist failed with the following output:
Change Dir: /home/fenics/shared/VTK-build/VTK-Release-build/CMakeFiles/CMakeTmp

Run Build Command:"/usr/bin/make" "cmTC_82937/fast"
/usr/bin/make -f CMakeFiles/cmTC_82937.dir/build.make CMakeFiles/cmTC_82937.dir/build
make[1]: Entering directory '/home/fenics/shared/VTK-build/VTK-Release-build/CMakeFiles/CMakeTmp'
Building C object CMakeFiles/cmTC_82937.dir/CheckSymbolExists.c.o
/usr/lib/ccache/cc     -o CMakeFiles/cmTC_82937.dir/CheckSymbolExists.c.o   -c /home/fenics/shared/VTK-build/VTK-Release-build/CMakeFiles/CMakeTmp/CheckSymbolExists.c
Linking C executable cmTC_82937
/usr/bin/cmake -E cmake_link_script CMakeFiles/cmTC_82937.dir/link.txt --verbose=1
/usr/lib/ccache/cc       -Wl,-lc  -Wl,-lc    CMakeFiles/cmTC_82937.dir/CheckSymbolExists.c.o  -o cmTC_82937 -rdynamic 
CMakeFiles/cmTC_82937.dir/CheckSymbolExists.c.o: In function `main':
CheckSymbolExists.c:(.text+0x16): undefined reference to `pthread_create'
collect2: error: ld returned 1 exit status
CMakeFiles/cmTC_82937.dir/build.make:97: recipe for target 'cmTC_82937' failed
make[1]: *** [cmTC_82937] Error 1
make[1]: Leaving directory '/home/fenics/shared/VTK-build/VTK-Release-build/CMakeFiles/CMakeTmp'
Makefile:126: recipe for target 'cmTC_82937/fast' failed
make: *** [cmTC_82937/fast] Error 2

File /home/fenics/shared/VTK-build/VTK-Release-build/CMakeFiles/CMakeTmp/CheckSymbolExists.c:
/* */
#include <pthread.h>

int main(int argc, char** argv)
{
  (void)argv;
#ifndef pthread_create
  return ((int*)(&pthread_create))[argc];
#else
  (void)argc;
  return 0;
#endif
}

Determining if the function pthread_create exists in the pthreads failed with the following output:
Change Dir: /home/fenics/shared/VTK-build/VTK-Release-build/CMakeFiles/CMakeTmp

Run Build Command:"/usr/bin/make" "cmTC_bfcd0/fast"
/usr/bin/make -f CMakeFiles/cmTC_bfcd0.dir/build.make CMakeFiles/cmTC_bfcd0.dir/build
make[1]: Entering directory '/home/fenics/shared/VTK-build/VTK-Release-build/CMakeFiles/CMakeTmp'
Building C object CMakeFiles/cmTC_bfcd0.dir/CheckFunctionExists.c.o
/usr/lib/ccache/cc    -DCHECK_FUNCTION_EXISTS=pthread_create   -o CMakeFiles/cmTC_bfcd0.dir/CheckFunctionExists.c.o   -c /usr/share/cmake-3.5/Modules/CheckFunctionExists.c
Linking C executable cmTC_bfcd0
/usr/bin/cmake -E cmake_link_script CMakeFiles/cmTC_bfcd0.dir/link.txt --verbose=1
/usr/lib/ccache/cc    -DCHECK_FUNCTION_EXISTS=pthread_create   -Wl,-lc  -Wl,-lc    CMakeFiles/cmTC_bfcd0.dir/CheckFunctionExists.c.o  -o cmTC_bfcd0 -rdynamic -lpthreads 
/usr/bin/ld: cannot find -lpthreads
collect2: error: ld returned 1 exit status
CMakeFiles/cmTC_bfcd0.dir/build.make:97: recipe for target 'cmTC_bfcd0' failed
make[1]: *** [cmTC_bfcd0] Error 1
make[1]: Leaving directory '/home/fenics/shared/VTK-build/VTK-Release-build/CMakeFiles/CMakeTmp'
Makefile:126: recipe for target 'cmTC_bfcd0/fast' failed
make: *** [cmTC_bfcd0/fast] Error 2


Checking whether C++ compiler has '__int64' failed to compile with the following output:
Change Dir: /home/fenics/shared/VTK-build/VTK-Release-build/Utilities/KWSys/vtksys/CMakeFiles/CMakeTmp

Run Build Command:"/usr/bin/make" "cmTC_d6235/fast"
/usr/bin/make -f CMakeFiles/cmTC_d6235.dir/build.make CMakeFiles/cmTC_d6235.dir/build
make[1]: Entering directory '/home/fenics/shared/VTK-build/VTK-Release-build/Utilities/KWSys/vtksys/CMakeFiles/CMakeTmp'
Building CXX object CMakeFiles/cmTC_d6235.dir/kwsysPlatformTestsCXX.cxx.o
/usr/lib/ccache/c++   -DTEST_KWSYS_CXX_HAS___INT64   -o CMakeFiles/cmTC_d6235.dir/kwsysPlatformTestsCXX.cxx.o -c /home/fenics/shared/VTK/Utilities/KWSys/vtksys/kwsysPlatformTestsCXX.cxx
/home/fenics/shared/VTK/Utilities/KWSys/vtksys/kwsysPlatformTestsCXX.cxx:24:1: error: ‘__int64’ does not name a type
 __int64 f(__int64 n)
 ^
/home/fenics/shared/VTK/Utilities/KWSys/vtksys/kwsysPlatformTestsCXX.cxx: In function ‘int main()’:
/home/fenics/shared/VTK/Utilities/KWSys/vtksys/kwsysPlatformTestsCXX.cxx:30:3: error: ‘__int64’ was not declared in this scope
   __int64 n = 0;
   ^
/home/fenics/shared/VTK/Utilities/KWSys/vtksys/kwsysPlatformTestsCXX.cxx:31:29: error: ‘n’ was not declared in this scope
   return static_cast<int>(f(n));
                             ^
/home/fenics/shared/VTK/Utilities/KWSys/vtksys/kwsysPlatformTestsCXX.cxx:31:30: error: ‘f’ was not declared in this scope
   return static_cast<int>(f(n));
                              ^
CMakeFiles/cmTC_d6235.dir/build.make:65: recipe for target 'CMakeFiles/cmTC_d6235.dir/kwsysPlatformTestsCXX.cxx.o' failed
make[1]: *** [CMakeFiles/cmTC_d6235.dir/kwsysPlatformTestsCXX.cxx.o] Error 1
make[1]: Leaving directory '/home/fenics/shared/VTK-build/VTK-Release-build/Utilities/KWSys/vtksys/CMakeFiles/CMakeTmp'
Makefile:126: recipe for target 'cmTC_d6235/fast' failed
make: *** [cmTC_d6235/fast] Error 2


Checking whether CXX compiler has environ in stdlib.h failed to compile with the following output:
Change Dir: /home/fenics/shared/VTK-build/VTK-Release-build/Utilities/KWSys/vtksys/CMakeFiles/CMakeTmp

Run Build Command:"/usr/bin/make" "cmTC_39839/fast"
/usr/bin/make -f CMakeFiles/cmTC_39839.dir/build.make CMakeFiles/cmTC_39839.dir/build
make[1]: Entering directory '/home/fenics/shared/VTK-build/VTK-Release-build/Utilities/KWSys/vtksys/CMakeFiles/CMakeTmp'
Building CXX object CMakeFiles/cmTC_39839.dir/kwsysPlatformTestsCXX.cxx.o
/usr/lib/ccache/c++   -DTEST_KWSYS_CXX_HAS_ENVIRON_IN_STDLIB_H   -o CMakeFiles/cmTC_39839.dir/kwsysPlatformTestsCXX.cxx.o -c /home/fenics/shared/VTK/Utilities/KWSys/vtksys/kwsysPlatformTestsCXX.cxx
/home/fenics/shared/VTK/Utilities/KWSys/vtksys/kwsysPlatformTestsCXX.cxx: In function ‘int main()’:
/home/fenics/shared/VTK/Utilities/KWSys/vtksys/kwsysPlatformTestsCXX.cxx:196:13: error: ‘environ’ was not declared in this scope
   char* e = environ[0];
             ^
CMakeFiles/cmTC_39839.dir/build.make:65: recipe for target 'CMakeFiles/cmTC_39839.dir/kwsysPlatformTestsCXX.cxx.o' failed
make[1]: *** [CMakeFiles/cmTC_39839.dir/kwsysPlatformTestsCXX.cxx.o] Error 1
make[1]: Leaving directory '/home/fenics/shared/VTK-build/VTK-Release-build/Utilities/KWSys/vtksys/CMakeFiles/CMakeTmp'
Makefile:126: recipe for target 'cmTC_39839/fast' failed
make: *** [cmTC_39839/fast] Error 2


Checking whether CXX compiler struct stat has st_mtimespec member failed to compile with the following output:
Change Dir: /home/fenics/shared/VTK-build/VTK-Release-build/Utilities/KWSys/vtksys/CMakeFiles/CMakeTmp

Run Build Command:"/usr/bin/make" "cmTC_78d5b/fast"
/usr/bin/make -f CMakeFiles/cmTC_78d5b.dir/build.make CMakeFiles/cmTC_78d5b.dir/build
make[1]: Entering directory '/home/fenics/shared/VTK-build/VTK-Release-build/Utilities/KWSys/vtksys/CMakeFiles/CMakeTmp'
Building CXX object CMakeFiles/cmTC_78d5b.dir/kwsysPlatformTestsCXX.cxx.o
/usr/lib/ccache/c++   -DTEST_KWSYS_CXX_STAT_HAS_ST_MTIMESPEC   -o CMakeFiles/cmTC_78d5b.dir/kwsysPlatformTestsCXX.cxx.o -c /home/fenics/shared/VTK/Utilities/KWSys/vtksys/kwsysPlatformTestsCXX.cxx
/home/fenics/shared/VTK/Utilities/KWSys/vtksys/kwsysPlatformTestsCXX.cxx: In function ‘int main()’:
/home/fenics/shared/VTK/Utilities/KWSys/vtksys/kwsysPlatformTestsCXX.cxx:57:15: error: ‘struct stat’ has no member named ‘st_mtimespec’
   (void)stat1.st_mtimespec.tv_sec;
               ^
/home/fenics/shared/VTK/Utilities/KWSys/vtksys/kwsysPlatformTestsCXX.cxx:58:15: error: ‘struct stat’ has no member named ‘st_mtimespec’
   (void)stat1.st_mtimespec.tv_nsec;
               ^
CMakeFiles/cmTC_78d5b.dir/build.make:65: recipe for target 'CMakeFiles/cmTC_78d5b.dir/kwsysPlatformTestsCXX.cxx.o' failed
make[1]: *** [CMakeFiles/cmTC_78d5b.dir/kwsysPlatformTestsCXX.cxx.o] Error 1
make[1]: Leaving directory '/home/fenics/shared/VTK-build/VTK-Release-build/Utilities/KWSys/vtksys/CMakeFiles/CMakeTmp'
Makefile:126: recipe for target 'cmTC_78d5b/fast' failed
make: *** [cmTC_78d5b/fast] Error 2


Checking whether CXX compiler has _atoi64 failed to compile with the following output:
Change Dir: /home/fenics/shared/VTK-build/VTK-Release-build/Utilities/KWSys/vtksys/CMakeFiles/CMakeTmp

Run Build Command:"/usr/bin/make" "cmTC_741e1/fast"
/usr/bin/make -f CMakeFiles/cmTC_741e1.dir/build.make CMakeFiles/cmTC_741e1.dir/build
make[1]: Entering directory '/home/fenics/shared/VTK-build/VTK-Release-build/Utilities/KWSys/vtksys/CMakeFiles/CMakeTmp'
Building CXX object CMakeFiles/cmTC_741e1.dir/kwsysPlatformTestsCXX.cxx.o
/usr/lib/ccache/c++   -DTEST_KWSYS_CXX_HAS__ATOI64   -o CMakeFiles/cmTC_741e1.dir/kwsysPlatformTestsCXX.cxx.o -c /home/fenics/shared/VTK/Utilities/KWSys/vtksys/kwsysPlatformTestsCXX.cxx
/home/fenics/shared/VTK/Utilities/KWSys/vtksys/kwsysPlatformTestsCXX.cxx: In function ‘int main()’:
/home/fenics/shared/VTK/Utilities/KWSys/vtksys/kwsysPlatformTestsCXX.cxx:252:38: error: ‘_atoi64’ was not declared in this scope
   return static_cast<int>(_atoi64(str));
                                      ^
CMakeFiles/cmTC_741e1.dir/build.make:65: recipe for target 'CMakeFiles/cmTC_741e1.dir/kwsysPlatformTestsCXX.cxx.o' failed
make[1]: *** [CMakeFiles/cmTC_741e1.dir/kwsysPlatformTestsCXX.cxx.o] Error 1
make[1]: Leaving directory '/home/fenics/shared/VTK-build/VTK-Release-build/Utilities/KWSys/vtksys/CMakeFiles/CMakeTmp'
Makefile:126: recipe for target 'cmTC_741e1/fast' failed
make: *** [cmTC_741e1/fast] Error 2


Determining if the system is big endian passed with the following output:
Change Dir: /home/fenics/shared/VTK-build/VTK-Release-build/CMakeFiles/CMakeTmp

Run Build Command:"/usr/bin/make" "cmTC_5647a/fast"
/usr/bin/make -f CMakeFiles/cmTC_5647a.dir/build.make CMakeFiles/cmTC_5647a.dir/build
make[1]: Entering directory '/home/fenics/shared/VTK-build/VTK-Release-build/CMakeFiles/CMakeTmp'
Building C object CMakeFiles/cmTC_5647a.dir/TestEndianess.c.o
/usr/lib/ccache/cc     -o CMakeFiles/cmTC_5647a.dir/TestEndianess.c.o   -c /home/fenics/shared/VTK-build/VTK-Release-build/CMakeFiles/CMakeTmp/TestEndianess.c
Linking C executable cmTC_5647a
/usr/bin/cmake -E cmake_link_script CMakeFiles/cmTC_5647a.dir/link.txt --verbose=1
/usr/lib/ccache/cc       -Wl,-lc  -Wl,-lc    CMakeFiles/cmTC_5647a.dir/TestEndianess.c.o  -o cmTC_5647a -rdynamic 
make[1]: Leaving directory '/home/fenics/shared/VTK-build/VTK-Release-build/CMakeFiles/CMakeTmp'

TestEndianess.c:
/* A 16 bit integer is required. */
typedef unsigned short cmakeint16;

/* On a little endian machine, these 16bit ints will give "THIS IS LITTLE ENDIAN."
   On a big endian machine the characters will be exchanged pairwise. */
const cmakeint16 info_little[] =  {0x4854, 0x5349, 0x4920, 0x2053, 0x494c, 0x5454, 0x454c, 0x4520, 0x444e, 0x4149, 0x2e4e, 0x0000};

/* on a big endian machine, these 16bit ints will give "THIS IS BIG ENDIAN."
   On a little endian machine the characters will be exchanged pairwise. */
const cmakeint16 info_big[] =     {0x5448, 0x4953, 0x2049, 0x5320, 0x4249, 0x4720, 0x454e, 0x4449, 0x414e, 0x2e2e, 0x0000};

#ifdef __CLASSIC_C__
int main(argc, argv) int argc; char *argv[];
#else
int main(int argc, char *argv[])
#endif
{
  int require = 0;
  require += info_little[argc];
  require += info_big[argc];
  (void)argv;
  return require;
}


Determining if the function getsockname exists in the socket failed with the following output:
Change Dir: /home/fenics/shared/VTK-build/VTK-Release-build/CMakeFiles/CMakeTmp

Run Build Command:"/usr/bin/make" "cmTC_7fb2a/fast"
/usr/bin/make -f CMakeFiles/cmTC_7fb2a.dir/build.make CMakeFiles/cmTC_7fb2a.dir/build
make[1]: Entering directory '/home/fenics/shared/VTK-build/VTK-Release-build/CMakeFiles/CMakeTmp'
Building C object CMakeFiles/cmTC_7fb2a.dir/CheckFunctionExists.c.o
/usr/lib/ccache/cc    -DCHECK_FUNCTION_EXISTS=getsockname   -o CMakeFiles/cmTC_7fb2a.dir/CheckFunctionExists.c.o   -c /usr/share/cmake-3.5/Modules/CheckFunctionExists.c
Linking C executable cmTC_7fb2a
/usr/bin/cmake -E cmake_link_script CMakeFiles/cmTC_7fb2a.dir/link.txt --verbose=1
/usr/lib/ccache/cc    -DCHECK_FUNCTION_EXISTS=getsockname   -Wl,-lc  -Wl,-lc    CMakeFiles/cmTC_7fb2a.dir/CheckFunctionExists.c.o  -o cmTC_7fb2a -rdynamic -lsocket 
/usr/bin/ld: cannot find -lsocket
collect2: error: ld returned 1 exit status
CMakeFiles/cmTC_7fb2a.dir/build.make:97: recipe for target 'cmTC_7fb2a' failed
make[1]: *** [cmTC_7fb2a] Error 1
make[1]: Leaving directory '/home/fenics/shared/VTK-build/VTK-Release-build/CMakeFiles/CMakeTmp'
Makefile:126: recipe for target 'cmTC_7fb2a/fast' failed
make: *** [cmTC_7fb2a/fast] Error 2


Performing C++ SOURCE FILE Test COMPILER_SUPPORT_Wshorten64to32 failed with the following output:
Change Dir: /home/fenics/shared/VTK-build/VTK-Release-build/CMakeFiles/CMakeTmp

Run Build Command:"/usr/bin/make" "cmTC_e5488/fast"
/usr/bin/make -f CMakeFiles/cmTC_e5488.dir/build.make CMakeFiles/cmTC_e5488.dir/build
make[1]: Entering directory '/home/fenics/shared/VTK-build/VTK-Release-build/CMakeFiles/CMakeTmp'
Building CXX object CMakeFiles/cmTC_e5488.dir/src.cxx.o
/usr/lib/ccache/c++     -w -w -pedantic -Wall -Wextra -Wundef -Wcast-align -Wchar-subscripts -Wnon-virtual-dtor -Wunused-local-typedefs -Wpointer-arith -Wwrite-strings -Wformat-security -DCOMPILER_SUPPORT_Wshorten64to32 -Werror   -Wshorten-64-to-32 -o CMakeFiles/cmTC_e5488.dir/src.cxx.o -c /home/fenics/shared/VTK-build/VTK-Release-build/CMakeFiles/CMakeTmp/src.cxx
c++: error: unrecognized command line option '-Wshorten-64-to-32'
CMakeFiles/cmTC_e5488.dir/build.make:65: recipe for target 'CMakeFiles/cmTC_e5488.dir/src.cxx.o' failed
make[1]: *** [CMakeFiles/cmTC_e5488.dir/src.cxx.o] Error 1
make[1]: Leaving directory '/home/fenics/shared/VTK-build/VTK-Release-build/CMakeFiles/CMakeTmp'
Makefile:126: recipe for target 'cmTC_e5488/fast' failed
make: *** [cmTC_e5488/fast] Error 2

Source file was:
int main() { return 0; }
Performing C++ SOURCE FILE Test COMPILER_SUPPORT_Wenumconversion failed with the following output:
Change Dir: /home/fenics/shared/VTK-build/VTK-Release-build/CMakeFiles/CMakeTmp

Run Build Command:"/usr/bin/make" "cmTC_88b97/fast"
/usr/bin/make -f CMakeFiles/cmTC_88b97.dir/build.make CMakeFiles/cmTC_88b97.dir/build
make[1]: Entering directory '/home/fenics/shared/VTK-build/VTK-Release-build/CMakeFiles/CMakeTmp'
Building CXX object CMakeFiles/cmTC_88b97.dir/src.cxx.o
/usr/lib/ccache/c++     -w -w -pedantic -Wall -Wextra -Wundef -Wcast-align -Wchar-subscripts -Wnon-virtual-dtor -Wunused-local-typedefs -Wpointer-arith -Wwrite-strings -Wformat-security -Wlogical-op -DCOMPILER_SUPPORT_Wenumconversion -Werror   -Wenum-conversion -o CMakeFiles/cmTC_88b97.dir/src.cxx.o -c /home/fenics/shared/VTK-build/VTK-Release-build/CMakeFiles/CMakeTmp/src.cxx
c++: error: unrecognized command line option '-Wenum-conversion'
CMakeFiles/cmTC_88b97.dir/build.make:65: recipe for target 'CMakeFiles/cmTC_88b97.dir/src.cxx.o' failed
make[1]: *** [CMakeFiles/cmTC_88b97.dir/src.cxx.o] Error 1
make[1]: Leaving directory '/home/fenics/shared/VTK-build/VTK-Release-build/CMakeFiles/CMakeTmp'
Makefile:126: recipe for target 'cmTC_88b97/fast' failed
make: *** [cmTC_88b97/fast] Error 2

Source file was:
int main() { return 0; }
Performing C++ SOURCE FILE Test COMPILER_SUPPORT_Wcpp11extensions failed with the following output:
Change Dir: /home/fenics/shared/VTK-build/VTK-Release-build/CMakeFiles/CMakeTmp

Run Build Command:"/usr/bin/make" "cmTC_8e79e/fast"
/usr/bin/make -f CMakeFiles/cmTC_8e79e.dir/build.make CMakeFiles/cmTC_8e79e.dir/build
make[1]: Entering directory '/home/fenics/shared/VTK-build/VTK-Release-build/CMakeFiles/CMakeTmp'
Building CXX object CMakeFiles/cmTC_8e79e.dir/src.cxx.o
/usr/lib/ccache/c++     -w -w -pedantic -Wall -Wextra -Wundef -Wcast-align -Wchar-subscripts -Wnon-virtual-dtor -Wunused-local-typedefs -Wpointer-arith -Wwrite-strings -Wformat-security -Wlogical-op -DCOMPILER_SUPPORT_Wcpp11extensions -Werror   -Wc++11-extensions -o CMakeFiles/cmTC_8e79e.dir/src.cxx.o -c /home/fenics/shared/VTK-build/VTK-Release-build/CMakeFiles/CMakeTmp/src.cxx
c++: error: unrecognized command line option '-Wc++11-extensions'
CMakeFiles/cmTC_8e79e.dir/build.make:65: recipe for target 'CMakeFiles/cmTC_8e79e.dir/src.cxx.o' failed
make[1]: *** [CMakeFiles/cmTC_8e79e.dir/src.cxx.o] Error 1
make[1]: Leaving directory '/home/fenics/shared/VTK-build/VTK-Release-build/CMakeFiles/CMakeTmp'
Makefile:126: recipe for target 'cmTC_8e79e/fast' failed
make: *** [cmTC_8e79e/fast] Error 2

Source file was:
int main() { return 0; }
Performing C++ SOURCE FILE Test COMPILER_SUPPORT_wd981 failed with the following output:
Change Dir: /home/fenics/shared/VTK-build/VTK-Release-build/CMakeFiles/CMakeTmp

Run Build Command:"/usr/bin/make" "cmTC_a60f4/fast"
/usr/bin/make -f CMakeFiles/cmTC_a60f4.dir/build.make CMakeFiles/cmTC_a60f4.dir/build
make[1]: Entering directory '/home/fenics/shared/VTK-build/VTK-Release-build/CMakeFiles/CMakeTmp'
Building CXX object CMakeFiles/cmTC_a60f4.dir/src.cxx.o
/usr/lib/ccache/c++     -w -w -pedantic -Wall -Wextra -Wundef -Wcast-align -Wchar-subscripts -Wnon-virtual-dtor -Wunused-local-typedefs -Wpointer-arith -Wwrite-strings -Wformat-security -Wlogical-op -Wdouble-promotion -Wno-psabi -Wno-variadic-macros -Wno-long-long -fno-check-new -fno-common -fstrict-aliasing -DCOMPILER_SUPPORT_wd981 -Werror   -wd981 -o CMakeFiles/cmTC_a60f4.dir/src.cxx.o -c /home/fenics/shared/VTK-build/VTK-Release-build/CMakeFiles/CMakeTmp/src.cxx
c++: error: unrecognized command line option '-wd981'
CMakeFiles/cmTC_a60f4.dir/build.make:65: recipe for target 'CMakeFiles/cmTC_a60f4.dir/src.cxx.o' failed
make[1]: *** [CMakeFiles/cmTC_a60f4.dir/src.cxx.o] Error 1
make[1]: Leaving directory '/home/fenics/shared/VTK-build/VTK-Release-build/CMakeFiles/CMakeTmp'
Makefile:126: recipe for target 'cmTC_a60f4/fast' failed
make: *** [cmTC_a60f4/fast] Error 2

Source file was:
int main() { return 0; }
Performing C++ SOURCE FILE Test COMPILER_SUPPORT_wd2304 failed with the following output:
Change Dir: /home/fenics/shared/VTK-build/VTK-Release-build/CMakeFiles/CMakeTmp

Run Build Command:"/usr/bin/make" "cmTC_a2f4c/fast"
/usr/bin/make -f CMakeFiles/cmTC_a2f4c.dir/build.make CMakeFiles/cmTC_a2f4c.dir/build
make[1]: Entering directory '/home/fenics/shared/VTK-build/VTK-Release-build/CMakeFiles/CMakeTmp'
Building CXX object CMakeFiles/cmTC_a2f4c.dir/src.cxx.o
/usr/lib/ccache/c++     -w -w -pedantic -Wall -Wextra -Wundef -Wcast-align -Wchar-subscripts -Wnon-virtual-dtor -Wunused-local-typedefs -Wpointer-arith -Wwrite-strings -Wformat-security -Wlogical-op -Wdouble-promotion -Wno-psabi -Wno-variadic-macros -Wno-long-long -fno-check-new -fno-common -fstrict-aliasing -DCOMPILER_SUPPORT_wd2304 -Werror   -wd2304 -o CMakeFiles/cmTC_a2f4c.dir/src.cxx.o -c /home/fenics/shared/VTK-build/VTK-Release-build/CMakeFiles/CMakeTmp/src.cxx
c++: error: unrecognized command line option '-wd2304'
CMakeFiles/cmTC_a2f4c.dir/build.make:65: recipe for target 'CMakeFiles/cmTC_a2f4c.dir/src.cxx.o' failed
make[1]: *** [CMakeFiles/cmTC_a2f4c.dir/src.cxx.o] Error 1
make[1]: Leaving directory '/home/fenics/shared/VTK-build/VTK-Release-build/CMakeFiles/CMakeTmp'
Makefile:126: recipe for target 'cmTC_a2f4c/fast' failed
make: *** [cmTC_a2f4c/fast] Error 2

Source file was:
int main() { return 0; }
Performing C++ SOURCE FILE Test COMPILER_SUPPORT_STRICTANSI failed with the following output:
Change Dir: /home/fenics/shared/VTK-build/VTK-Release-build/CMakeFiles/CMakeTmp

Run Build Command:"/usr/bin/make" "cmTC_3cdbf/fast"
/usr/bin/make -f CMakeFiles/cmTC_3cdbf.dir/build.make CMakeFiles/cmTC_3cdbf.dir/build
make[1]: Entering directory '/home/fenics/shared/VTK-build/VTK-Release-build/CMakeFiles/CMakeTmp'
Building CXX object CMakeFiles/cmTC_3cdbf.dir/src.cxx.o
/usr/lib/ccache/c++     -w -w -pedantic -Wall -Wextra -Wundef -Wcast-align -Wchar-subscripts -Wnon-virtual-dtor -Wunused-local-typedefs -Wpointer-arith -Wwrite-strings -Wformat-security -Wlogical-op -Wdouble-promotion -Wno-psabi -Wno-variadic-macros -Wno-long-long -fno-check-new -fno-common -fstrict-aliasing -DCOMPILER_SUPPORT_STRICTANSI -Werror   -strict-ansi -o CMakeFiles/cmTC_3cdbf.dir/src.cxx.o -c /home/fenics/shared/VTK-build/VTK-Release-build/CMakeFiles/CMakeTmp/src.cxx
c++: error: unrecognized command line option '-strict-ansi'
CMakeFiles/cmTC_3cdbf.dir/build.make:65: recipe for target 'CMakeFiles/cmTC_3cdbf.dir/src.cxx.o' failed
make[1]: *** [CMakeFiles/cmTC_3cdbf.dir/src.cxx.o] Error 1
make[1]: Leaving directory '/home/fenics/shared/VTK-build/VTK-Release-build/CMakeFiles/CMakeTmp'
Makefile:126: recipe for target 'cmTC_3cdbf/fast' failed
make: *** [cmTC_3cdbf/fast] Error 2

Source file was:
int main() { return 0; }
Performing C++ SOURCE FILE Test COMPILER_SUPPORT_Qunusedarguments failed with the following output:
Change Dir: /home/fenics/shared/VTK-build/VTK-Release-build/CMakeFiles/CMakeTmp

Run Build Command:"/usr/bin/make" "cmTC_7ed66/fast"
/usr/bin/make -f CMakeFiles/cmTC_7ed66.dir/build.make CMakeFiles/cmTC_7ed66.dir/build
make[1]: Entering directory '/home/fenics/shared/VTK-build/VTK-Release-build/CMakeFiles/CMakeTmp'
Building CXX object CMakeFiles/cmTC_7ed66.dir/src.cxx.o
/usr/lib/ccache/c++     -w -w -pedantic -Wall -Wextra -Wundef -Wcast-align -Wchar-subscripts -Wnon-virtual-dtor -Wunused-local-typedefs -Wpointer-arith -Wwrite-strings -Wformat-security -Wlogical-op -Wdouble-promotion -Wno-psabi -Wno-variadic-macros -Wno-long-long -fno-check-new -fno-common -fstrict-aliasing -DCOMPILER_SUPPORT_Qunusedarguments -Werror   -Qunused-arguments -o CMakeFiles/cmTC_7ed66.dir/src.cxx.o -c /home/fenics/shared/VTK-build/VTK-Release-build/CMakeFiles/CMakeTmp/src.cxx
c++: error: unrecognized command line option '-Qunused-arguments'
CMakeFiles/cmTC_7ed66.dir/build.make:65: recipe for target 'CMakeFiles/cmTC_7ed66.dir/src.cxx.o' failed
make[1]: *** [CMakeFiles/cmTC_7ed66.dir/src.cxx.o] Error 1
make[1]: Leaving directory '/home/fenics/shared/VTK-build/VTK-Release-build/CMakeFiles/CMakeTmp'
Makefile:126: recipe for target 'cmTC_7ed66/fast' failed
make: *** [cmTC_7ed66/fast] Error 2

Source file was:
int main() { return 0; }
Determining if the system is big endian passed with the following output:
Change Dir: /home/fenics/shared/VTK-build/VTK-Release-build/CMakeFiles/CMakeTmp

Run Build Command:"/usr/bin/make" "cmTC_4c51e/fast"
/usr/bin/make -f CMakeFiles/cmTC_4c51e.dir/build.make CMakeFiles/cmTC_4c51e.dir/build
make[1]: Entering directory '/home/fenics/shared/VTK-build/VTK-Release-build/CMakeFiles/CMakeTmp'
Building C object CMakeFiles/cmTC_4c51e.dir/TestEndianess.c.o
/usr/lib/ccache/cc    -w -w    -o CMakeFiles/cmTC_4c51e.dir/TestEndianess.c.o   -c /home/fenics/shared/VTK-build/VTK-Release-build/CMakeFiles/CMakeTmp/TestEndianess.c
Linking C executable cmTC_4c51e
/usr/bin/cmake -E cmake_link_script CMakeFiles/cmTC_4c51e.dir/link.txt --verbose=1
/usr/lib/ccache/cc    -w -w    -Wl,-lc  -Wl,-lc    CMakeFiles/cmTC_4c51e.dir/TestEndianess.c.o  -o cmTC_4c51e -rdynamic 
make[1]: Leaving directory '/home/fenics/shared/VTK-build/VTK-Release-build/CMakeFiles/CMakeTmp'

TestEndianess.c:
/* A 16 bit integer is required. */
typedef unsigned short cmakeint16;

/* On a little endian machine, these 16bit ints will give "THIS IS LITTLE ENDIAN."
   On a big endian machine the characters will be exchanged pairwise. */
const cmakeint16 info_little[] =  {0x4854, 0x5349, 0x4920, 0x2053, 0x494c, 0x5454, 0x454c, 0x4520, 0x444e, 0x4149, 0x2e4e, 0x0000};

/* on a big endian machine, these 16bit ints will give "THIS IS BIG ENDIAN."
   On a little endian machine the characters will be exchanged pairwise. */
const cmakeint16 info_big[] =     {0x5448, 0x4953, 0x2049, 0x5320, 0x4249, 0x4720, 0x454e, 0x4449, 0x414e, 0x2e2e, 0x0000};

#ifdef __CLASSIC_C__
int main(argc, argv) int argc; char *argv[];
#else
int main(int argc, char *argv[])
#endif
{
  int require = 0;
  require += info_little[argc];
  require += info_big[argc];
  (void)argv;
  return require;
}


Determining if the include file sys/endian.h exists failed with the following output:
Change Dir: /home/fenics/shared/VTK-build/VTK-Release-build/CMakeFiles/CMakeTmp

Run Build Command:"/usr/bin/make" "cmTC_4b7db/fast"
/usr/bin/make -f CMakeFiles/cmTC_4b7db.dir/build.make CMakeFiles/cmTC_4b7db.dir/build
make[1]: Entering directory '/home/fenics/shared/VTK-build/VTK-Release-build/CMakeFiles/CMakeTmp'
Building C object CMakeFiles/cmTC_4b7db.dir/CheckIncludeFile.c.o
/usr/lib/ccache/cc    -w -w    -o CMakeFiles/cmTC_4b7db.dir/CheckIncludeFile.c.o   -c /home/fenics/shared/VTK-build/VTK-Release-build/CMakeFiles/CMakeTmp/CheckIncludeFile.c
/home/fenics/shared/VTK-build/VTK-Release-build/CMakeFiles/CMakeTmp/CheckIncludeFile.c:1:24: fatal error: sys/endian.h: No such file or directory
compilation terminated.
CMakeFiles/cmTC_4b7db.dir/build.make:65: recipe for target 'CMakeFiles/cmTC_4b7db.dir/CheckIncludeFile.c.o' failed
make[1]: *** [CMakeFiles/cmTC_4b7db.dir/CheckIncludeFile.c.o] Error 1
make[1]: Leaving directory '/home/fenics/shared/VTK-build/VTK-Release-build/CMakeFiles/CMakeTmp'
Makefile:126: recipe for target 'cmTC_4b7db/fast' failed
make: *** [cmTC_4b7db/fast] Error 2


Determining if the HAVE_BSWAP_16 exist failed with the following output:
Change Dir: /home/fenics/shared/VTK-build/VTK-Release-build/CMakeFiles/CMakeTmp

Run Build Command:"/usr/bin/make" "cmTC_ad814/fast"
/usr/bin/make -f CMakeFiles/cmTC_ad814.dir/build.make CMakeFiles/cmTC_ad814.dir/build
make[1]: Entering directory '/home/fenics/shared/VTK-build/VTK-Release-build/CMakeFiles/CMakeTmp'
Building C object CMakeFiles/cmTC_ad814.dir/CheckSymbolExists.c.o
/usr/lib/ccache/cc    -w -w    -o CMakeFiles/cmTC_ad814.dir/CheckSymbolExists.c.o   -c /home/fenics/shared/VTK-build/VTK-Release-build/CMakeFiles/CMakeTmp/CheckSymbolExists.c
/home/fenics/shared/VTK-build/VTK-Release-build/CMakeFiles/CMakeTmp/CheckSymbolExists.c: In function ‘main’:
/home/fenics/shared/VTK-build/VTK-Release-build/CMakeFiles/CMakeTmp/CheckSymbolExists.c:8:19: error: ‘HAVE_BSWAP_16’ undeclared (first use in this function)
   return ((int*)(&HAVE_BSWAP_16))[argc];
                   ^
/home/fenics/shared/VTK-build/VTK-Release-build/CMakeFiles/CMakeTmp/CheckSymbolExists.c:8:19: note: each undeclared identifier is reported only once for each function it appears in
CMakeFiles/cmTC_ad814.dir/build.make:65: recipe for target 'CMakeFiles/cmTC_ad814.dir/CheckSymbolExists.c.o' failed
make[1]: *** [CMakeFiles/cmTC_ad814.dir/CheckSymbolExists.c.o] Error 1
make[1]: Leaving directory '/home/fenics/shared/VTK-build/VTK-Release-build/CMakeFiles/CMakeTmp'
Makefile:126: recipe for target 'cmTC_ad814/fast' failed
make: *** [cmTC_ad814/fast] Error 2

File /home/fenics/shared/VTK-build/VTK-Release-build/CMakeFiles/CMakeTmp/CheckSymbolExists.c:
/* */
#include <byteswap.h>

int main(int argc, char** argv)
{
  (void)argv;
#ifndef HAVE_BSWAP_16
  return ((int*)(&HAVE_BSWAP_16))[argc];
#else
  (void)argc;
  return 0;
#endif
}

Determining if the HAVE_BSWAP_32 exist failed with the following output:
Change Dir: /home/fenics/shared/VTK-build/VTK-Release-build/CMakeFiles/CMakeTmp

Run Build Command:"/usr/bin/make" "cmTC_36abd/fast"
/usr/bin/make -f CMakeFiles/cmTC_36abd.dir/build.make CMakeFiles/cmTC_36abd.dir/build
make[1]: Entering directory '/home/fenics/shared/VTK-build/VTK-Release-build/CMakeFiles/CMakeTmp'
Building C object CMakeFiles/cmTC_36abd.dir/CheckSymbolExists.c.o
/usr/lib/ccache/cc    -w -w    -o CMakeFiles/cmTC_36abd.dir/CheckSymbolExists.c.o   -c /home/fenics/shared/VTK-build/VTK-Release-build/CMakeFiles/CMakeTmp/CheckSymbolExists.c
/home/fenics/shared/VTK-build/VTK-Release-build/CMakeFiles/CMakeTmp/CheckSymbolExists.c: In function ‘main’:
/home/fenics/shared/VTK-build/VTK-Release-build/CMakeFiles/CMakeTmp/CheckSymbolExists.c:8:19: error: ‘HAVE_BSWAP_32’ undeclared (first use in this function)
   return ((int*)(&HAVE_BSWAP_32))[argc];
                   ^
/home/fenics/shared/VTK-build/VTK-Release-build/CMakeFiles/CMakeTmp/CheckSymbolExists.c:8:19: note: each undeclared identifier is reported only once for each function it appears in
CMakeFiles/cmTC_36abd.dir/build.make:65: recipe for target 'CMakeFiles/cmTC_36abd.dir/CheckSymbolExists.c.o' failed
make[1]: *** [CMakeFiles/cmTC_36abd.dir/CheckSymbolExists.c.o] Error 1
make[1]: Leaving directory '/home/fenics/shared/VTK-build/VTK-Release-build/CMakeFiles/CMakeTmp'
Makefile:126: recipe for target 'cmTC_36abd/fast' failed
make: *** [cmTC_36abd/fast] Error 2

File /home/fenics/shared/VTK-build/VTK-Release-build/CMakeFiles/CMakeTmp/CheckSymbolExists.c:
/* */
#include <byteswap.h>

int main(int argc, char** argv)
{
  (void)argv;
#ifndef HAVE_BSWAP_32
  return ((int*)(&HAVE_BSWAP_32))[argc];
#else
  (void)argc;
  return 0;
#endif
}

Determining if the HAVE_BSWAP_64 exist failed with the following output:
Change Dir: /home/fenics/shared/VTK-build/VTK-Release-build/CMakeFiles/CMakeTmp

Run Build Command:"/usr/bin/make" "cmTC_b23fd/fast"
/usr/bin/make -f CMakeFiles/cmTC_b23fd.dir/build.make CMakeFiles/cmTC_b23fd.dir/build
make[1]: Entering directory '/home/fenics/shared/VTK-build/VTK-Release-build/CMakeFiles/CMakeTmp'
Building C object CMakeFiles/cmTC_b23fd.dir/CheckSymbolExists.c.o
/usr/lib/ccache/cc    -w -w    -o CMakeFiles/cmTC_b23fd.dir/CheckSymbolExists.c.o   -c /home/fenics/shared/VTK-build/VTK-Release-build/CMakeFiles/CMakeTmp/CheckSymbolExists.c
/home/fenics/shared/VTK-build/VTK-Release-build/CMakeFiles/CMakeTmp/CheckSymbolExists.c: In function ‘main’:
/home/fenics/shared/VTK-build/VTK-Release-build/CMakeFiles/CMakeTmp/CheckSymbolExists.c:8:19: error: ‘HAVE_BSWAP_64’ undeclared (first use in this function)
   return ((int*)(&HAVE_BSWAP_64))[argc];
                   ^
/home/fenics/shared/VTK-build/VTK-Release-build/CMakeFiles/CMakeTmp/CheckSymbolExists.c:8:19: note: each undeclared identifier is reported only once for each function it appears in
CMakeFiles/cmTC_b23fd.dir/build.make:65: recipe for target 'CMakeFiles/cmTC_b23fd.dir/CheckSymbolExists.c.o' failed
make[1]: *** [CMakeFiles/cmTC_b23fd.dir/CheckSymbolExists.c.o] Error 1
make[1]: Leaving directory '/home/fenics/shared/VTK-build/VTK-Release-build/CMakeFiles/CMakeTmp'
Makefile:126: recipe for target 'cmTC_b23fd/fast' failed
make: *** [cmTC_b23fd/fast] Error 2

File /home/fenics/shared/VTK-build/VTK-Release-build/CMakeFiles/CMakeTmp/CheckSymbolExists.c:
/* */
#include <byteswap.h>

int main(int argc, char** argv)
{
  (void)argv;
#ifndef HAVE_BSWAP_64
  return ((int*)(&HAVE_BSWAP_64))[argc];
#else
  (void)argc;
  return 0;
#endif
}

Determining size of __int64 failed with the following output:
Change Dir: /home/fenics/shared/VTK-build/VTK-Release-build/CMakeFiles/CMakeTmp

Run Build Command:"/usr/bin/make" "cmTC_d3f95/fast"
/usr/bin/make -f CMakeFiles/cmTC_d3f95.dir/build.make CMakeFiles/cmTC_d3f95.dir/build
make[1]: Entering directory '/home/fenics/shared/VTK-build/VTK-Release-build/CMakeFiles/CMakeTmp'
Building C object CMakeFiles/cmTC_d3f95.dir/__INT64.c.o
/usr/lib/ccache/cc    -w -w    -o CMakeFiles/cmTC_d3f95.dir/__INT64.c.o   -c /home/fenics/shared/VTK-build/VTK-Release-build/CMakeFiles/CheckTypeSize/__INT64.c
/home/fenics/shared/VTK-build/VTK-Release-build/CMakeFiles/CheckTypeSize/__INT64.c:19:20: error: ‘__int64’ undeclared here (not in a function)
   ('0' + ((SIZE / 10000)%10)),
                    ^
CMakeFiles/cmTC_d3f95.dir/build.make:65: recipe for target 'CMakeFiles/cmTC_d3f95.dir/__INT64.c.o' failed
make[1]: *** [CMakeFiles/cmTC_d3f95.dir/__INT64.c.o] Error 1
make[1]: Leaving directory '/home/fenics/shared/VTK-build/VTK-Release-build/CMakeFiles/CMakeTmp'
Makefile:126: recipe for target 'cmTC_d3f95/fast' failed
make: *** [cmTC_d3f95/fast] Error 2

/home/fenics/shared/VTK-build/VTK-Release-build/CMakeFiles/CheckTypeSize/__INT64.c:
#include <sys/types.h>
#include <stdint.h>
#include <stddef.h>


#undef KEY
#if defined(__i386)
# define KEY '_','_','i','3','8','6'
#elif defined(__x86_64)
# define KEY '_','_','x','8','6','_','6','4'
#elif defined(__ppc__)
# define KEY '_','_','p','p','c','_','_'
#elif defined(__ppc64__)
# define KEY '_','_','p','p','c','6','4','_','_'
#endif

#define SIZE (sizeof(__int64))
char info_size[] =  {'I', 'N', 'F', 'O', ':', 's','i','z','e','[',
  ('0' + ((SIZE / 10000)%10)),
  ('0' + ((SIZE / 1000)%10)),
  ('0' + ((SIZE / 100)%10)),
  ('0' + ((SIZE / 10)%10)),
  ('0' +  (SIZE    % 10)),
  ']',
#ifdef KEY
  ' ','k','e','y','[', KEY, ']',
#endif
  '\0'};

#ifdef __CLASSIC_C__
int main(argc, argv) int argc; char *argv[];
#else
int main(int argc, char *argv[])
#endif
{
  int require = 0;
  require += info_size[argc];
  (void)argv;
  return require;
}


Determining size of unsigned __int64 failed with the following output:
Change Dir: /home/fenics/shared/VTK-build/VTK-Release-build/CMakeFiles/CMakeTmp

Run Build Command:"/usr/bin/make" "cmTC_b017f/fast"
/usr/bin/make -f CMakeFiles/cmTC_b017f.dir/build.make CMakeFiles/cmTC_b017f.dir/build
make[1]: Entering directory '/home/fenics/shared/VTK-build/VTK-Release-build/CMakeFiles/CMakeTmp'
Building C object CMakeFiles/cmTC_b017f.dir/UNSIGNED___INT64.c.o
/usr/lib/ccache/cc    -w -w    -o CMakeFiles/cmTC_b017f.dir/UNSIGNED___INT64.c.o   -c /home/fenics/shared/VTK-build/VTK-Release-build/CMakeFiles/CheckTypeSize/UNSIGNED___INT64.c
/home/fenics/shared/VTK-build/VTK-Release-build/CMakeFiles/CheckTypeSize/UNSIGNED___INT64.c:19:29: error: expected ‘)’ before ‘__int64’
   ('0' + ((SIZE / 10000)%10)),
                             ^
/home/fenics/shared/VTK-build/VTK-Release-build/CMakeFiles/CheckTypeSize/UNSIGNED___INT64.c:20:29: error: expected ‘)’ before ‘__int64’
   ('0' + ((SIZE / 1000)%10)),
                             ^
/home/fenics/shared/VTK-build/VTK-Release-build/CMakeFiles/CheckTypeSize/UNSIGNED___INT64.c:21:29: error: expected ‘)’ before ‘__int64’
/home/fenics/shared/VTK-build/VTK-Release-build/CMakeFiles/CheckTypeSize/UNSIGNED___INT64.c:22:29: error: expected ‘)’ before ‘__int64’
/home/fenics/shared/VTK-build/VTK-Release-build/CMakeFiles/CheckTypeSize/UNSIGNED___INT64.c:23:28: error: expected ‘)’ before ‘__int64’
CMakeFiles/cmTC_b017f.dir/build.make:65: recipe for target 'CMakeFiles/cmTC_b017f.dir/UNSIGNED___INT64.c.o' failed
make[1]: *** [CMakeFiles/cmTC_b017f.dir/UNSIGNED___INT64.c.o] Error 1
make[1]: Leaving directory '/home/fenics/shared/VTK-build/VTK-Release-build/CMakeFiles/CMakeTmp'
Makefile:126: recipe for target 'cmTC_b017f/fast' failed
make: *** [cmTC_b017f/fast] Error 2

/home/fenics/shared/VTK-build/VTK-Release-build/CMakeFiles/CheckTypeSize/UNSIGNED___INT64.c:
#include <sys/types.h>
#include <stdint.h>
#include <stddef.h>


#undef KEY
#if defined(__i386)
# define KEY '_','_','i','3','8','6'
#elif defined(__x86_64)
# define KEY '_','_','x','8','6','_','6','4'
#elif defined(__ppc__)
# define KEY '_','_','p','p','c','_','_'
#elif defined(__ppc64__)
# define KEY '_','_','p','p','c','6','4','_','_'
#endif

#define SIZE (sizeof(unsigned __int64))
char info_size[] =  {'I', 'N', 'F', 'O', ':', 's','i','z','e','[',
  ('0' + ((SIZE / 10000)%10)),
  ('0' + ((SIZE / 1000)%10)),
  ('0' + ((SIZE / 100)%10)),
  ('0' + ((SIZE / 10)%10)),
  ('0' +  (SIZE    % 10)),
  ']',
#ifdef KEY
  ' ','k','e','y','[', KEY, ']',
#endif
  '\0'};

#ifdef __CLASSIC_C__
int main(argc, argv) int argc; char *argv[];
#else
int main(int argc, char *argv[])
#endif
{
  int require = 0;
  require += info_size[argc];
  (void)argv;
  return require;
}


Determining if the getrandom exist failed with the following output:
Change Dir: /home/fenics/shared/VTK-build/VTK-Release-build/CMakeFiles/CMakeTmp

Run Build Command:"/usr/bin/make" "cmTC_2e0cf/fast"
/usr/bin/make -f CMakeFiles/cmTC_2e0cf.dir/build.make CMakeFiles/cmTC_2e0cf.dir/build
make[1]: Entering directory '/home/fenics/shared/VTK-build/VTK-Release-build/CMakeFiles/CMakeTmp'
Building C object CMakeFiles/cmTC_2e0cf.dir/CheckSymbolExists.c.o
/usr/lib/ccache/cc    -w -w    -o CMakeFiles/cmTC_2e0cf.dir/CheckSymbolExists.c.o   -c /home/fenics/shared/VTK-build/VTK-Release-build/CMakeFiles/CMakeTmp/CheckSymbolExists.c
/home/fenics/shared/VTK-build/VTK-Release-build/CMakeFiles/CMakeTmp/CheckSymbolExists.c:2:24: fatal error: sys/random.h: No such file or directory
compilation terminated.
CMakeFiles/cmTC_2e0cf.dir/build.make:65: recipe for target 'CMakeFiles/cmTC_2e0cf.dir/CheckSymbolExists.c.o' failed
make[1]: *** [CMakeFiles/cmTC_2e0cf.dir/CheckSymbolExists.c.o] Error 1
make[1]: Leaving directory '/home/fenics/shared/VTK-build/VTK-Release-build/CMakeFiles/CMakeTmp'
Makefile:126: recipe for target 'cmTC_2e0cf/fast' failed
make: *** [cmTC_2e0cf/fast] Error 2

File /home/fenics/shared/VTK-build/VTK-Release-build/CMakeFiles/CMakeTmp/CheckSymbolExists.c:
/* */
#include <sys/random.h>

int main(int argc, char** argv)
{
  (void)argv;
#ifndef getrandom
  return ((int*)(&getrandom))[argc];
#else
  (void)argc;
  return 0;
#endif
}

Determining if the arc4random_buf exist failed with the following output:
Change Dir: /home/fenics/shared/VTK-build/VTK-Release-build/CMakeFiles/CMakeTmp

Run Build Command:"/usr/bin/make" "cmTC_9d5f3/fast"
/usr/bin/make -f CMakeFiles/cmTC_9d5f3.dir/build.make CMakeFiles/cmTC_9d5f3.dir/build
make[1]: Entering directory '/home/fenics/shared/VTK-build/VTK-Release-build/CMakeFiles/CMakeTmp'
Building C object CMakeFiles/cmTC_9d5f3.dir/CheckSymbolExists.c.o
/usr/lib/ccache/cc    -w -w    -o CMakeFiles/cmTC_9d5f3.dir/CheckSymbolExists.c.o   -c /home/fenics/shared/VTK-build/VTK-Release-build/CMakeFiles/CMakeTmp/CheckSymbolExists.c
/home/fenics/shared/VTK-build/VTK-Release-build/CMakeFiles/CMakeTmp/CheckSymbolExists.c: In function ‘main’:
/home/fenics/shared/VTK-build/VTK-Release-build/CMakeFiles/CMakeTmp/CheckSymbolExists.c:8:19: error: ‘arc4random_buf’ undeclared (first use in this function)
   return ((int*)(&arc4random_buf))[argc];
                   ^
/home/fenics/shared/VTK-build/VTK-Release-build/CMakeFiles/CMakeTmp/CheckSymbolExists.c:8:19: note: each undeclared identifier is reported only once for each function it appears in
CMakeFiles/cmTC_9d5f3.dir/build.make:65: recipe for target 'CMakeFiles/cmTC_9d5f3.dir/CheckSymbolExists.c.o' failed
make[1]: *** [CMakeFiles/cmTC_9d5f3.dir/CheckSymbolExists.c.o] Error 1
make[1]: Leaving directory '/home/fenics/shared/VTK-build/VTK-Release-build/CMakeFiles/CMakeTmp'
Makefile:126: recipe for target 'cmTC_9d5f3/fast' failed
make: *** [cmTC_9d5f3/fast] Error 2

File /home/fenics/shared/VTK-build/VTK-Release-build/CMakeFiles/CMakeTmp/CheckSymbolExists.c:
/* */
#include <stdlib.h>

int main(int argc, char** argv)
{
  (void)argv;
#ifndef arc4random_buf
  return ((int*)(&arc4random_buf))[argc];
#else
  (void)argc;
  return 0;
#endif
}

Determining if the arc4random exist failed with the following output:
Change Dir: /home/fenics/shared/VTK-build/VTK-Release-build/CMakeFiles/CMakeTmp

Run Build Command:"/usr/bin/make" "cmTC_cf68b/fast"
/usr/bin/make -f CMakeFiles/cmTC_cf68b.dir/build.make CMakeFiles/cmTC_cf68b.dir/build
make[1]: Entering directory '/home/fenics/shared/VTK-build/VTK-Release-build/CMakeFiles/CMakeTmp'
Building C object CMakeFiles/cmTC_cf68b.dir/CheckSymbolExists.c.o
/usr/lib/ccache/cc    -w -w    -o CMakeFiles/cmTC_cf68b.dir/CheckSymbolExists.c.o   -c /home/fenics/shared/VTK-build/VTK-Release-build/CMakeFiles/CMakeTmp/CheckSymbolExists.c
/home/fenics/shared/VTK-build/VTK-Release-build/CMakeFiles/CMakeTmp/CheckSymbolExists.c: In function ‘main’:
/home/fenics/shared/VTK-build/VTK-Release-build/CMakeFiles/CMakeTmp/CheckSymbolExists.c:8:19: error: ‘arc4random’ undeclared (first use in this function)
   return ((int*)(&arc4random))[argc];
                   ^
/home/fenics/shared/VTK-build/VTK-Release-build/CMakeFiles/CMakeTmp/CheckSymbolExists.c:8:19: note: each undeclared identifier is reported only once for each function it appears in
CMakeFiles/cmTC_cf68b.dir/build.make:65: recipe for target 'CMakeFiles/cmTC_cf68b.dir/CheckSymbolExists.c.o' failed
make[1]: *** [CMakeFiles/cmTC_cf68b.dir/CheckSymbolExists.c.o] Error 1
make[1]: Leaving directory '/home/fenics/shared/VTK-build/VTK-Release-build/CMakeFiles/CMakeTmp'
Makefile:126: recipe for target 'cmTC_cf68b/fast' failed
make: *** [cmTC_cf68b/fast] Error 2

File /home/fenics/shared/VTK-build/VTK-Release-build/CMakeFiles/CMakeTmp/CheckSymbolExists.c:
/* */
#include <stdlib.h>

int main(int argc, char** argv)
{
  (void)argv;
#ifndef arc4random
  return ((int*)(&arc4random))[argc];
#else
  (void)argc;
  return 0;
#endif
}

Determining if the off_t exist failed with the following output:
Change Dir: /home/fenics/shared/VTK-build/VTK-Release-build/CMakeFiles/CMakeTmp

Run Build Command:"/usr/bin/make" "cmTC_cf84e/fast"
/usr/bin/make -f CMakeFiles/cmTC_cf84e.dir/build.make CMakeFiles/cmTC_cf84e.dir/build
make[1]: Entering directory '/home/fenics/shared/VTK-build/VTK-Release-build/CMakeFiles/CMakeTmp'
Building C object CMakeFiles/cmTC_cf84e.dir/CheckSymbolExists.c.o
/usr/lib/ccache/cc    -w -w    -o CMakeFiles/cmTC_cf84e.dir/CheckSymbolExists.c.o   -c /home/fenics/shared/VTK-build/VTK-Release-build/CMakeFiles/CMakeTmp/CheckSymbolExists.c
/home/fenics/shared/VTK-build/VTK-Release-build/CMakeFiles/CMakeTmp/CheckSymbolExists.c: In function ‘main’:
/home/fenics/shared/VTK-build/VTK-Release-build/CMakeFiles/CMakeTmp/CheckSymbolExists.c:8:19: error: expected expression before ‘off_t’
   return ((int*)(&off_t))[argc];
                   ^
CMakeFiles/cmTC_cf84e.dir/build.make:65: recipe for target 'CMakeFiles/cmTC_cf84e.dir/CheckSymbolExists.c.o' failed
make[1]: *** [CMakeFiles/cmTC_cf84e.dir/CheckSymbolExists.c.o] Error 1
make[1]: Leaving directory '/home/fenics/shared/VTK-build/VTK-Release-build/CMakeFiles/CMakeTmp'
Makefile:126: recipe for target 'cmTC_cf84e/fast' failed
make: *** [cmTC_cf84e/fast] Error 2

File /home/fenics/shared/VTK-build/VTK-Release-build/CMakeFiles/CMakeTmp/CheckSymbolExists.c:
/* */
#include <sys/types.h>

int main(int argc, char** argv)
{
  (void)argv;
#ifndef off_t
  return ((int*)(&off_t))[argc];
#else
  (void)argc;
  return 0;
#endif
}

Determining if the size_t exist failed with the following output:
Change Dir: /home/fenics/shared/VTK-build/VTK-Release-build/CMakeFiles/CMakeTmp

Run Build Command:"/usr/bin/make" "cmTC_45530/fast"
/usr/bin/make -f CMakeFiles/cmTC_45530.dir/build.make CMakeFiles/cmTC_45530.dir/build
make[1]: Entering directory '/home/fenics/shared/VTK-build/VTK-Release-build/CMakeFiles/CMakeTmp'
Building C object CMakeFiles/cmTC_45530.dir/CheckSymbolExists.c.o
/usr/lib/ccache/cc    -w -w    -o CMakeFiles/cmTC_45530.dir/CheckSymbolExists.c.o   -c /home/fenics/shared/VTK-build/VTK-Release-build/CMakeFiles/CMakeTmp/CheckSymbolExists.c
/home/fenics/shared/VTK-build/VTK-Release-build/CMakeFiles/CMakeTmp/CheckSymbolExists.c: In function ‘main’:
/home/fenics/shared/VTK-build/VTK-Release-build/CMakeFiles/CMakeTmp/CheckSymbolExists.c:8:19: error: expected expression before ‘size_t’
   return ((int*)(&size_t))[argc];
                   ^
CMakeFiles/cmTC_45530.dir/build.make:65: recipe for target 'CMakeFiles/cmTC_45530.dir/CheckSymbolExists.c.o' failed
make[1]: *** [CMakeFiles/cmTC_45530.dir/CheckSymbolExists.c.o] Error 1
make[1]: Leaving directory '/home/fenics/shared/VTK-build/VTK-Release-build/CMakeFiles/CMakeTmp'
Makefile:126: recipe for target 'cmTC_45530/fast' failed
make: *** [cmTC_45530/fast] Error 2

File /home/fenics/shared/VTK-build/VTK-Release-build/CMakeFiles/CMakeTmp/CheckSymbolExists.c:
/* */
#include <sys/types.h>

int main(int argc, char** argv)
{
  (void)argv;
#ifndef size_t
  return ((int*)(&size_t))[argc];
#else
  (void)argc;
  return 0;
#endif
}

Determining if the function shl_load exists in the dld;dl failed with the following output:
Change Dir: /home/fenics/shared/VTK-build/VTK-Release-build/CMakeFiles/CMakeTmp

Run Build Command:"/usr/bin/make" "cmTC_c0f89/fast"
/usr/bin/make -f CMakeFiles/cmTC_c0f89.dir/build.make CMakeFiles/cmTC_c0f89.dir/build
make[1]: Entering directory '/home/fenics/shared/VTK-build/VTK-Release-build/CMakeFiles/CMakeTmp'
Building C object CMakeFiles/cmTC_c0f89.dir/CheckFunctionExists.c.o
/usr/lib/ccache/cc    -w -w -DCHECK_FUNCTION_EXISTS=shl_load   -o CMakeFiles/cmTC_c0f89.dir/CheckFunctionExists.c.o   -c /usr/share/cmake-3.5/Modules/CheckFunctionExists.c
Linking C executable cmTC_c0f89
/usr/bin/cmake -E cmake_link_script CMakeFiles/cmTC_c0f89.dir/link.txt --verbose=1
/usr/lib/ccache/cc    -w -w -DCHECK_FUNCTION_EXISTS=shl_load   -Wl,-lc  -Wl,-lc    CMakeFiles/cmTC_c0f89.dir/CheckFunctionExists.c.o  -o cmTC_c0f89 -rdynamic -ldld -ldl 
/usr/bin/ld: cannot find -ldld
collect2: error: ld returned 1 exit status
CMakeFiles/cmTC_c0f89.dir/build.make:97: recipe for target 'cmTC_c0f89' failed
make[1]: *** [cmTC_c0f89] Error 1
make[1]: Leaving directory '/home/fenics/shared/VTK-build/VTK-Release-build/CMakeFiles/CMakeTmp'
Makefile:126: recipe for target 'cmTC_c0f89/fast' failed
make: *** [cmTC_c0f89/fast] Error 2


Determining if files stdio.h;stddef.h;sys/types.h;inttypes.h;dlfcn.h;fcntl.h;malloc.h;memory.h;netdb.h;limits.h;sys/socket.h;netinet/in.h;sys/select.h;stdint.h;stdlib.h;string.h;strings.h;sys/stat.h;sys/time.h;time.h;unistd.h;signal.h;errno.h;ansidecl.h exist failed with the following output:
Change Dir: /home/fenics/shared/VTK-build/VTK-Release-build/CMakeFiles/CMakeTmp

Run Build Command:"/usr/bin/make" "cmTC_8ab6c/fast"
/usr/bin/make -f CMakeFiles/cmTC_8ab6c.dir/build.make CMakeFiles/cmTC_8ab6c.dir/build
make[1]: Entering directory '/home/fenics/shared/VTK-build/VTK-Release-build/CMakeFiles/CMakeTmp'
Building C object CMakeFiles/cmTC_8ab6c.dir/CheckIncludeFiles.c.o
/usr/lib/ccache/cc  -D_GNU_SOURCE  -w -w    -o CMakeFiles/cmTC_8ab6c.dir/CheckIncludeFiles.c.o   -c /home/fenics/shared/VTK-build/VTK-Release-build/CMakeFiles/CMakeTmp/CheckIncludeFiles.c
/home/fenics/shared/VTK-build/VTK-Release-build/CMakeFiles/CMakeTmp/CheckIncludeFiles.c:25:22: fatal error: ansidecl.h: No such file or directory
compilation terminated.
CMakeFiles/cmTC_8ab6c.dir/build.make:65: recipe for target 'CMakeFiles/cmTC_8ab6c.dir/CheckIncludeFiles.c.o' failed
make[1]: *** [CMakeFiles/cmTC_8ab6c.dir/CheckIncludeFiles.c.o] Error 1
make[1]: Leaving directory '/home/fenics/shared/VTK-build/VTK-Release-build/CMakeFiles/CMakeTmp'
Makefile:126: recipe for target 'cmTC_8ab6c/fast' failed
make: *** [cmTC_8ab6c/fast] Error 2

Source:
/* */
#include <stdio.h>
#include <stddef.h>
#include <sys/types.h>
#include <inttypes.h>
#include <dlfcn.h>
#include <fcntl.h>
#include <malloc.h>
#include <memory.h>
#include <netdb.h>
#include <limits.h>
#include <sys/socket.h>
#include <netinet/in.h>
#include <sys/select.h>
#include <stdint.h>
#include <stdlib.h>
#include <string.h>
#include <strings.h>
#include <sys/stat.h>
#include <sys/time.h>
#include <time.h>
#include <unistd.h>
#include <signal.h>
#include <errno.h>
#include <ansidecl.h>


int main(void){return 0;}

Determining if files stdio.h;stddef.h;sys/types.h;inttypes.h;dlfcn.h;fcntl.h;malloc.h;memory.h;netdb.h;limits.h;sys/socket.h;netinet/in.h;sys/select.h;stdint.h;stdlib.h;string.h;strings.h;sys/stat.h;sys/time.h;time.h;unistd.h;signal.h;errno.h;arpa/inet.h;arpa/nameser.h;ctype.h;dirent.h;dl.h exist failed with the following output:
Change Dir: /home/fenics/shared/VTK-build/VTK-Release-build/CMakeFiles/CMakeTmp

Run Build Command:"/usr/bin/make" "cmTC_398dc/fast"
/usr/bin/make -f CMakeFiles/cmTC_398dc.dir/build.make CMakeFiles/cmTC_398dc.dir/build
make[1]: Entering directory '/home/fenics/shared/VTK-build/VTK-Release-build/CMakeFiles/CMakeTmp'
Building C object CMakeFiles/cmTC_398dc.dir/CheckIncludeFiles.c.o
/usr/lib/ccache/cc  -D_GNU_SOURCE  -w -w    -o CMakeFiles/cmTC_398dc.dir/CheckIncludeFiles.c.o   -c /home/fenics/shared/VTK-build/VTK-Release-build/CMakeFiles/CMakeTmp/CheckIncludeFiles.c
/home/fenics/shared/VTK-build/VTK-Release-build/CMakeFiles/CMakeTmp/CheckIncludeFiles.c:29:16: fatal error: dl.h: No such file or directory
compilation terminated.
CMakeFiles/cmTC_398dc.dir/build.make:65: recipe for target 'CMakeFiles/cmTC_398dc.dir/CheckIncludeFiles.c.o' failed
make[1]: *** [CMakeFiles/cmTC_398dc.dir/CheckIncludeFiles.c.o] Error 1
make[1]: Leaving directory '/home/fenics/shared/VTK-build/VTK-Release-build/CMakeFiles/CMakeTmp'
Makefile:126: recipe for target 'cmTC_398dc/fast' failed
make: *** [cmTC_398dc/fast] Error 2

Source:
/* */
#include <stdio.h>
#include <stddef.h>
#include <sys/types.h>
#include <inttypes.h>
#include <dlfcn.h>
#include <fcntl.h>
#include <malloc.h>
#include <memory.h>
#include <netdb.h>
#include <limits.h>
#include <sys/socket.h>
#include <netinet/in.h>
#include <sys/select.h>
#include <stdint.h>
#include <stdlib.h>
#include <string.h>
#include <strings.h>
#include <sys/stat.h>
#include <sys/time.h>
#include <time.h>
#include <unistd.h>
#include <signal.h>
#include <errno.h>
#include <arpa/inet.h>
#include <arpa/nameser.h>
#include <ctype.h>
#include <dirent.h>
#include <dl.h>


int main(void){return 0;}

Determining if files stdio.h;stddef.h;sys/types.h;inttypes.h;dlfcn.h;fcntl.h;malloc.h;memory.h;netdb.h;limits.h;sys/socket.h;netinet/in.h;sys/select.h;stdint.h;stdlib.h;string.h;strings.h;sys/stat.h;sys/time.h;time.h;unistd.h;signal.h;errno.h;arpa/inet.h;arpa/nameser.h;ctype.h;dirent.h;float.h;fp_class.h exist failed with the following output:
Change Dir: /home/fenics/shared/VTK-build/VTK-Release-build/CMakeFiles/CMakeTmp

Run Build Command:"/usr/bin/make" "cmTC_8b238/fast"
/usr/bin/make -f CMakeFiles/cmTC_8b238.dir/build.make CMakeFiles/cmTC_8b238.dir/build
make[1]: Entering directory '/home/fenics/shared/VTK-build/VTK-Release-build/CMakeFiles/CMakeTmp'
Building C object CMakeFiles/cmTC_8b238.dir/CheckIncludeFiles.c.o
/usr/lib/ccache/cc  -D_GNU_SOURCE  -w -w    -o CMakeFiles/cmTC_8b238.dir/CheckIncludeFiles.c.o   -c /home/fenics/shared/VTK-build/VTK-Release-build/CMakeFiles/CMakeTmp/CheckIncludeFiles.c
/home/fenics/shared/VTK-build/VTK-Release-build/CMakeFiles/CMakeTmp/CheckIncludeFiles.c:30:22: fatal error: fp_class.h: No such file or directory
compilation terminated.
CMakeFiles/cmTC_8b238.dir/build.make:65: recipe for target 'CMakeFiles/cmTC_8b238.dir/CheckIncludeFiles.c.o' failed
make[1]: *** [CMakeFiles/cmTC_8b238.dir/CheckIncludeFiles.c.o] Error 1
make[1]: Leaving directory '/home/fenics/shared/VTK-build/VTK-Release-build/CMakeFiles/CMakeTmp'
Makefile:126: recipe for target 'cmTC_8b238/fast' failed
make: *** [cmTC_8b238/fast] Error 2

Source:
/* */
#include <stdio.h>
#include <stddef.h>
#include <sys/types.h>
#include <inttypes.h>
#include <dlfcn.h>
#include <fcntl.h>
#include <malloc.h>
#include <memory.h>
#include <netdb.h>
#include <limits.h>
#include <sys/socket.h>
#include <netinet/in.h>
#include <sys/select.h>
#include <stdint.h>
#include <stdlib.h>
#include <string.h>
#include <strings.h>
#include <sys/stat.h>
#include <sys/time.h>
#include <time.h>
#include <unistd.h>
#include <signal.h>
#include <errno.h>
#include <arpa/inet.h>
#include <arpa/nameser.h>
#include <ctype.h>
#include <dirent.h>
#include <float.h>
#include <fp_class.h>


int main(void){return 0;}

Determining if files stdio.h;stddef.h;sys/types.h;inttypes.h;dlfcn.h;fcntl.h;malloc.h;memory.h;netdb.h;limits.h;sys/socket.h;netinet/in.h;sys/select.h;stdint.h;stdlib.h;string.h;strings.h;sys/stat.h;sys/time.h;time.h;unistd.h;signal.h;errno.h;arpa/inet.h;arpa/nameser.h;ctype.h;dirent.h;float.h;ieeefp.h exist failed with the following output:
Change Dir: /home/fenics/shared/VTK-build/VTK-Release-build/CMakeFiles/CMakeTmp

Run Build Command:"/usr/bin/make" "cmTC_8570a/fast"
/usr/bin/make -f CMakeFiles/cmTC_8570a.dir/build.make CMakeFiles/cmTC_8570a.dir/build
make[1]: Entering directory '/home/fenics/shared/VTK-build/VTK-Release-build/CMakeFiles/CMakeTmp'
Building C object CMakeFiles/cmTC_8570a.dir/CheckIncludeFiles.c.o
/usr/lib/ccache/cc  -D_GNU_SOURCE  -w -w    -o CMakeFiles/cmTC_8570a.dir/CheckIncludeFiles.c.o   -c /home/fenics/shared/VTK-build/VTK-Release-build/CMakeFiles/CMakeTmp/CheckIncludeFiles.c
/home/fenics/shared/VTK-build/VTK-Release-build/CMakeFiles/CMakeTmp/CheckIncludeFiles.c:30:20: fatal error: ieeefp.h: No such file or directory
compilation terminated.
CMakeFiles/cmTC_8570a.dir/build.make:65: recipe for target 'CMakeFiles/cmTC_8570a.dir/CheckIncludeFiles.c.o' failed
make[1]: *** [CMakeFiles/cmTC_8570a.dir/CheckIncludeFiles.c.o] Error 1
make[1]: Leaving directory '/home/fenics/shared/VTK-build/VTK-Release-build/CMakeFiles/CMakeTmp'
Makefile:126: recipe for target 'cmTC_8570a/fast' failed
make: *** [cmTC_8570a/fast] Error 2

Source:
/* */
#include <stdio.h>
#include <stddef.h>
#include <sys/types.h>
#include <inttypes.h>
#include <dlfcn.h>
#include <fcntl.h>
#include <malloc.h>
#include <memory.h>
#include <netdb.h>
#include <limits.h>
#include <sys/socket.h>
#include <netinet/in.h>
#include <sys/select.h>
#include <stdint.h>
#include <stdlib.h>
#include <string.h>
#include <strings.h>
#include <sys/stat.h>
#include <sys/time.h>
#include <time.h>
#include <unistd.h>
#include <signal.h>
#include <errno.h>
#include <arpa/inet.h>
#include <arpa/nameser.h>
#include <ctype.h>
#include <dirent.h>
#include <float.h>
#include <ieeefp.h>


int main(void){return 0;}

Determining if files stdio.h;stddef.h;sys/types.h;inttypes.h;dlfcn.h;fcntl.h;malloc.h;memory.h;netdb.h;limits.h;sys/socket.h;netinet/in.h;sys/select.h;stdint.h;stdlib.h;string.h;strings.h;sys/stat.h;sys/time.h;time.h;unistd.h;signal.h;errno.h;arpa/inet.h;arpa/nameser.h;ctype.h;dirent.h;float.h;math.h;nan.h exist failed with the following output:
Change Dir: /home/fenics/shared/VTK-build/VTK-Release-build/CMakeFiles/CMakeTmp

Run Build Command:"/usr/bin/make" "cmTC_e2e53/fast"
/usr/bin/make -f CMakeFiles/cmTC_e2e53.dir/build.make CMakeFiles/cmTC_e2e53.dir/build
make[1]: Entering directory '/home/fenics/shared/VTK-build/VTK-Release-build/CMakeFiles/CMakeTmp'
Building C object CMakeFiles/cmTC_e2e53.dir/CheckIncludeFiles.c.o
/usr/lib/ccache/cc  -D_GNU_SOURCE  -w -w    -o CMakeFiles/cmTC_e2e53.dir/CheckIncludeFiles.c.o   -c /home/fenics/shared/VTK-build/VTK-Release-build/CMakeFiles/CMakeTmp/CheckIncludeFiles.c
/home/fenics/shared/VTK-build/VTK-Release-build/CMakeFiles/CMakeTmp/CheckIncludeFiles.c:31:17: fatal error: nan.h: No such file or directory
compilation terminated.
CMakeFiles/cmTC_e2e53.dir/build.make:65: recipe for target 'CMakeFiles/cmTC_e2e53.dir/CheckIncludeFiles.c.o' failed
make[1]: *** [CMakeFiles/cmTC_e2e53.dir/CheckIncludeFiles.c.o] Error 1
make[1]: Leaving directory '/home/fenics/shared/VTK-build/VTK-Release-build/CMakeFiles/CMakeTmp'
Makefile:126: recipe for target 'cmTC_e2e53/fast' failed
make: *** [cmTC_e2e53/fast] Error 2

Source:
/* */
#include <stdio.h>
#include <stddef.h>
#include <sys/types.h>
#include <inttypes.h>
#include <dlfcn.h>
#include <fcntl.h>
#include <malloc.h>
#include <memory.h>
#include <netdb.h>
#include <limits.h>
#include <sys/socket.h>
#include <netinet/in.h>
#include <sys/select.h>
#include <stdint.h>
#include <stdlib.h>
#include <string.h>
#include <strings.h>
#include <sys/stat.h>
#include <sys/time.h>
#include <time.h>
#include <unistd.h>
#include <signal.h>
#include <errno.h>
#include <arpa/inet.h>
#include <arpa/nameser.h>
#include <ctype.h>
#include <dirent.h>
#include <float.h>
#include <math.h>
#include <nan.h>


int main(void){return 0;}

Determining if files stdio.h;stddef.h;sys/types.h;inttypes.h;dlfcn.h;fcntl.h;malloc.h;memory.h;netdb.h;limits.h;sys/socket.h;netinet/in.h;sys/select.h;stdint.h;stdlib.h;string.h;strings.h;sys/stat.h;sys/time.h;time.h;unistd.h;signal.h;errno.h;arpa/inet.h;arpa/nameser.h;ctype.h;dirent.h;float.h;math.h;ndir.h exist failed with the following output:
Change Dir: /home/fenics/shared/VTK-build/VTK-Release-build/CMakeFiles/CMakeTmp

Run Build Command:"/usr/bin/make" "cmTC_256d5/fast"
/usr/bin/make -f CMakeFiles/cmTC_256d5.dir/build.make CMakeFiles/cmTC_256d5.dir/build
make[1]: Entering directory '/home/fenics/shared/VTK-build/VTK-Release-build/CMakeFiles/CMakeTmp'
Building C object CMakeFiles/cmTC_256d5.dir/CheckIncludeFiles.c.o
/usr/lib/ccache/cc  -D_GNU_SOURCE  -w -w    -o CMakeFiles/cmTC_256d5.dir/CheckIncludeFiles.c.o   -c /home/fenics/shared/VTK-build/VTK-Release-build/CMakeFiles/CMakeTmp/CheckIncludeFiles.c
/home/fenics/shared/VTK-build/VTK-Release-build/CMakeFiles/CMakeTmp/CheckIncludeFiles.c:31:18: fatal error: ndir.h: No such file or directory
compilation terminated.
CMakeFiles/cmTC_256d5.dir/build.make:65: recipe for target 'CMakeFiles/cmTC_256d5.dir/CheckIncludeFiles.c.o' failed
make[1]: *** [CMakeFiles/cmTC_256d5.dir/CheckIncludeFiles.c.o] Error 1
make[1]: Leaving directory '/home/fenics/shared/VTK-build/VTK-Release-build/CMakeFiles/CMakeTmp'
Makefile:126: recipe for target 'cmTC_256d5/fast' failed
make: *** [cmTC_256d5/fast] Error 2

Source:
/* */
#include <stdio.h>
#include <stddef.h>
#include <sys/types.h>
#include <inttypes.h>
#include <dlfcn.h>
#include <fcntl.h>
#include <malloc.h>
#include <memory.h>
#include <netdb.h>
#include <limits.h>
#include <sys/socket.h>
#include <netinet/in.h>
#include <sys/select.h>
#include <stdint.h>
#include <stdlib.h>
#include <string.h>
#include <strings.h>
#include <sys/stat.h>
#include <sys/time.h>
#include <time.h>
#include <unistd.h>
#include <signal.h>
#include <errno.h>
#include <arpa/inet.h>
#include <arpa/nameser.h>
#include <ctype.h>
#include <dirent.h>
#include <float.h>
#include <math.h>
#include <ndir.h>


int main(void){return 0;}

Determining if the fpclass exist failed with the following output:
Change Dir: /home/fenics/shared/VTK-build/VTK-Release-build/CMakeFiles/CMakeTmp

Run Build Command:"/usr/bin/make" "cmTC_7b7ce/fast"
/usr/bin/make -f CMakeFiles/cmTC_7b7ce.dir/build.make CMakeFiles/cmTC_7b7ce.dir/build
make[1]: Entering directory '/home/fenics/shared/VTK-build/VTK-Release-build/CMakeFiles/CMakeTmp'
Building C object CMakeFiles/cmTC_7b7ce.dir/CheckSymbolExists.c.o
/usr/lib/ccache/cc  -D_GNU_SOURCE  -w -w    -o CMakeFiles/cmTC_7b7ce.dir/CheckSymbolExists.c.o   -c /home/fenics/shared/VTK-build/VTK-Release-build/CMakeFiles/CMakeTmp/CheckSymbolExists.c
/home/fenics/shared/VTK-build/VTK-Release-build/CMakeFiles/CMakeTmp/CheckSymbolExists.c: In function ‘main’:
/home/fenics/shared/VTK-build/VTK-Release-build/CMakeFiles/CMakeTmp/CheckSymbolExists.c:41:19: error: ‘fpclass’ undeclared (first use in this function)
   return ((int*)(&fpclass))[argc];
                   ^
/home/fenics/shared/VTK-build/VTK-Release-build/CMakeFiles/CMakeTmp/CheckSymbolExists.c:41:19: note: each undeclared identifier is reported only once for each function it appears in
CMakeFiles/cmTC_7b7ce.dir/build.make:65: recipe for target 'CMakeFiles/cmTC_7b7ce.dir/CheckSymbolExists.c.o' failed
make[1]: *** [CMakeFiles/cmTC_7b7ce.dir/CheckSymbolExists.c.o] Error 1
make[1]: Leaving directory '/home/fenics/shared/VTK-build/VTK-Release-build/CMakeFiles/CMakeTmp'
Makefile:126: recipe for target 'cmTC_7b7ce/fast' failed
make: *** [cmTC_7b7ce/fast] Error 2

File /home/fenics/shared/VTK-build/VTK-Release-build/CMakeFiles/CMakeTmp/CheckSymbolExists.c:
/* */
#include <stdio.h>
#include <stddef.h>
#include <sys/types.h>
#include <inttypes.h>
#include <dlfcn.h>
#include <fcntl.h>
#include <malloc.h>
#include <memory.h>
#include <netdb.h>
#include <limits.h>
#include <sys/socket.h>
#include <netinet/in.h>
#include <sys/select.h>
#include <stdint.h>
#include <stdlib.h>
#include <string.h>
#include <strings.h>
#include <sys/stat.h>
#include <sys/time.h>
#include <time.h>
#include <unistd.h>
#include <signal.h>
#include <errno.h>
#include <arpa/inet.h>
#include <arpa/nameser.h>
#include <ctype.h>
#include <dirent.h>
#include <float.h>
#include <math.h>
#include <pthread.h>
#include <resolv.h>
#include <stdarg.h>
#include <sys/mman.h>
#include <sys/timeb.h>

int main(int argc, char** argv)
{
  (void)argv;
#ifndef fpclass
  return ((int*)(&fpclass))[argc];
#else
  (void)argc;
  return 0;
#endif
}

Determining if the fp_class exist failed with the following output:
Change Dir: /home/fenics/shared/VTK-build/VTK-Release-build/CMakeFiles/CMakeTmp

Run Build Command:"/usr/bin/make" "cmTC_fdf35/fast"
/usr/bin/make -f CMakeFiles/cmTC_fdf35.dir/build.make CMakeFiles/cmTC_fdf35.dir/build
make[1]: Entering directory '/home/fenics/shared/VTK-build/VTK-Release-build/CMakeFiles/CMakeTmp'
Building C object CMakeFiles/cmTC_fdf35.dir/CheckSymbolExists.c.o
/usr/lib/ccache/cc  -D_GNU_SOURCE  -w -w    -o CMakeFiles/cmTC_fdf35.dir/CheckSymbolExists.c.o   -c /home/fenics/shared/VTK-build/VTK-Release-build/CMakeFiles/CMakeTmp/CheckSymbolExists.c
/home/fenics/shared/VTK-build/VTK-Release-build/CMakeFiles/CMakeTmp/CheckSymbolExists.c: In function ‘main’:
/home/fenics/shared/VTK-build/VTK-Release-build/CMakeFiles/CMakeTmp/CheckSymbolExists.c:41:19: error: ‘fp_class’ undeclared (first use in this function)
   return ((int*)(&fp_class))[argc];
                   ^
/home/fenics/shared/VTK-build/VTK-Release-build/CMakeFiles/CMakeTmp/CheckSymbolExists.c:41:19: note: each undeclared identifier is reported only once for each function it appears in
CMakeFiles/cmTC_fdf35.dir/build.make:65: recipe for target 'CMakeFiles/cmTC_fdf35.dir/CheckSymbolExists.c.o' failed
make[1]: *** [CMakeFiles/cmTC_fdf35.dir/CheckSymbolExists.c.o] Error 1
make[1]: Leaving directory '/home/fenics/shared/VTK-build/VTK-Release-build/CMakeFiles/CMakeTmp'
Makefile:126: recipe for target 'cmTC_fdf35/fast' failed
make: *** [cmTC_fdf35/fast] Error 2

File /home/fenics/shared/VTK-build/VTK-Release-build/CMakeFiles/CMakeTmp/CheckSymbolExists.c:
/* */
#include <stdio.h>
#include <stddef.h>
#include <sys/types.h>
#include <inttypes.h>
#include <dlfcn.h>
#include <fcntl.h>
#include <malloc.h>
#include <memory.h>
#include <netdb.h>
#include <limits.h>
#include <sys/socket.h>
#include <netinet/in.h>
#include <sys/select.h>
#include <stdint.h>
#include <stdlib.h>
#include <string.h>
#include <strings.h>
#include <sys/stat.h>
#include <sys/time.h>
#include <time.h>
#include <unistd.h>
#include <signal.h>
#include <errno.h>
#include <arpa/inet.h>
#include <arpa/nameser.h>
#include <ctype.h>
#include <dirent.h>
#include <float.h>
#include <math.h>
#include <pthread.h>
#include <resolv.h>
#include <stdarg.h>
#include <sys/mman.h>
#include <sys/timeb.h>

int main(int argc, char** argv)
{
  (void)argv;
#ifndef fp_class
  return ((int*)(&fp_class))[argc];
#else
  (void)argc;
  return 0;
#endif
}

Determining if the _stat exist failed with the following output:
Change Dir: /home/fenics/shared/VTK-build/VTK-Release-build/CMakeFiles/CMakeTmp

Run Build Command:"/usr/bin/make" "cmTC_129e2/fast"
/usr/bin/make -f CMakeFiles/cmTC_129e2.dir/build.make CMakeFiles/cmTC_129e2.dir/build
make[1]: Entering directory '/home/fenics/shared/VTK-build/VTK-Release-build/CMakeFiles/CMakeTmp'
Building C object CMakeFiles/cmTC_129e2.dir/CheckSymbolExists.c.o
/usr/lib/ccache/cc  -D_GNU_SOURCE  -w -w    -o CMakeFiles/cmTC_129e2.dir/CheckSymbolExists.c.o   -c /home/fenics/shared/VTK-build/VTK-Release-build/CMakeFiles/CMakeTmp/CheckSymbolExists.c
/home/fenics/shared/VTK-build/VTK-Release-build/CMakeFiles/CMakeTmp/CheckSymbolExists.c: In function ‘main’:
/home/fenics/shared/VTK-build/VTK-Release-build/CMakeFiles/CMakeTmp/CheckSymbolExists.c:41:19: error: ‘_stat’ undeclared (first use in this function)
   return ((int*)(&_stat))[argc];
                   ^
/home/fenics/shared/VTK-build/VTK-Release-build/CMakeFiles/CMakeTmp/CheckSymbolExists.c:41:19: note: each undeclared identifier is reported only once for each function it appears in
CMakeFiles/cmTC_129e2.dir/build.make:65: recipe for target 'CMakeFiles/cmTC_129e2.dir/CheckSymbolExists.c.o' failed
make[1]: *** [CMakeFiles/cmTC_129e2.dir/CheckSymbolExists.c.o] Error 1
make[1]: Leaving directory '/home/fenics/shared/VTK-build/VTK-Release-build/CMakeFiles/CMakeTmp'
Makefile:126: recipe for target 'cmTC_129e2/fast' failed
make: *** [cmTC_129e2/fast] Error 2

File /home/fenics/shared/VTK-build/VTK-Release-build/CMakeFiles/CMakeTmp/CheckSymbolExists.c:
/* */
#include <stdio.h>
#include <stddef.h>
#include <sys/types.h>
#include <inttypes.h>
#include <dlfcn.h>
#include <fcntl.h>
#include <malloc.h>
#include <memory.h>
#include <netdb.h>
#include <limits.h>
#include <sys/socket.h>
#include <netinet/in.h>
#include <sys/select.h>
#include <stdint.h>
#include <stdlib.h>
#include <string.h>
#include <strings.h>
#include <sys/stat.h>
#include <sys/time.h>
#include <time.h>
#include <unistd.h>
#include <signal.h>
#include <errno.h>
#include <arpa/inet.h>
#include <arpa/nameser.h>
#include <ctype.h>
#include <dirent.h>
#include <float.h>
#include <math.h>
#include <pthread.h>
#include <resolv.h>
#include <stdarg.h>
#include <sys/mman.h>
#include <sys/timeb.h>

int main(int argc, char** argv)
{
  (void)argv;
#ifndef _stat
  return ((int*)(&_stat))[argc];
#else
  (void)argc;
  return 0;
#endif
}

Checking for DIR in sys/ndir.h failed to compile with the following output:
Change Dir: /home/fenics/shared/VTK-build/VTK-Release-build/ThirdParty/libxml2/vtklibxml2/CMakeFiles/CMakeTmp

Run Build Command:"/usr/bin/make" "cmTC_3ef8e/fast"
/usr/bin/make -f CMakeFiles/cmTC_3ef8e.dir/build.make CMakeFiles/cmTC_3ef8e.dir/build
make[1]: Entering directory '/home/fenics/shared/VTK-build/VTK-Release-build/ThirdParty/libxml2/vtklibxml2/CMakeFiles/CMakeTmp'
Building C object CMakeFiles/cmTC_3ef8e.dir/platformTestsC.c.o
/usr/lib/ccache/cc  -DTEST_HAVE_SYS_NDIR_H  -w -w    -o CMakeFiles/cmTC_3ef8e.dir/platformTestsC.c.o   -c /home/fenics/shared/VTK/ThirdParty/libxml2/vtklibxml2/platformTestsC.c
/home/fenics/shared/VTK/ThirdParty/libxml2/vtklibxml2/platformTestsC.c:82:22: fatal error: sys/ndir.h: No such file or directory
compilation terminated.
CMakeFiles/cmTC_3ef8e.dir/build.make:65: recipe for target 'CMakeFiles/cmTC_3ef8e.dir/platformTestsC.c.o' failed
make[1]: *** [CMakeFiles/cmTC_3ef8e.dir/platformTestsC.c.o] Error 1
make[1]: Leaving directory '/home/fenics/shared/VTK-build/VTK-Release-build/ThirdParty/libxml2/vtklibxml2/CMakeFiles/CMakeTmp'
Makefile:126: recipe for target 'cmTC_3ef8e/fast' failed
make: *** [cmTC_3ef8e/fast] Error 2


Determining if the include file io.h exists failed with the following output:
Change Dir: /home/fenics/shared/VTK-build/VTK-Release-build/CMakeFiles/CMakeTmp

Run Build Command:"/usr/bin/make" "cmTC_95636/fast"
/usr/bin/make -f CMakeFiles/cmTC_95636.dir/build.make CMakeFiles/cmTC_95636.dir/build
make[1]: Entering directory '/home/fenics/shared/VTK-build/VTK-Release-build/CMakeFiles/CMakeTmp'
Building C object CMakeFiles/cmTC_95636.dir/CheckIncludeFile.c.o
/usr/lib/ccache/cc    -w -w -Wall -Winline -W -Wformat-security -Wpointer-arith -Wdisabled-optimization -Wno-unknown-pragmas -Wdeclaration-after-statement -fstrict-aliasing    -o CMakeFiles/cmTC_95636.dir/CheckIncludeFile.c.o   -c /home/fenics/shared/VTK-build/VTK-Release-build/CMakeFiles/CMakeTmp/CheckIncludeFile.c
/home/fenics/shared/VTK-build/VTK-Release-build/CMakeFiles/CMakeTmp/CheckIncludeFile.c:1:16: fatal error: io.h: No such file or directory
compilation terminated.
CMakeFiles/cmTC_95636.dir/build.make:65: recipe for target 'CMakeFiles/cmTC_95636.dir/CheckIncludeFile.c.o' failed
make[1]: *** [CMakeFiles/cmTC_95636.dir/CheckIncludeFile.c.o] Error 1
make[1]: Leaving directory '/home/fenics/shared/VTK-build/VTK-Release-build/CMakeFiles/CMakeTmp'
Makefile:126: recipe for target 'cmTC_95636/fast' failed
make: *** [cmTC_95636/fast] Error 2


Determining if the system is big endian passed with the following output:
Change Dir: /home/fenics/shared/VTK-build/VTK-Release-build/CMakeFiles/CMakeTmp

Run Build Command:"/usr/bin/make" "cmTC_e7554/fast"
/usr/bin/make -f CMakeFiles/cmTC_e7554.dir/build.make CMakeFiles/cmTC_e7554.dir/build
make[1]: Entering directory '/home/fenics/shared/VTK-build/VTK-Release-build/CMakeFiles/CMakeTmp'
Building C object CMakeFiles/cmTC_e7554.dir/TestEndianess.c.o
/usr/lib/ccache/cc    -w -w -Wall -Winline -W -Wformat-security -Wpointer-arith -Wdisabled-optimization -Wno-unknown-pragmas -Wdeclaration-after-statement -fstrict-aliasing    -o CMakeFiles/cmTC_e7554.dir/TestEndianess.c.o   -c /home/fenics/shared/VTK-build/VTK-Release-build/CMakeFiles/CMakeTmp/TestEndianess.c
Linking C executable cmTC_e7554
/usr/bin/cmake -E cmake_link_script CMakeFiles/cmTC_e7554.dir/link.txt --verbose=1
/usr/lib/ccache/cc    -w -w -Wall -Winline -W -Wformat-security -Wpointer-arith -Wdisabled-optimization -Wno-unknown-pragmas -Wdeclaration-after-statement -fstrict-aliasing    -Wl,-lc  -Wl,-lc    CMakeFiles/cmTC_e7554.dir/TestEndianess.c.o  -o cmTC_e7554 -rdynamic 
make[1]: Leaving directory '/home/fenics/shared/VTK-build/VTK-Release-build/CMakeFiles/CMakeTmp'

TestEndianess.c:
/* A 16 bit integer is required. */
typedef unsigned short cmakeint16;

/* On a little endian machine, these 16bit ints will give "THIS IS LITTLE ENDIAN."
   On a big endian machine the characters will be exchanged pairwise. */
const cmakeint16 info_little[] =  {0x4854, 0x5349, 0x4920, 0x2053, 0x494c, 0x5454, 0x454c, 0x4520, 0x444e, 0x4149, 0x2e4e, 0x0000};

/* on a big endian machine, these 16bit ints will give "THIS IS BIG ENDIAN."
   On a little endian machine the characters will be exchanged pairwise. */
const cmakeint16 info_big[] =     {0x5448, 0x4953, 0x2049, 0x5320, 0x4249, 0x4720, 0x454e, 0x4449, 0x414e, 0x2e2e, 0x0000};

#ifdef __CLASSIC_C__
int main(argc, argv) int argc; char *argv[];
#else
int main(int argc, char *argv[])
#endif
{
  int require = 0;
  require += info_little[argc];
  require += info_big[argc];
  (void)argv;
  return require;
}


Determining if the system is big endian passed with the following output:
Change Dir: /home/fenics/shared/VTK-build/VTK-Release-build/CMakeFiles/CMakeTmp

Run Build Command:"/usr/bin/make" "cmTC_bf9b4/fast"
/usr/bin/make -f CMakeFiles/cmTC_bf9b4.dir/build.make CMakeFiles/cmTC_bf9b4.dir/build
make[1]: Entering directory '/home/fenics/shared/VTK-build/VTK-Release-build/CMakeFiles/CMakeTmp'
Building C object CMakeFiles/cmTC_bf9b4.dir/TestEndianess.c.o
/usr/lib/ccache/cc    -w -w    -o CMakeFiles/cmTC_bf9b4.dir/TestEndianess.c.o   -c /home/fenics/shared/VTK-build/VTK-Release-build/CMakeFiles/CMakeTmp/TestEndianess.c
Linking C executable cmTC_bf9b4
/usr/bin/cmake -E cmake_link_script CMakeFiles/cmTC_bf9b4.dir/link.txt --verbose=1
/usr/lib/ccache/cc    -w -w    -Wl,-lc  -Wl,-lc    CMakeFiles/cmTC_bf9b4.dir/TestEndianess.c.o  -o cmTC_bf9b4 -rdynamic 
make[1]: Leaving directory '/home/fenics/shared/VTK-build/VTK-Release-build/CMakeFiles/CMakeTmp'

TestEndianess.c:
/* A 16 bit integer is required. */
typedef unsigned short cmakeint16;

/* On a little endian machine, these 16bit ints will give "THIS IS LITTLE ENDIAN."
   On a big endian machine the characters will be exchanged pairwise. */
const cmakeint16 info_little[] =  {0x4854, 0x5349, 0x4920, 0x2053, 0x494c, 0x5454, 0x454c, 0x4520, 0x444e, 0x4149, 0x2e4e, 0x0000};

/* on a big endian machine, these 16bit ints will give "THIS IS BIG ENDIAN."
   On a little endian machine the characters will be exchanged pairwise. */
const cmakeint16 info_big[] =     {0x5448, 0x4953, 0x2049, 0x5320, 0x4249, 0x4720, 0x454e, 0x4449, 0x414e, 0x2e2e, 0x0000};

#ifdef __CLASSIC_C__
int main(argc, argv) int argc; char *argv[];
#else
int main(int argc, char *argv[])
#endif
{
  int require = 0;
  require += info_little[argc];
  require += info_big[argc];
  (void)argv;
  return require;
}


Determining if files sys/file.h;sys/ioctl.h;sys/resource.h;sys/stat.h;sys/time.h;sys/types.h;features.h;dirent.h;setjmp.h;stddef.h;stdint.h;unistd.h;io.h exist failed with the following output:
Change Dir: /home/fenics/shared/VTK-build/VTK-Release-build/CMakeFiles/CMakeTmp

Run Build Command:"/usr/bin/make" "cmTC_3ce30/fast"
/usr/bin/make -f CMakeFiles/cmTC_3ce30.dir/build.make CMakeFiles/cmTC_3ce30.dir/build
make[1]: Entering directory '/home/fenics/shared/VTK-build/VTK-Release-build/CMakeFiles/CMakeTmp'
Building C object CMakeFiles/cmTC_3ce30.dir/CheckIncludeFiles.c.o
/usr/lib/ccache/cc    -w -w    -o CMakeFiles/cmTC_3ce30.dir/CheckIncludeFiles.c.o   -c /home/fenics/shared/VTK-build/VTK-Release-build/CMakeFiles/CMakeTmp/CheckIncludeFiles.c
/home/fenics/shared/VTK-build/VTK-Release-build/CMakeFiles/CMakeTmp/CheckIncludeFiles.c:14:16: fatal error: io.h: No such file or directory
compilation terminated.
CMakeFiles/cmTC_3ce30.dir/build.make:65: recipe for target 'CMakeFiles/cmTC_3ce30.dir/CheckIncludeFiles.c.o' failed
make[1]: *** [CMakeFiles/cmTC_3ce30.dir/CheckIncludeFiles.c.o] Error 1
make[1]: Leaving directory '/home/fenics/shared/VTK-build/VTK-Release-build/CMakeFiles/CMakeTmp'
Makefile:126: recipe for target 'cmTC_3ce30/fast' failed
make: *** [cmTC_3ce30/fast] Error 2

Source:
/* */
#include <sys/file.h>
#include <sys/ioctl.h>
#include <sys/resource.h>
#include <sys/stat.h>
#include <sys/time.h>
#include <sys/types.h>
#include <features.h>
#include <dirent.h>
#include <setjmp.h>
#include <stddef.h>
#include <stdint.h>
#include <unistd.h>
#include <io.h>


int main(void){return 0;}

Determining if files sys/file.h;sys/ioctl.h;sys/resource.h;sys/stat.h;sys/time.h;sys/types.h;features.h;dirent.h;setjmp.h;stddef.h;stdint.h;unistd.h;winsock2.h exist failed with the following output:
Change Dir: /home/fenics/shared/VTK-build/VTK-Release-build/CMakeFiles/CMakeTmp

Run Build Command:"/usr/bin/make" "cmTC_c15e7/fast"
/usr/bin/make -f CMakeFiles/cmTC_c15e7.dir/build.make CMakeFiles/cmTC_c15e7.dir/build
make[1]: Entering directory '/home/fenics/shared/VTK-build/VTK-Release-build/CMakeFiles/CMakeTmp'
Building C object CMakeFiles/cmTC_c15e7.dir/CheckIncludeFiles.c.o
/usr/lib/ccache/cc    -w -w    -o CMakeFiles/cmTC_c15e7.dir/CheckIncludeFiles.c.o   -c /home/fenics/shared/VTK-build/VTK-Release-build/CMakeFiles/CMakeTmp/CheckIncludeFiles.c
/home/fenics/shared/VTK-build/VTK-Release-build/CMakeFiles/CMakeTmp/CheckIncludeFiles.c:14:22: fatal error: winsock2.h: No such file or directory
compilation terminated.
CMakeFiles/cmTC_c15e7.dir/build.make:65: recipe for target 'CMakeFiles/cmTC_c15e7.dir/CheckIncludeFiles.c.o' failed
make[1]: *** [CMakeFiles/cmTC_c15e7.dir/CheckIncludeFiles.c.o] Error 1
make[1]: Leaving directory '/home/fenics/shared/VTK-build/VTK-Release-build/CMakeFiles/CMakeTmp'
Makefile:126: recipe for target 'cmTC_c15e7/fast' failed
make: *** [cmTC_c15e7/fast] Error 2

Source:
/* */
#include <sys/file.h>
#include <sys/ioctl.h>
#include <sys/resource.h>
#include <sys/stat.h>
#include <sys/time.h>
#include <sys/types.h>
#include <features.h>
#include <dirent.h>
#include <setjmp.h>
#include <stddef.h>
#include <stdint.h>
#include <unistd.h>
#include <winsock2.h>


int main(void){return 0;}

Determining size of __int64 failed with the following output:
Change Dir: /home/fenics/shared/VTK-build/VTK-Release-build/CMakeFiles/CMakeTmp

Run Build Command:"/usr/bin/make" "cmTC_0c393/fast"
/usr/bin/make -f CMakeFiles/cmTC_0c393.dir/build.make CMakeFiles/cmTC_0c393.dir/build
make[1]: Entering directory '/home/fenics/shared/VTK-build/VTK-Release-build/CMakeFiles/CMakeTmp'
Building C object CMakeFiles/cmTC_0c393.dir/H5_SIZEOF___INT64.c.o
/usr/lib/ccache/cc  -D_FILE_OFFSET_BITS=64 -D_LARGEFILE64_SOURCE -D_LARGEFILE_SOURCE  -w -w    -o CMakeFiles/cmTC_0c393.dir/H5_SIZEOF___INT64.c.o   -c /home/fenics/shared/VTK-build/VTK-Release-build/CMakeFiles/CheckTypeSize/H5_SIZEOF___INT64.c
/home/fenics/shared/VTK-build/VTK-Release-build/CMakeFiles/CheckTypeSize/H5_SIZEOF___INT64.c:19:20: error: ‘__int64’ undeclared here (not in a function)
   ('0' + ((SIZE / 10000)%10)),
                    ^
CMakeFiles/cmTC_0c393.dir/build.make:65: recipe for target 'CMakeFiles/cmTC_0c393.dir/H5_SIZEOF___INT64.c.o' failed
make[1]: *** [CMakeFiles/cmTC_0c393.dir/H5_SIZEOF___INT64.c.o] Error 1
make[1]: Leaving directory '/home/fenics/shared/VTK-build/VTK-Release-build/CMakeFiles/CMakeTmp'
Makefile:126: recipe for target 'cmTC_0c393/fast' failed
make: *** [cmTC_0c393/fast] Error 2

/home/fenics/shared/VTK-build/VTK-Release-build/CMakeFiles/CheckTypeSize/H5_SIZEOF___INT64.c:
#include <sys/types.h>
#include <stdint.h>
#include <stddef.h>


#undef KEY
#if defined(__i386)
# define KEY '_','_','i','3','8','6'
#elif defined(__x86_64)
# define KEY '_','_','x','8','6','_','6','4'
#elif defined(__ppc__)
# define KEY '_','_','p','p','c','_','_'
#elif defined(__ppc64__)
# define KEY '_','_','p','p','c','6','4','_','_'
#endif

#define SIZE (sizeof(__int64))
char info_size[] =  {'I', 'N', 'F', 'O', ':', 's','i','z','e','[',
  ('0' + ((SIZE / 10000)%10)),
  ('0' + ((SIZE / 1000)%10)),
  ('0' + ((SIZE / 100)%10)),
  ('0' + ((SIZE / 10)%10)),
  ('0' +  (SIZE    % 10)),
  ']',
#ifdef KEY
  ' ','k','e','y','[', KEY, ']',
#endif
  '\0'};

#ifdef __CLASSIC_C__
int main(argc, argv) int argc; char *argv[];
#else
int main(int argc, char *argv[])
#endif
{
  int require = 0;
  require += info_size[argc];
  (void)argv;
  return require;
}


Performing Other Test HAVE___TM_GMTOFF failed with the following output:
Change Dir: /home/fenics/shared/VTK-build/VTK-Release-build/CMakeFiles/CMakeTmp

Run Build Command:"/usr/bin/make" "cmTC_6cec3/fast"
/usr/bin/make -f CMakeFiles/cmTC_6cec3.dir/build.make CMakeFiles/cmTC_6cec3.dir/build
make[1]: Entering directory '/home/fenics/shared/VTK-build/VTK-Release-build/CMakeFiles/CMakeTmp'
Building C object CMakeFiles/cmTC_6cec3.dir/HDFTests.c.o
/usr/lib/ccache/cc    -w -w -DHAVE___TM_GMTOFF  -DHAVE_SYS_TIME_H -DHAVE_UNISTD_H -DHAVE_SYS_TYPES_H -D_FILE_OFFSET_BITS=64 -D_LARGEFILE64_SOURCE -D_LARGEFILE_SOURCE   -o CMakeFiles/cmTC_6cec3.dir/HDFTests.c.o   -c /home/fenics/shared/VTK/ThirdParty/hdf5/vtkhdf5/config/cmake_ext_mod/HDFTests.c
/home/fenics/shared/VTK/ThirdParty/hdf5/vtkhdf5/config/cmake_ext_mod/HDFTests.c: In function ‘main’:
/home/fenics/shared/VTK/ThirdParty/hdf5/vtkhdf5/config/cmake_ext_mod/HDFTests.c:156:29: error: ‘struct tm’ has no member named ‘__tm_gmtoff’
 SIMPLE_TEST(struct tm tm; tm.__tm_gmtoff=0);
                             ^
CMakeFiles/cmTC_6cec3.dir/build.make:65: recipe for target 'CMakeFiles/cmTC_6cec3.dir/HDFTests.c.o' failed
make[1]: *** [CMakeFiles/cmTC_6cec3.dir/HDFTests.c.o] Error 1
make[1]: Leaving directory '/home/fenics/shared/VTK-build/VTK-Release-build/CMakeFiles/CMakeTmp'
Makefile:126: recipe for target 'cmTC_6cec3/fast' failed
make: *** [cmTC_6cec3/fast] Error 2

Performing Other Test HAVE_TM_ZONE failed with the following output:
Change Dir: /home/fenics/shared/VTK-build/VTK-Release-build/CMakeFiles/CMakeTmp

Run Build Command:"/usr/bin/make" "cmTC_2a91d/fast"
/usr/bin/make -f CMakeFiles/cmTC_2a91d.dir/build.make CMakeFiles/cmTC_2a91d.dir/build
make[1]: Entering directory '/home/fenics/shared/VTK-build/VTK-Release-build/CMakeFiles/CMakeTmp'
Building C object CMakeFiles/cmTC_2a91d.dir/HDFTests.c.o
/usr/lib/ccache/cc    -w -w -DHAVE_TM_ZONE  -DHAVE_SYS_TIME_H -DHAVE_UNISTD_H -DHAVE_SYS_TYPES_H -D_FILE_OFFSET_BITS=64 -D_LARGEFILE64_SOURCE -D_LARGEFILE_SOURCE   -o CMakeFiles/cmTC_2a91d.dir/HDFTests.c.o   -c /home/fenics/shared/VTK/ThirdParty/hdf5/vtkhdf5/config/cmake_ext_mod/HDFTests.c
Linking C executable cmTC_2a91d
/usr/bin/cmake -E cmake_link_script CMakeFiles/cmTC_2a91d.dir/link.txt --verbose=1
/usr/lib/ccache/cc    -w -w -DHAVE_TM_ZONE  -DHAVE_SYS_TIME_H -DHAVE_UNISTD_H -DHAVE_SYS_TYPES_H -D_FILE_OFFSET_BITS=64 -D_LARGEFILE64_SOURCE -D_LARGEFILE_SOURCE   -Wl,-lc  -Wl,-lc    CMakeFiles/cmTC_2a91d.dir/HDFTests.c.o  -o cmTC_2a91d -rdynamic 
/usr/lib/gcc/x86_64-linux-gnu/5/../../../x86_64-linux-gnu/crt1.o: In function `_start':
(.text+0x20): undefined reference to `main'
collect2: error: ld returned 1 exit status
CMakeFiles/cmTC_2a91d.dir/build.make:97: recipe for target 'cmTC_2a91d' failed
make[1]: *** [cmTC_2a91d] Error 1
make[1]: Leaving directory '/home/fenics/shared/VTK-build/VTK-Release-build/CMakeFiles/CMakeTmp'
Makefile:126: recipe for target 'cmTC_2a91d/fast' failed
make: *** [cmTC_2a91d/fast] Error 2

Performing Other Test HAVE_STRUCT_TM_TM_ZONE failed with the following output:
Change Dir: /home/fenics/shared/VTK-build/VTK-Release-build/CMakeFiles/CMakeTmp

Run Build Command:"/usr/bin/make" "cmTC_4da66/fast"
/usr/bin/make -f CMakeFiles/cmTC_4da66.dir/build.make CMakeFiles/cmTC_4da66.dir/build
make[1]: Entering directory '/home/fenics/shared/VTK-build/VTK-Release-build/CMakeFiles/CMakeTmp'
Building C object CMakeFiles/cmTC_4da66.dir/HDFTests.c.o
/usr/lib/ccache/cc    -w -w -DHAVE_STRUCT_TM_TM_ZONE  -DHAVE_SYS_TIME_H -DHAVE_UNISTD_H -DHAVE_SYS_TYPES_H -D_FILE_OFFSET_BITS=64 -D_LARGEFILE64_SOURCE -D_LARGEFILE_SOURCE   -o CMakeFiles/cmTC_4da66.dir/HDFTests.c.o   -c /home/fenics/shared/VTK/ThirdParty/hdf5/vtkhdf5/config/cmake_ext_mod/HDFTests.c
Linking C executable cmTC_4da66
/usr/bin/cmake -E cmake_link_script CMakeFiles/cmTC_4da66.dir/link.txt --verbose=1
/usr/lib/ccache/cc    -w -w -DHAVE_STRUCT_TM_TM_ZONE  -DHAVE_SYS_TIME_H -DHAVE_UNISTD_H -DHAVE_SYS_TYPES_H -D_FILE_OFFSET_BITS=64 -D_LARGEFILE64_SOURCE -D_LARGEFILE_SOURCE   -Wl,-lc  -Wl,-lc    CMakeFiles/cmTC_4da66.dir/HDFTests.c.o  -o cmTC_4da66 -rdynamic 
/usr/lib/gcc/x86_64-linux-gnu/5/../../../x86_64-linux-gnu/crt1.o: In function `_start':
(.text+0x20): undefined reference to `main'
collect2: error: ld returned 1 exit status
CMakeFiles/cmTC_4da66.dir/build.make:97: recipe for target 'cmTC_4da66' failed
make[1]: *** [cmTC_4da66] Error 1
make[1]: Leaving directory '/home/fenics/shared/VTK-build/VTK-Release-build/CMakeFiles/CMakeTmp'
Makefile:126: recipe for target 'cmTC_4da66/fast' failed
make: *** [cmTC_4da66/fast] Error 2

Performing Other Test HAVE_STRUCT_VIDEOCONFIG failed with the following output:
Change Dir: /home/fenics/shared/VTK-build/VTK-Release-build/CMakeFiles/CMakeTmp

Run Build Command:"/usr/bin/make" "cmTC_59914/fast"
/usr/bin/make -f CMakeFiles/cmTC_59914.dir/build.make CMakeFiles/cmTC_59914.dir/build
make[1]: Entering directory '/home/fenics/shared/VTK-build/VTK-Release-build/CMakeFiles/CMakeTmp'
Building C object CMakeFiles/cmTC_59914.dir/HDFTests.c.o
/usr/lib/ccache/cc    -w -w -DHAVE_STRUCT_VIDEOCONFIG  -DHAVE_SYS_TIME_H -DHAVE_UNISTD_H -DHAVE_SYS_TYPES_H -D_FILE_OFFSET_BITS=64 -D_LARGEFILE64_SOURCE -D_LARGEFILE_SOURCE   -o CMakeFiles/cmTC_59914.dir/HDFTests.c.o   -c /home/fenics/shared/VTK/ThirdParty/hdf5/vtkhdf5/config/cmake_ext_mod/HDFTests.c
/home/fenics/shared/VTK/ThirdParty/hdf5/vtkhdf5/config/cmake_ext_mod/HDFTests.c: In function ‘main’:
/home/fenics/shared/VTK/ThirdParty/hdf5/vtkhdf5/config/cmake_ext_mod/HDFTests.c:412:32: error: storage size of ‘w’ isn’t known
 SIMPLE_TEST(struct videoconfig w; w.numtextcols=0);
                                ^
CMakeFiles/cmTC_59914.dir/build.make:65: recipe for target 'CMakeFiles/cmTC_59914.dir/HDFTests.c.o' failed
make[1]: *** [CMakeFiles/cmTC_59914.dir/HDFTests.c.o] Error 1
make[1]: Leaving directory '/home/fenics/shared/VTK-build/VTK-Release-build/CMakeFiles/CMakeTmp'
Makefile:126: recipe for target 'cmTC_59914/fast' failed
make: *** [cmTC_59914/fast] Error 2

Performing Other Test HAVE_STRUCT_TEXT_INFO failed with the following output:
Change Dir: /home/fenics/shared/VTK-build/VTK-Release-build/CMakeFiles/CMakeTmp

Run Build Command:"/usr/bin/make" "cmTC_a0eed/fast"
/usr/bin/make -f CMakeFiles/cmTC_a0eed.dir/build.make CMakeFiles/cmTC_a0eed.dir/build
make[1]: Entering directory '/home/fenics/shared/VTK-build/VTK-Release-build/CMakeFiles/CMakeTmp'
Building C object CMakeFiles/cmTC_a0eed.dir/HDFTests.c.o
/usr/lib/ccache/cc    -w -w -DHAVE_STRUCT_TEXT_INFO  -DHAVE_SYS_TIME_H -DHAVE_UNISTD_H -DHAVE_SYS_TYPES_H -D_FILE_OFFSET_BITS=64 -D_LARGEFILE64_SOURCE -D_LARGEFILE_SOURCE   -o CMakeFiles/cmTC_a0eed.dir/HDFTests.c.o   -c /home/fenics/shared/VTK/ThirdParty/hdf5/vtkhdf5/config/cmake_ext_mod/HDFTests.c
/home/fenics/shared/VTK/ThirdParty/hdf5/vtkhdf5/config/cmake_ext_mod/HDFTests.c: In function ‘main’:
/home/fenics/shared/VTK/ThirdParty/hdf5/vtkhdf5/config/cmake_ext_mod/HDFTests.c:418:30: error: storage size of ‘w’ isn’t known
 SIMPLE_TEST(struct text_info w; w.screenwidth=0);
                              ^
CMakeFiles/cmTC_a0eed.dir/build.make:65: recipe for target 'CMakeFiles/cmTC_a0eed.dir/HDFTests.c.o' failed
make[1]: *** [CMakeFiles/cmTC_a0eed.dir/HDFTests.c.o] Error 1
make[1]: Leaving directory '/home/fenics/shared/VTK-build/VTK-Release-build/CMakeFiles/CMakeTmp'
Makefile:126: recipe for target 'cmTC_a0eed/fast' failed
make: *** [cmTC_a0eed/fast] Error 2

Determining if the function _getvideoconfig exists failed with the following output:
Change Dir: /home/fenics/shared/VTK-build/VTK-Release-build/CMakeFiles/CMakeTmp

Run Build Command:"/usr/bin/make" "cmTC_6824e/fast"
/usr/bin/make -f CMakeFiles/cmTC_6824e.dir/build.make CMakeFiles/cmTC_6824e.dir/build
make[1]: Entering directory '/home/fenics/shared/VTK-build/VTK-Release-build/CMakeFiles/CMakeTmp'
Building C object CMakeFiles/cmTC_6824e.dir/CheckFunctionExists.c.o
/usr/lib/ccache/cc  -D_FILE_OFFSET_BITS=64 -D_LARGEFILE64_SOURCE -D_LARGEFILE_SOURCE  -w -w -DCHECK_FUNCTION_EXISTS=_getvideoconfig   -o CMakeFiles/cmTC_6824e.dir/CheckFunctionExists.c.o   -c /usr/share/cmake-3.5/Modules/CheckFunctionExists.c
Linking C executable cmTC_6824e
/usr/bin/cmake -E cmake_link_script CMakeFiles/cmTC_6824e.dir/link.txt --verbose=1
/usr/lib/ccache/cc    -w -w -DCHECK_FUNCTION_EXISTS=_getvideoconfig   -Wl,-lc  -Wl,-lc    CMakeFiles/cmTC_6824e.dir/CheckFunctionExists.c.o  -o cmTC_6824e -rdynamic 
CMakeFiles/cmTC_6824e.dir/CheckFunctionExists.c.o: In function `main':
CheckFunctionExists.c:(.text+0x15): undefined reference to `_getvideoconfig'
collect2: error: ld returned 1 exit status
CMakeFiles/cmTC_6824e.dir/build.make:97: recipe for target 'cmTC_6824e' failed
make[1]: *** [cmTC_6824e] Error 1
make[1]: Leaving directory '/home/fenics/shared/VTK-build/VTK-Release-build/CMakeFiles/CMakeTmp'
Makefile:126: recipe for target 'cmTC_6824e/fast' failed
make: *** [cmTC_6824e/fast] Error 2


Determining if the function gettextinfo exists failed with the following output:
Change Dir: /home/fenics/shared/VTK-build/VTK-Release-build/CMakeFiles/CMakeTmp

Run Build Command:"/usr/bin/make" "cmTC_b4738/fast"
/usr/bin/make -f CMakeFiles/cmTC_b4738.dir/build.make CMakeFiles/cmTC_b4738.dir/build
make[1]: Entering directory '/home/fenics/shared/VTK-build/VTK-Release-build/CMakeFiles/CMakeTmp'
Building C object CMakeFiles/cmTC_b4738.dir/CheckFunctionExists.c.o
/usr/lib/ccache/cc  -D_FILE_OFFSET_BITS=64 -D_LARGEFILE64_SOURCE -D_LARGEFILE_SOURCE  -w -w -DCHECK_FUNCTION_EXISTS=gettextinfo   -o CMakeFiles/cmTC_b4738.dir/CheckFunctionExists.c.o   -c /usr/share/cmake-3.5/Modules/CheckFunctionExists.c
Linking C executable cmTC_b4738
/usr/bin/cmake -E cmake_link_script CMakeFiles/cmTC_b4738.dir/link.txt --verbose=1
/usr/lib/ccache/cc    -w -w -DCHECK_FUNCTION_EXISTS=gettextinfo   -Wl,-lc  -Wl,-lc    CMakeFiles/cmTC_b4738.dir/CheckFunctionExists.c.o  -o cmTC_b4738 -rdynamic 
CMakeFiles/cmTC_b4738.dir/CheckFunctionExists.c.o: In function `main':
CheckFunctionExists.c:(.text+0x15): undefined reference to `gettextinfo'
collect2: error: ld returned 1 exit status
CMakeFiles/cmTC_b4738.dir/build.make:97: recipe for target 'cmTC_b4738' failed
make[1]: *** [cmTC_b4738] Error 1
make[1]: Leaving directory '/home/fenics/shared/VTK-build/VTK-Release-build/CMakeFiles/CMakeTmp'
Makefile:126: recipe for target 'cmTC_b4738/fast' failed
make: *** [cmTC_b4738/fast] Error 2


Determining if the function _scrsize exists failed with the following output:
Change Dir: /home/fenics/shared/VTK-build/VTK-Release-build/CMakeFiles/CMakeTmp

Run Build Command:"/usr/bin/make" "cmTC_e8026/fast"
/usr/bin/make -f CMakeFiles/cmTC_e8026.dir/build.make CMakeFiles/cmTC_e8026.dir/build
make[1]: Entering directory '/home/fenics/shared/VTK-build/VTK-Release-build/CMakeFiles/CMakeTmp'
Building C object CMakeFiles/cmTC_e8026.dir/CheckFunctionExists.c.o
/usr/lib/ccache/cc  -D_FILE_OFFSET_BITS=64 -D_LARGEFILE64_SOURCE -D_LARGEFILE_SOURCE  -w -w -DCHECK_FUNCTION_EXISTS=_scrsize   -o CMakeFiles/cmTC_e8026.dir/CheckFunctionExists.c.o   -c /usr/share/cmake-3.5/Modules/CheckFunctionExists.c
Linking C executable cmTC_e8026
/usr/bin/cmake -E cmake_link_script CMakeFiles/cmTC_e8026.dir/link.txt --verbose=1
/usr/lib/ccache/cc    -w -w -DCHECK_FUNCTION_EXISTS=_scrsize   -Wl,-lc  -Wl,-lc    CMakeFiles/cmTC_e8026.dir/CheckFunctionExists.c.o  -o cmTC_e8026 -rdynamic 
CMakeFiles/cmTC_e8026.dir/CheckFunctionExists.c.o: In function `main':
CheckFunctionExists.c:(.text+0x15): undefined reference to `_scrsize'
collect2: error: ld returned 1 exit status
CMakeFiles/cmTC_e8026.dir/build.make:97: recipe for target 'cmTC_e8026' failed
make[1]: *** [cmTC_e8026] Error 1
make[1]: Leaving directory '/home/fenics/shared/VTK-build/VTK-Release-build/CMakeFiles/CMakeTmp'
Makefile:126: recipe for target 'cmTC_e8026/fast' failed
make: *** [cmTC_e8026/fast] Error 2


Determining if the function GetConsoleScreenBufferInfo exists failed with the following output:
Change Dir: /home/fenics/shared/VTK-build/VTK-Release-build/CMakeFiles/CMakeTmp

Run Build Command:"/usr/bin/make" "cmTC_16468/fast"
/usr/bin/make -f CMakeFiles/cmTC_16468.dir/build.make CMakeFiles/cmTC_16468.dir/build
make[1]: Entering directory '/home/fenics/shared/VTK-build/VTK-Release-build/CMakeFiles/CMakeTmp'
Building C object CMakeFiles/cmTC_16468.dir/CheckFunctionExists.c.o
/usr/lib/ccache/cc  -D_FILE_OFFSET_BITS=64 -D_LARGEFILE64_SOURCE -D_LARGEFILE_SOURCE  -w -w -DCHECK_FUNCTION_EXISTS=GetConsoleScreenBufferInfo   -o CMakeFiles/cmTC_16468.dir/CheckFunctionExists.c.o   -c /usr/share/cmake-3.5/Modules/CheckFunctionExists.c
Linking C executable cmTC_16468
/usr/bin/cmake -E cmake_link_script CMakeFiles/cmTC_16468.dir/link.txt --verbose=1
/usr/lib/ccache/cc    -w -w -DCHECK_FUNCTION_EXISTS=GetConsoleScreenBufferInfo   -Wl,-lc  -Wl,-lc    CMakeFiles/cmTC_16468.dir/CheckFunctionExists.c.o  -o cmTC_16468 -rdynamic 
CMakeFiles/cmTC_16468.dir/CheckFunctionExists.c.o: In function `main':
CheckFunctionExists.c:(.text+0x15): undefined reference to `GetConsoleScreenBufferInfo'
collect2: error: ld returned 1 exit status
CMakeFiles/cmTC_16468.dir/build.make:97: recipe for target 'cmTC_16468' failed
make[1]: *** [cmTC_16468] Error 1
make[1]: Leaving directory '/home/fenics/shared/VTK-build/VTK-Release-build/CMakeFiles/CMakeTmp'
Makefile:126: recipe for target 'cmTC_16468/fast' failed
make: *** [cmTC_16468/fast] Error 2


Determining if the function setsysinfo exists failed with the following output:
Change Dir: /home/fenics/shared/VTK-build/VTK-Release-build/CMakeFiles/CMakeTmp

Run Build Command:"/usr/bin/make" "cmTC_ba386/fast"
/usr/bin/make -f CMakeFiles/cmTC_ba386.dir/build.make CMakeFiles/cmTC_ba386.dir/build
make[1]: Entering directory '/home/fenics/shared/VTK-build/VTK-Release-build/CMakeFiles/CMakeTmp'
Building C object CMakeFiles/cmTC_ba386.dir/CheckFunctionExists.c.o
/usr/lib/ccache/cc  -D_FILE_OFFSET_BITS=64 -D_LARGEFILE64_SOURCE -D_LARGEFILE_SOURCE  -w -w -DCHECK_FUNCTION_EXISTS=setsysinfo   -o CMakeFiles/cmTC_ba386.dir/CheckFunctionExists.c.o   -c /usr/share/cmake-3.5/Modules/CheckFunctionExists.c
Linking C executable cmTC_ba386
/usr/bin/cmake -E cmake_link_script CMakeFiles/cmTC_ba386.dir/link.txt --verbose=1
/usr/lib/ccache/cc    -w -w -DCHECK_FUNCTION_EXISTS=setsysinfo   -Wl,-lc  -Wl,-lc    CMakeFiles/cmTC_ba386.dir/CheckFunctionExists.c.o  -o cmTC_ba386 -rdynamic 
CMakeFiles/cmTC_ba386.dir/CheckFunctionExists.c.o: In function `main':
CheckFunctionExists.c:(.text+0x15): undefined reference to `setsysinfo'
collect2: error: ld returned 1 exit status
CMakeFiles/cmTC_ba386.dir/build.make:97: recipe for target 'cmTC_ba386' failed
make[1]: *** [cmTC_ba386] Error 1
make[1]: Leaving directory '/home/fenics/shared/VTK-build/VTK-Release-build/CMakeFiles/CMakeTmp'
Makefile:126: recipe for target 'cmTC_ba386/fast' failed
make: *** [cmTC_ba386/fast] Error 2


Determining if the function sigsetjmp exists failed with the following output:
Change Dir: /home/fenics/shared/VTK-build/VTK-Release-build/CMakeFiles/CMakeTmp

Run Build Command:"/usr/bin/make" "cmTC_0e4e4/fast"
/usr/bin/make -f CMakeFiles/cmTC_0e4e4.dir/build.make CMakeFiles/cmTC_0e4e4.dir/build
make[1]: Entering directory '/home/fenics/shared/VTK-build/VTK-Release-build/CMakeFiles/CMakeTmp'
Building C object CMakeFiles/cmTC_0e4e4.dir/CheckFunctionExists.c.o
/usr/lib/ccache/cc  -D_FILE_OFFSET_BITS=64 -D_LARGEFILE64_SOURCE -D_LARGEFILE_SOURCE  -w -w -DCHECK_FUNCTION_EXISTS=sigsetjmp   -o CMakeFiles/cmTC_0e4e4.dir/CheckFunctionExists.c.o   -c /usr/share/cmake-3.5/Modules/CheckFunctionExists.c
Linking C executable cmTC_0e4e4
/usr/bin/cmake -E cmake_link_script CMakeFiles/cmTC_0e4e4.dir/link.txt --verbose=1
/usr/lib/ccache/cc    -w -w -DCHECK_FUNCTION_EXISTS=sigsetjmp   -Wl,-lc  -Wl,-lc    CMakeFiles/cmTC_0e4e4.dir/CheckFunctionExists.c.o  -o cmTC_0e4e4 -rdynamic 
CMakeFiles/cmTC_0e4e4.dir/CheckFunctionExists.c.o: In function `main':
CheckFunctionExists.c:(.text+0x15): undefined reference to `sigsetjmp'
collect2: error: ld returned 1 exit status
CMakeFiles/cmTC_0e4e4.dir/build.make:97: recipe for target 'cmTC_0e4e4' failed
make[1]: *** [cmTC_0e4e4] Error 1
make[1]: Leaving directory '/home/fenics/shared/VTK-build/VTK-Release-build/CMakeFiles/CMakeTmp'
Makefile:126: recipe for target 'cmTC_0e4e4/fast' failed
make: *** [cmTC_0e4e4/fast] Error 2


Test H5_LDOUBLE_TO_LONG_SPECIAL Run failed with the following output and exit code:
 Change Dir: /home/fenics/shared/VTK-build/VTK-Release-build/CMakeFiles/CMakeTmp

Run Build Command:"/usr/bin/make" "cmTC_74607/fast"
/usr/bin/make -f CMakeFiles/cmTC_74607.dir/build.make CMakeFiles/cmTC_74607.dir/build
make[1]: Entering directory '/home/fenics/shared/VTK-build/VTK-Release-build/CMakeFiles/CMakeTmp'
Building C object CMakeFiles/cmTC_74607.dir/ConversionTests.c.o
/usr/lib/ccache/cc    -w -w -DH5_LDOUBLE_TO_LONG_SPECIAL_TEST   -o CMakeFiles/cmTC_74607.dir/ConversionTests.c.o   -c /home/fenics/shared/VTK/ThirdParty/hdf5/vtkhdf5/config/cmake/ConversionTests.c
Linking C executable cmTC_74607
/usr/bin/cmake -E cmake_link_script CMakeFiles/cmTC_74607.dir/link.txt --verbose=1
/usr/lib/ccache/cc    -w -w -DH5_LDOUBLE_TO_LONG_SPECIAL_TEST   -Wl,-lc  -Wl,-lc    CMakeFiles/cmTC_74607.dir/ConversionTests.c.o  -o cmTC_74607 -rdynamic 
make[1]: Leaving directory '/home/fenics/shared/VTK-build/VTK-Release-build/CMakeFiles/CMakeTmp'

Test H5_LONG_TO_LDOUBLE_SPECIAL Run failed with the following output and exit code:
 Change Dir: /home/fenics/shared/VTK-build/VTK-Release-build/CMakeFiles/CMakeTmp

Run Build Command:"/usr/bin/make" "cmTC_8facc/fast"
/usr/bin/make -f CMakeFiles/cmTC_8facc.dir/build.make CMakeFiles/cmTC_8facc.dir/build
make[1]: Entering directory '/home/fenics/shared/VTK-build/VTK-Release-build/CMakeFiles/CMakeTmp'
Building C object CMakeFiles/cmTC_8facc.dir/ConversionTests.c.o
/usr/lib/ccache/cc    -w -w -DH5_LONG_TO_LDOUBLE_SPECIAL_TEST   -o CMakeFiles/cmTC_8facc.dir/ConversionTests.c.o   -c /home/fenics/shared/VTK/ThirdParty/hdf5/vtkhdf5/config/cmake/ConversionTests.c
Linking C executable cmTC_8facc
/usr/bin/cmake -E cmake_link_script CMakeFiles/cmTC_8facc.dir/link.txt --verbose=1
/usr/lib/ccache/cc    -w -w -DH5_LONG_TO_LDOUBLE_SPECIAL_TEST   -Wl,-lc  -Wl,-lc    CMakeFiles/cmTC_8facc.dir/ConversionTests.c.o  -o cmTC_8facc -rdynamic 
make[1]: Leaving directory '/home/fenics/shared/VTK-build/VTK-Release-build/CMakeFiles/CMakeTmp'

Determining if the strlcat exist failed with the following output:
Change Dir: /home/fenics/shared/VTK-build/VTK-Release-build/CMakeFiles/CMakeTmp

Run Build Command:"/usr/bin/make" "cmTC_dea9a/fast"
/usr/bin/make -f CMakeFiles/cmTC_dea9a.dir/build.make CMakeFiles/cmTC_dea9a.dir/build
make[1]: Entering directory '/home/fenics/shared/VTK-build/VTK-Release-build/CMakeFiles/CMakeTmp'
Building C object CMakeFiles/cmTC_dea9a.dir/CheckSymbolExists.c.o
/usr/lib/ccache/cc    -w -w    -o CMakeFiles/cmTC_dea9a.dir/CheckSymbolExists.c.o   -c /home/fenics/shared/VTK-build/VTK-Release-build/CMakeFiles/CMakeTmp/CheckSymbolExists.c
/home/fenics/shared/VTK-build/VTK-Release-build/CMakeFiles/CMakeTmp/CheckSymbolExists.c: In function ‘main’:
/home/fenics/shared/VTK-build/VTK-Release-build/CMakeFiles/CMakeTmp/CheckSymbolExists.c:8:19: error: ‘strlcat’ undeclared (first use in this function)
   return ((int*)(&strlcat))[argc];
                   ^
/home/fenics/shared/VTK-build/VTK-Release-build/CMakeFiles/CMakeTmp/CheckSymbolExists.c:8:19: note: each undeclared identifier is reported only once for each function it appears in
CMakeFiles/cmTC_dea9a.dir/build.make:65: recipe for target 'CMakeFiles/cmTC_dea9a.dir/CheckSymbolExists.c.o' failed
make[1]: *** [CMakeFiles/cmTC_dea9a.dir/CheckSymbolExists.c.o] Error 1
make[1]: Leaving directory '/home/fenics/shared/VTK-build/VTK-Release-build/CMakeFiles/CMakeTmp'
Makefile:126: recipe for target 'cmTC_dea9a/fast' failed
make: *** [cmTC_dea9a/fast] Error 2

File /home/fenics/shared/VTK-build/VTK-Release-build/CMakeFiles/CMakeTmp/CheckSymbolExists.c:
/* */
#include <string.h>

int main(int argc, char** argv)
{
  (void)argv;
#ifndef strlcat
  return ((int*)(&strlcat))[argc];
#else
  (void)argc;
  return 0;
#endif
}

Determining if the st_blocksize exist failed with the following output:
Change Dir: /home/fenics/shared/VTK-build/VTK-Release-build/CMakeFiles/CMakeTmp

Run Build Command:"/usr/bin/make" "cmTC_292e2/fast"
/usr/bin/make -f CMakeFiles/cmTC_292e2.dir/build.make CMakeFiles/cmTC_292e2.dir/build
make[1]: Entering directory '/home/fenics/shared/VTK-build/VTK-Release-build/CMakeFiles/CMakeTmp'
Building C object CMakeFiles/cmTC_292e2.dir/CheckSymbolExists.c.o
/usr/lib/ccache/cc    -w -w    -o CMakeFiles/cmTC_292e2.dir/CheckSymbolExists.c.o   -c /home/fenics/shared/VTK-build/VTK-Release-build/CMakeFiles/CMakeTmp/CheckSymbolExists.c
/home/fenics/shared/VTK-build/VTK-Release-build/CMakeFiles/CMakeTmp/CheckSymbolExists.c: In function ‘main’:
/home/fenics/shared/VTK-build/VTK-Release-build/CMakeFiles/CMakeTmp/CheckSymbolExists.c:8:19: error: ‘st_blocksize’ undeclared (first use in this function)
   return ((int*)(&st_blocksize))[argc];
                   ^
/home/fenics/shared/VTK-build/VTK-Release-build/CMakeFiles/CMakeTmp/CheckSymbolExists.c:8:19: note: each undeclared identifier is reported only once for each function it appears in
CMakeFiles/cmTC_292e2.dir/build.make:65: recipe for target 'CMakeFiles/cmTC_292e2.dir/CheckSymbolExists.c.o' failed
make[1]: *** [CMakeFiles/cmTC_292e2.dir/CheckSymbolExists.c.o] Error 1
make[1]: Leaving directory '/home/fenics/shared/VTK-build/VTK-Release-build/CMakeFiles/CMakeTmp'
Makefile:126: recipe for target 'cmTC_292e2/fast' failed
make: *** [cmTC_292e2/fast] Error 2

File /home/fenics/shared/VTK-build/VTK-Release-build/CMakeFiles/CMakeTmp/CheckSymbolExists.c:
/* */
#include <sys/stat.h>

int main(int argc, char** argv)
{
  (void)argv;
#ifndef st_blocksize
  return ((int*)(&st_blocksize))[argc];
#else
  (void)argc;
  return 0;
#endif
}

Determining if the H5free_memory exist failed with the following output:
Change Dir: /home/fenics/shared/VTK-build/VTK-Release-build/CMakeFiles/CMakeTmp

Run Build Command:"/usr/bin/make" "cmTC_bcc4c/fast"
/usr/bin/make -f CMakeFiles/cmTC_bcc4c.dir/build.make CMakeFiles/cmTC_bcc4c.dir/build
make[1]: Entering directory '/home/fenics/shared/VTK-build/VTK-Release-build/CMakeFiles/CMakeTmp'
Building C object CMakeFiles/cmTC_bcc4c.dir/CheckSymbolExists.c.o
/usr/lib/ccache/cc    -w -w    -o CMakeFiles/cmTC_bcc4c.dir/CheckSymbolExists.c.o   -c /home/fenics/shared/VTK-build/VTK-Release-build/CMakeFiles/CMakeTmp/CheckSymbolExists.c
In file included from /home/fenics/shared/VTK-build/VTK-Release-build/CMakeFiles/CMakeTmp/CheckSymbolExists.c:2:0:
/usr/local/include/vtk-8.1/vtk_hdf5.h:24:31: fatal error: vtkhdf5/src/hdf5.h: No such file or directory
compilation terminated.
CMakeFiles/cmTC_bcc4c.dir/build.make:65: recipe for target 'CMakeFiles/cmTC_bcc4c.dir/CheckSymbolExists.c.o' failed
make[1]: *** [CMakeFiles/cmTC_bcc4c.dir/CheckSymbolExists.c.o] Error 1
make[1]: Leaving directory '/home/fenics/shared/VTK-build/VTK-Release-build/CMakeFiles/CMakeTmp'
Makefile:126: recipe for target 'cmTC_bcc4c/fast' failed
make: *** [cmTC_bcc4c/fast] Error 2

File /home/fenics/shared/VTK-build/VTK-Release-build/CMakeFiles/CMakeTmp/CheckSymbolExists.c:
/* */
#include <vtk_hdf5.h>

int main(int argc, char** argv)
{
  (void)argv;
#ifndef H5free_memory
  return ((int*)(&H5free_memory))[argc];
#else
  (void)argc;
  return 0;
#endif
}

Determining if the H5Pset_all_coll_metadata_ops exist failed with the following output:
Change Dir: /home/fenics/shared/VTK-build/VTK-Release-build/CMakeFiles/CMakeTmp

Run Build Command:"/usr/bin/make" "cmTC_b4a8a/fast"
/usr/bin/make -f CMakeFiles/cmTC_b4a8a.dir/build.make CMakeFiles/cmTC_b4a8a.dir/build
make[1]: Entering directory '/home/fenics/shared/VTK-build/VTK-Release-build/CMakeFiles/CMakeTmp'
Building C object CMakeFiles/cmTC_b4a8a.dir/CheckSymbolExists.c.o
/usr/lib/ccache/cc    -w -w    -o CMakeFiles/cmTC_b4a8a.dir/CheckSymbolExists.c.o   -c /home/fenics/shared/VTK-build/VTK-Release-build/CMakeFiles/CMakeTmp/CheckSymbolExists.c
In file included from /home/fenics/shared/VTK-build/VTK-Release-build/CMakeFiles/CMakeTmp/CheckSymbolExists.c:2:0:
/usr/local/include/vtk-8.1/vtk_hdf5.h:24:31: fatal error: vtkhdf5/src/hdf5.h: No such file or directory
compilation terminated.
CMakeFiles/cmTC_b4a8a.dir/build.make:65: recipe for target 'CMakeFiles/cmTC_b4a8a.dir/CheckSymbolExists.c.o' failed
make[1]: *** [CMakeFiles/cmTC_b4a8a.dir/CheckSymbolExists.c.o] Error 1
make[1]: Leaving directory '/home/fenics/shared/VTK-build/VTK-Release-build/CMakeFiles/CMakeTmp'
Makefile:126: recipe for target 'cmTC_b4a8a/fast' failed
make: *** [cmTC_b4a8a/fast] Error 2

File /home/fenics/shared/VTK-build/VTK-Release-build/CMakeFiles/CMakeTmp/CheckSymbolExists.c:
/* */
#include <vtk_hdf5.h>

int main(int argc, char** argv)
{
  (void)argv;
#ifndef H5Pset_all_coll_metadata_ops
  return ((int*)(&H5Pset_all_coll_metadata_ops))[argc];
#else
  (void)argc;
  return 0;
#endif
}

Determining if the H5Pset_libver_bounds exist failed with the following output:
Change Dir: /home/fenics/shared/VTK-build/VTK-Release-build/CMakeFiles/CMakeTmp

Run Build Command:"/usr/bin/make" "cmTC_de85c/fast"
/usr/bin/make -f CMakeFiles/cmTC_de85c.dir/build.make CMakeFiles/cmTC_de85c.dir/build
make[1]: Entering directory '/home/fenics/shared/VTK-build/VTK-Release-build/CMakeFiles/CMakeTmp'
Building C object CMakeFiles/cmTC_de85c.dir/CheckSymbolExists.c.o
/usr/lib/ccache/cc    -w -w    -o CMakeFiles/cmTC_de85c.dir/CheckSymbolExists.c.o   -c /home/fenics/shared/VTK-build/VTK-Release-build/CMakeFiles/CMakeTmp/CheckSymbolExists.c
In file included from /home/fenics/shared/VTK-build/VTK-Release-build/CMakeFiles/CMakeTmp/CheckSymbolExists.c:2:0:
/usr/local/include/vtk-8.1/vtk_hdf5.h:24:31: fatal error: vtkhdf5/src/hdf5.h: No such file or directory
compilation terminated.
CMakeFiles/cmTC_de85c.dir/build.make:65: recipe for target 'CMakeFiles/cmTC_de85c.dir/CheckSymbolExists.c.o' failed
make[1]: *** [CMakeFiles/cmTC_de85c.dir/CheckSymbolExists.c.o] Error 1
make[1]: Leaving directory '/home/fenics/shared/VTK-build/VTK-Release-build/CMakeFiles/CMakeTmp'
Makefile:126: recipe for target 'cmTC_de85c/fast' failed
make: *** [cmTC_de85c/fast] Error 2

File /home/fenics/shared/VTK-build/VTK-Release-build/CMakeFiles/CMakeTmp/CheckSymbolExists.c:
/* */
#include <vtk_hdf5.h>

int main(int argc, char** argv)
{
  (void)argv;
#ifndef H5Pset_libver_bounds
  return ((int*)(&H5Pset_libver_bounds))[argc];
#else
  (void)argc;
  return 0;
#endif
}

Determining if the HDF5_PARALLEL exist failed with the following output:
Change Dir: /home/fenics/shared/VTK-build/VTK-Release-build/CMakeFiles/CMakeTmp

Run Build Command:"/usr/bin/make" "cmTC_12572/fast"
/usr/bin/make -f CMakeFiles/cmTC_12572.dir/build.make CMakeFiles/cmTC_12572.dir/build
make[1]: Entering directory '/home/fenics/shared/VTK-build/VTK-Release-build/CMakeFiles/CMakeTmp'
Building C object CMakeFiles/cmTC_12572.dir/CheckSymbolExists.c.o
/usr/lib/ccache/cc    -w -w    -o CMakeFiles/cmTC_12572.dir/CheckSymbolExists.c.o   -c /home/fenics/shared/VTK-build/VTK-Release-build/CMakeFiles/CMakeTmp/CheckSymbolExists.c
In file included from /home/fenics/shared/VTK-build/VTK-Release-build/CMakeFiles/CMakeTmp/CheckSymbolExists.c:2:0:
/usr/local/include/vtk-8.1/vtk_hdf5.h:24:31: fatal error: vtkhdf5/src/hdf5.h: No such file or directory
compilation terminated.
CMakeFiles/cmTC_12572.dir/build.make:65: recipe for target 'CMakeFiles/cmTC_12572.dir/CheckSymbolExists.c.o' failed
make[1]: *** [CMakeFiles/cmTC_12572.dir/CheckSymbolExists.c.o] Error 1
make[1]: Leaving directory '/home/fenics/shared/VTK-build/VTK-Release-build/CMakeFiles/CMakeTmp'
Makefile:126: recipe for target 'cmTC_12572/fast' failed
make: *** [cmTC_12572/fast] Error 2

File /home/fenics/shared/VTK-build/VTK-Release-build/CMakeFiles/CMakeTmp/CheckSymbolExists.c:
/* */
#include <vtk_hdf5.h>

int main(int argc, char** argv)
{
  (void)argv;
#ifndef HDF5_PARALLEL
  return ((int*)(&HDF5_PARALLEL))[argc];
#else
  (void)argc;
  return 0;
#endif
}

Determining size of longlong failed with the following output:
Change Dir: /home/fenics/shared/VTK-build/VTK-Release-build/CMakeFiles/CMakeTmp

Run Build Command:"/usr/bin/make" "cmTC_ac04c/fast"
/usr/bin/make -f CMakeFiles/cmTC_ac04c.dir/build.make CMakeFiles/cmTC_ac04c.dir/build
make[1]: Entering directory '/home/fenics/shared/VTK-build/VTK-Release-build/CMakeFiles/CMakeTmp'
Building C object CMakeFiles/cmTC_ac04c.dir/HAVE_LONGLONG.c.o
/usr/lib/ccache/cc    -w -w    -o CMakeFiles/cmTC_ac04c.dir/HAVE_LONGLONG.c.o   -c /home/fenics/shared/VTK-build/VTK-Release-build/CMakeFiles/CheckTypeSize/HAVE_LONGLONG.c
/home/fenics/shared/VTK-build/VTK-Release-build/CMakeFiles/CheckTypeSize/HAVE_LONGLONG.c:19:20: error: ‘longlong’ undeclared here (not in a function)
   ('0' + ((SIZE / 10000)%10)),
                    ^
CMakeFiles/cmTC_ac04c.dir/build.make:65: recipe for target 'CMakeFiles/cmTC_ac04c.dir/HAVE_LONGLONG.c.o' failed
make[1]: *** [CMakeFiles/cmTC_ac04c.dir/HAVE_LONGLONG.c.o] Error 1
make[1]: Leaving directory '/home/fenics/shared/VTK-build/VTK-Release-build/CMakeFiles/CMakeTmp'
Makefile:126: recipe for target 'cmTC_ac04c/fast' failed
make: *** [cmTC_ac04c/fast] Error 2

/home/fenics/shared/VTK-build/VTK-Release-build/CMakeFiles/CheckTypeSize/HAVE_LONGLONG.c:
#include <sys/types.h>
#include <stdint.h>
#include <stddef.h>


#undef KEY
#if defined(__i386)
# define KEY '_','_','i','3','8','6'
#elif defined(__x86_64)
# define KEY '_','_','x','8','6','_','6','4'
#elif defined(__ppc__)
# define KEY '_','_','p','p','c','_','_'
#elif defined(__ppc64__)
# define KEY '_','_','p','p','c','6','4','_','_'
#endif

#define SIZE (sizeof(longlong))
char info_size[] =  {'I', 'N', 'F', 'O', ':', 's','i','z','e','[',
  ('0' + ((SIZE / 10000)%10)),
  ('0' + ((SIZE / 1000)%10)),
  ('0' + ((SIZE / 100)%10)),
  ('0' + ((SIZE / 10)%10)),
  ('0' +  (SIZE    % 10)),
  ']',
#ifdef KEY
  ' ','k','e','y','[', KEY, ']',
#endif
  '\0'};

#ifdef __CLASSIC_C__
int main(argc, argv) int argc; char *argv[];
#else
int main(int argc, char *argv[])
#endif
{
  int require = 0;
  require += info_size[argc];
  (void)argv;
  return require;
}


Determining size of uchar failed with the following output:
Change Dir: /home/fenics/shared/VTK-build/VTK-Release-build/CMakeFiles/CMakeTmp

Run Build Command:"/usr/bin/make" "cmTC_ea14d/fast"
/usr/bin/make -f CMakeFiles/cmTC_ea14d.dir/build.make CMakeFiles/cmTC_ea14d.dir/build
make[1]: Entering directory '/home/fenics/shared/VTK-build/VTK-Release-build/CMakeFiles/CMakeTmp'
Building C object CMakeFiles/cmTC_ea14d.dir/HAVE_UCHAR.c.o
/usr/lib/ccache/cc    -w -w    -o CMakeFiles/cmTC_ea14d.dir/HAVE_UCHAR.c.o   -c /home/fenics/shared/VTK-build/VTK-Release-build/CMakeFiles/CheckTypeSize/HAVE_UCHAR.c
/home/fenics/shared/VTK-build/VTK-Release-build/CMakeFiles/CheckTypeSize/HAVE_UCHAR.c:19:20: error: ‘uchar’ undeclared here (not in a function)
   ('0' + ((SIZE / 10000)%10)),
                    ^
CMakeFiles/cmTC_ea14d.dir/build.make:65: recipe for target 'CMakeFiles/cmTC_ea14d.dir/HAVE_UCHAR.c.o' failed
make[1]: *** [CMakeFiles/cmTC_ea14d.dir/HAVE_UCHAR.c.o] Error 1
make[1]: Leaving directory '/home/fenics/shared/VTK-build/VTK-Release-build/CMakeFiles/CMakeTmp'
Makefile:126: recipe for target 'cmTC_ea14d/fast' failed
make: *** [cmTC_ea14d/fast] Error 2

/home/fenics/shared/VTK-build/VTK-Release-build/CMakeFiles/CheckTypeSize/HAVE_UCHAR.c:
#include <sys/types.h>
#include <stdint.h>
#include <stddef.h>


#undef KEY
#if defined(__i386)
# define KEY '_','_','i','3','8','6'
#elif defined(__x86_64)
# define KEY '_','_','x','8','6','_','6','4'
#elif defined(__ppc__)
# define KEY '_','_','p','p','c','_','_'
#elif defined(__ppc64__)
# define KEY '_','_','p','p','c','6','4','_','_'
#endif

#define SIZE (sizeof(uchar))
char info_size[] =  {'I', 'N', 'F', 'O', ':', 's','i','z','e','[',
  ('0' + ((SIZE / 10000)%10)),
  ('0' + ((SIZE / 1000)%10)),
  ('0' + ((SIZE / 100)%10)),
  ('0' + ((SIZE / 10)%10)),
  ('0' +  (SIZE    % 10)),
  ']',
#ifdef KEY
  ' ','k','e','y','[', KEY, ']',
#endif
  '\0'};

#ifdef __CLASSIC_C__
int main(argc, argv) int argc; char *argv[];
#else
int main(int argc, char *argv[])
#endif
{
  int require = 0;
  require += info_size[argc];
  (void)argv;
  return require;
}


Determining if the PTHREAD_MUTEX_RECURSIVE exist failed with the following output:
Change Dir: /home/fenics/shared/VTK-build/VTK-Release-build/CMakeFiles/CMakeTmp

Run Build Command:"/usr/bin/make" "cmTC_eae31/fast"
/usr/bin/make -f CMakeFiles/cmTC_eae31.dir/build.make CMakeFiles/cmTC_eae31.dir/build
make[1]: Entering directory '/home/fenics/shared/VTK-build/VTK-Release-build/CMakeFiles/CMakeTmp'
Building C object CMakeFiles/cmTC_eae31.dir/CheckSymbolExists.c.o
/usr/lib/ccache/cc    -w -w    -o CMakeFiles/cmTC_eae31.dir/CheckSymbolExists.c.o   -c /home/fenics/shared/VTK-build/VTK-Release-build/CMakeFiles/CMakeTmp/CheckSymbolExists.c
/home/fenics/shared/VTK-build/VTK-Release-build/CMakeFiles/CMakeTmp/CheckSymbolExists.c: In function ‘main’:
/home/fenics/shared/VTK-build/VTK-Release-build/CMakeFiles/CMakeTmp/CheckSymbolExists.c:8:18: error: lvalue required as unary ‘&’ operand
   return ((int*)(&PTHREAD_MUTEX_RECURSIVE))[argc];
                  ^
CMakeFiles/cmTC_eae31.dir/build.make:65: recipe for target 'CMakeFiles/cmTC_eae31.dir/CheckSymbolExists.c.o' failed
make[1]: *** [CMakeFiles/cmTC_eae31.dir/CheckSymbolExists.c.o] Error 1
make[1]: Leaving directory '/home/fenics/shared/VTK-build/VTK-Release-build/CMakeFiles/CMakeTmp'
Makefile:126: recipe for target 'cmTC_eae31/fast' failed
make: *** [cmTC_eae31/fast] Error 2

File /home/fenics/shared/VTK-build/VTK-Release-build/CMakeFiles/CMakeTmp/CheckSymbolExists.c:
/* */
#include <pthread.h>

int main(int argc, char** argv)
{
  (void)argv;
#ifndef PTHREAD_MUTEX_RECURSIVE
  return ((int*)(&PTHREAD_MUTEX_RECURSIVE))[argc];
#else
  (void)argc;
  return 0;
#endif
}

