Determining if the pthread_create exist failed with the following output:
Change Dir: /home/fenics/shared/VTK-build/CMakeFiles/CMakeTmp

Run Build Command:"/usr/bin/make" "cmTC_e25c6/fast"
/usr/bin/make -f CMakeFiles/cmTC_e25c6.dir/build.make CMakeFiles/cmTC_e25c6.dir/build
make[1]: Entering directory '/home/fenics/shared/VTK-build/CMakeFiles/CMakeTmp'
Building C object CMakeFiles/cmTC_e25c6.dir/CheckSymbolExists.c.o
/usr/lib/ccache/cc     -o CMakeFiles/cmTC_e25c6.dir/CheckSymbolExists.c.o   -c /home/fenics/shared/VTK-build/CMakeFiles/CMakeTmp/CheckSymbolExists.c
Linking C executable cmTC_e25c6
/usr/bin/cmake -E cmake_link_script CMakeFiles/cmTC_e25c6.dir/link.txt --verbose=1
/usr/lib/ccache/cc       -Wl,-lc  -Wl,-lc    CMakeFiles/cmTC_e25c6.dir/CheckSymbolExists.c.o  -o cmTC_e25c6 -rdynamic 
CMakeFiles/cmTC_e25c6.dir/CheckSymbolExists.c.o: In function `main':
CheckSymbolExists.c:(.text+0x16): undefined reference to `pthread_create'
collect2: error: ld returned 1 exit status
CMakeFiles/cmTC_e25c6.dir/build.make:97: recipe for target 'cmTC_e25c6' failed
make[1]: *** [cmTC_e25c6] Error 1
make[1]: Leaving directory '/home/fenics/shared/VTK-build/CMakeFiles/CMakeTmp'
Makefile:126: recipe for target 'cmTC_e25c6/fast' failed
make: *** [cmTC_e25c6/fast] Error 2

File /home/fenics/shared/VTK-build/CMakeFiles/CMakeTmp/CheckSymbolExists.c:
/* */
#include <pthread.h>

int main(int argc, char** argv)
{
  (void)argv;
#ifndef pthread_create
  return ((int*)(&pthread_create))[argc];
#else
  (void)argc;
  return 0;
#endif
}

Determining if the function pthread_create exists in the pthreads failed with the following output:
Change Dir: /home/fenics/shared/VTK-build/CMakeFiles/CMakeTmp

Run Build Command:"/usr/bin/make" "cmTC_0cde2/fast"
/usr/bin/make -f CMakeFiles/cmTC_0cde2.dir/build.make CMakeFiles/cmTC_0cde2.dir/build
make[1]: Entering directory '/home/fenics/shared/VTK-build/CMakeFiles/CMakeTmp'
Building C object CMakeFiles/cmTC_0cde2.dir/CheckFunctionExists.c.o
/usr/lib/ccache/cc    -DCHECK_FUNCTION_EXISTS=pthread_create   -o CMakeFiles/cmTC_0cde2.dir/CheckFunctionExists.c.o   -c /usr/share/cmake-3.5/Modules/CheckFunctionExists.c
Linking C executable cmTC_0cde2
/usr/bin/cmake -E cmake_link_script CMakeFiles/cmTC_0cde2.dir/link.txt --verbose=1
/usr/lib/ccache/cc    -DCHECK_FUNCTION_EXISTS=pthread_create   -Wl,-lc  -Wl,-lc    CMakeFiles/cmTC_0cde2.dir/CheckFunctionExists.c.o  -o cmTC_0cde2 -rdynamic -lpthreads 
/usr/bin/ld: cannot find -lpthreads
collect2: error: ld returned 1 exit status
CMakeFiles/cmTC_0cde2.dir/build.make:97: recipe for target 'cmTC_0cde2' failed
make[1]: *** [cmTC_0cde2] Error 1
make[1]: Leaving directory '/home/fenics/shared/VTK-build/CMakeFiles/CMakeTmp'
Makefile:126: recipe for target 'cmTC_0cde2/fast' failed
make: *** [cmTC_0cde2/fast] Error 2


Checking whether C++ compiler has '__int64' failed to compile with the following output:
Change Dir: /home/fenics/shared/VTK-build/Utilities/KWSys/vtksys/CMakeFiles/CMakeTmp

Run Build Command:"/usr/bin/make" "cmTC_4c732/fast"
/usr/bin/make -f CMakeFiles/cmTC_4c732.dir/build.make CMakeFiles/cmTC_4c732.dir/build
make[1]: Entering directory '/home/fenics/shared/VTK-build/Utilities/KWSys/vtksys/CMakeFiles/CMakeTmp'
Building CXX object CMakeFiles/cmTC_4c732.dir/kwsysPlatformTestsCXX.cxx.o
/usr/lib/ccache/c++   -DTEST_KWSYS_CXX_HAS___INT64   -o CMakeFiles/cmTC_4c732.dir/kwsysPlatformTestsCXX.cxx.o -c /home/fenics/shared/VTK/Utilities/KWSys/vtksys/kwsysPlatformTestsCXX.cxx
/home/fenics/shared/VTK/Utilities/KWSys/vtksys/kwsysPlatformTestsCXX.cxx:24:1: error: ‘__int64’ does not name a type
 __int64 f(__int64 n)
 ^
/home/fenics/shared/VTK/Utilities/KWSys/vtksys/kwsysPlatformTestsCXX.cxx: In function ‘int main()’:
/home/fenics/shared/VTK/Utilities/KWSys/vtksys/kwsysPlatformTestsCXX.cxx:30:3: error: ‘__int64’ was not declared in this scope
   __int64 n = 0;
   ^
/home/fenics/shared/VTK/Utilities/KWSys/vtksys/kwsysPlatformTestsCXX.cxx:31:29: error: ‘n’ was not declared in this scope
   return static_cast<int>(f(n));
                             ^
/home/fenics/shared/VTK/Utilities/KWSys/vtksys/kwsysPlatformTestsCXX.cxx:31:30: error: ‘f’ was not declared in this scope
   return static_cast<int>(f(n));
                              ^
CMakeFiles/cmTC_4c732.dir/build.make:65: recipe for target 'CMakeFiles/cmTC_4c732.dir/kwsysPlatformTestsCXX.cxx.o' failed
make[1]: *** [CMakeFiles/cmTC_4c732.dir/kwsysPlatformTestsCXX.cxx.o] Error 1
make[1]: Leaving directory '/home/fenics/shared/VTK-build/Utilities/KWSys/vtksys/CMakeFiles/CMakeTmp'
Makefile:126: recipe for target 'cmTC_4c732/fast' failed
make: *** [cmTC_4c732/fast] Error 2


Checking whether CXX compiler has environ in stdlib.h failed to compile with the following output:
Change Dir: /home/fenics/shared/VTK-build/Utilities/KWSys/vtksys/CMakeFiles/CMakeTmp

Run Build Command:"/usr/bin/make" "cmTC_fe5cf/fast"
/usr/bin/make -f CMakeFiles/cmTC_fe5cf.dir/build.make CMakeFiles/cmTC_fe5cf.dir/build
make[1]: Entering directory '/home/fenics/shared/VTK-build/Utilities/KWSys/vtksys/CMakeFiles/CMakeTmp'
Building CXX object CMakeFiles/cmTC_fe5cf.dir/kwsysPlatformTestsCXX.cxx.o
/usr/lib/ccache/c++   -DTEST_KWSYS_CXX_HAS_ENVIRON_IN_STDLIB_H   -o CMakeFiles/cmTC_fe5cf.dir/kwsysPlatformTestsCXX.cxx.o -c /home/fenics/shared/VTK/Utilities/KWSys/vtksys/kwsysPlatformTestsCXX.cxx
/home/fenics/shared/VTK/Utilities/KWSys/vtksys/kwsysPlatformTestsCXX.cxx: In function ‘int main()’:
/home/fenics/shared/VTK/Utilities/KWSys/vtksys/kwsysPlatformTestsCXX.cxx:196:13: error: ‘environ’ was not declared in this scope
   char* e = environ[0];
             ^
CMakeFiles/cmTC_fe5cf.dir/build.make:65: recipe for target 'CMakeFiles/cmTC_fe5cf.dir/kwsysPlatformTestsCXX.cxx.o' failed
make[1]: *** [CMakeFiles/cmTC_fe5cf.dir/kwsysPlatformTestsCXX.cxx.o] Error 1
make[1]: Leaving directory '/home/fenics/shared/VTK-build/Utilities/KWSys/vtksys/CMakeFiles/CMakeTmp'
Makefile:126: recipe for target 'cmTC_fe5cf/fast' failed
make: *** [cmTC_fe5cf/fast] Error 2


Checking whether CXX compiler struct stat has st_mtimespec member failed to compile with the following output:
Change Dir: /home/fenics/shared/VTK-build/Utilities/KWSys/vtksys/CMakeFiles/CMakeTmp

Run Build Command:"/usr/bin/make" "cmTC_b783f/fast"
/usr/bin/make -f CMakeFiles/cmTC_b783f.dir/build.make CMakeFiles/cmTC_b783f.dir/build
make[1]: Entering directory '/home/fenics/shared/VTK-build/Utilities/KWSys/vtksys/CMakeFiles/CMakeTmp'
Building CXX object CMakeFiles/cmTC_b783f.dir/kwsysPlatformTestsCXX.cxx.o
/usr/lib/ccache/c++   -DTEST_KWSYS_CXX_STAT_HAS_ST_MTIMESPEC   -o CMakeFiles/cmTC_b783f.dir/kwsysPlatformTestsCXX.cxx.o -c /home/fenics/shared/VTK/Utilities/KWSys/vtksys/kwsysPlatformTestsCXX.cxx
/home/fenics/shared/VTK/Utilities/KWSys/vtksys/kwsysPlatformTestsCXX.cxx: In function ‘int main()’:
/home/fenics/shared/VTK/Utilities/KWSys/vtksys/kwsysPlatformTestsCXX.cxx:57:15: error: ‘struct stat’ has no member named ‘st_mtimespec’
   (void)stat1.st_mtimespec.tv_sec;
               ^
/home/fenics/shared/VTK/Utilities/KWSys/vtksys/kwsysPlatformTestsCXX.cxx:58:15: error: ‘struct stat’ has no member named ‘st_mtimespec’
   (void)stat1.st_mtimespec.tv_nsec;
               ^
CMakeFiles/cmTC_b783f.dir/build.make:65: recipe for target 'CMakeFiles/cmTC_b783f.dir/kwsysPlatformTestsCXX.cxx.o' failed
make[1]: *** [CMakeFiles/cmTC_b783f.dir/kwsysPlatformTestsCXX.cxx.o] Error 1
make[1]: Leaving directory '/home/fenics/shared/VTK-build/Utilities/KWSys/vtksys/CMakeFiles/CMakeTmp'
Makefile:126: recipe for target 'cmTC_b783f/fast' failed
make: *** [cmTC_b783f/fast] Error 2


Checking whether CXX compiler has _atoi64 failed to compile with the following output:
Change Dir: /home/fenics/shared/VTK-build/Utilities/KWSys/vtksys/CMakeFiles/CMakeTmp

Run Build Command:"/usr/bin/make" "cmTC_31747/fast"
/usr/bin/make -f CMakeFiles/cmTC_31747.dir/build.make CMakeFiles/cmTC_31747.dir/build
make[1]: Entering directory '/home/fenics/shared/VTK-build/Utilities/KWSys/vtksys/CMakeFiles/CMakeTmp'
Building CXX object CMakeFiles/cmTC_31747.dir/kwsysPlatformTestsCXX.cxx.o
/usr/lib/ccache/c++   -DTEST_KWSYS_CXX_HAS__ATOI64   -o CMakeFiles/cmTC_31747.dir/kwsysPlatformTestsCXX.cxx.o -c /home/fenics/shared/VTK/Utilities/KWSys/vtksys/kwsysPlatformTestsCXX.cxx
/home/fenics/shared/VTK/Utilities/KWSys/vtksys/kwsysPlatformTestsCXX.cxx: In function ‘int main()’:
/home/fenics/shared/VTK/Utilities/KWSys/vtksys/kwsysPlatformTestsCXX.cxx:252:38: error: ‘_atoi64’ was not declared in this scope
   return static_cast<int>(_atoi64(str));
                                      ^
CMakeFiles/cmTC_31747.dir/build.make:65: recipe for target 'CMakeFiles/cmTC_31747.dir/kwsysPlatformTestsCXX.cxx.o' failed
make[1]: *** [CMakeFiles/cmTC_31747.dir/kwsysPlatformTestsCXX.cxx.o] Error 1
make[1]: Leaving directory '/home/fenics/shared/VTK-build/Utilities/KWSys/vtksys/CMakeFiles/CMakeTmp'
Makefile:126: recipe for target 'cmTC_31747/fast' failed
make: *** [cmTC_31747/fast] Error 2


Determining if the system is big endian passed with the following output:
Change Dir: /home/fenics/shared/VTK-build/CMakeFiles/CMakeTmp

Run Build Command:"/usr/bin/make" "cmTC_3cc6f/fast"
/usr/bin/make -f CMakeFiles/cmTC_3cc6f.dir/build.make CMakeFiles/cmTC_3cc6f.dir/build
make[1]: Entering directory '/home/fenics/shared/VTK-build/CMakeFiles/CMakeTmp'
Building C object CMakeFiles/cmTC_3cc6f.dir/TestEndianess.c.o
/usr/lib/ccache/cc     -o CMakeFiles/cmTC_3cc6f.dir/TestEndianess.c.o   -c /home/fenics/shared/VTK-build/CMakeFiles/CMakeTmp/TestEndianess.c
Linking C executable cmTC_3cc6f
/usr/bin/cmake -E cmake_link_script CMakeFiles/cmTC_3cc6f.dir/link.txt --verbose=1
/usr/lib/ccache/cc       -Wl,-lc  -Wl,-lc    CMakeFiles/cmTC_3cc6f.dir/TestEndianess.c.o  -o cmTC_3cc6f -rdynamic 
make[1]: Leaving directory '/home/fenics/shared/VTK-build/CMakeFiles/CMakeTmp'

TestEndianess.c:
/* A 16 bit integer is required. */
typedef unsigned short cmakeint16;

/* On a little endian machine, these 16bit ints will give "THIS IS LITTLE ENDIAN."
   On a big endian machine the characters will be exchanged pairwise. */
const cmakeint16 info_little[] =  {0x4854, 0x5349, 0x4920, 0x2053, 0x494c, 0x5454, 0x454c, 0x4520, 0x444e, 0x4149, 0x2e4e, 0x0000};

/* on a big endian machine, these 16bit ints will give "THIS IS BIG ENDIAN."
   On a little endian machine the characters will be exchanged pairwise. */
const cmakeint16 info_big[] =     {0x5448, 0x4953, 0x2049, 0x5320, 0x4249, 0x4720, 0x454e, 0x4449, 0x414e, 0x2e2e, 0x0000};

#ifdef __CLASSIC_C__
int main(argc, argv) int argc; char *argv[];
#else
int main(int argc, char *argv[])
#endif
{
  int require = 0;
  require += info_little[argc];
  require += info_big[argc];
  (void)argv;
  return require;
}


Determining if the function getsockname exists in the socket failed with the following output:
Change Dir: /home/fenics/shared/VTK-build/CMakeFiles/CMakeTmp

Run Build Command:"/usr/bin/make" "cmTC_d4411/fast"
/usr/bin/make -f CMakeFiles/cmTC_d4411.dir/build.make CMakeFiles/cmTC_d4411.dir/build
make[1]: Entering directory '/home/fenics/shared/VTK-build/CMakeFiles/CMakeTmp'
Building C object CMakeFiles/cmTC_d4411.dir/CheckFunctionExists.c.o
/usr/lib/ccache/cc    -DCHECK_FUNCTION_EXISTS=getsockname   -o CMakeFiles/cmTC_d4411.dir/CheckFunctionExists.c.o   -c /usr/share/cmake-3.5/Modules/CheckFunctionExists.c
Linking C executable cmTC_d4411
/usr/bin/cmake -E cmake_link_script CMakeFiles/cmTC_d4411.dir/link.txt --verbose=1
/usr/lib/ccache/cc    -DCHECK_FUNCTION_EXISTS=getsockname   -Wl,-lc  -Wl,-lc    CMakeFiles/cmTC_d4411.dir/CheckFunctionExists.c.o  -o cmTC_d4411 -rdynamic -lsocket 
/usr/bin/ld: cannot find -lsocket
collect2: error: ld returned 1 exit status
CMakeFiles/cmTC_d4411.dir/build.make:97: recipe for target 'cmTC_d4411' failed
make[1]: *** [cmTC_d4411] Error 1
make[1]: Leaving directory '/home/fenics/shared/VTK-build/CMakeFiles/CMakeTmp'
Makefile:126: recipe for target 'cmTC_d4411/fast' failed
make: *** [cmTC_d4411/fast] Error 2


Performing C++ SOURCE FILE Test COMPILER_SUPPORT_Wshorten64to32 failed with the following output:
Change Dir: /home/fenics/shared/VTK-build/CMakeFiles/CMakeTmp

Run Build Command:"/usr/bin/make" "cmTC_cfe77/fast"
/usr/bin/make -f CMakeFiles/cmTC_cfe77.dir/build.make CMakeFiles/cmTC_cfe77.dir/build
make[1]: Entering directory '/home/fenics/shared/VTK-build/CMakeFiles/CMakeTmp'
Building CXX object CMakeFiles/cmTC_cfe77.dir/src.cxx.o
/usr/lib/ccache/c++     -w -w -pedantic -Wall -Wextra -Wundef -Wcast-align -Wchar-subscripts -Wnon-virtual-dtor -Wunused-local-typedefs -Wpointer-arith -Wwrite-strings -Wformat-security -DCOMPILER_SUPPORT_Wshorten64to32 -Werror   -Wshorten-64-to-32 -o CMakeFiles/cmTC_cfe77.dir/src.cxx.o -c /home/fenics/shared/VTK-build/CMakeFiles/CMakeTmp/src.cxx
c++: error: unrecognized command line option '-Wshorten-64-to-32'
CMakeFiles/cmTC_cfe77.dir/build.make:65: recipe for target 'CMakeFiles/cmTC_cfe77.dir/src.cxx.o' failed
make[1]: *** [CMakeFiles/cmTC_cfe77.dir/src.cxx.o] Error 1
make[1]: Leaving directory '/home/fenics/shared/VTK-build/CMakeFiles/CMakeTmp'
Makefile:126: recipe for target 'cmTC_cfe77/fast' failed
make: *** [cmTC_cfe77/fast] Error 2

Source file was:
int main() { return 0; }
Performing C++ SOURCE FILE Test COMPILER_SUPPORT_Wenumconversion failed with the following output:
Change Dir: /home/fenics/shared/VTK-build/CMakeFiles/CMakeTmp

Run Build Command:"/usr/bin/make" "cmTC_f852f/fast"
/usr/bin/make -f CMakeFiles/cmTC_f852f.dir/build.make CMakeFiles/cmTC_f852f.dir/build
make[1]: Entering directory '/home/fenics/shared/VTK-build/CMakeFiles/CMakeTmp'
Building CXX object CMakeFiles/cmTC_f852f.dir/src.cxx.o
/usr/lib/ccache/c++     -w -w -pedantic -Wall -Wextra -Wundef -Wcast-align -Wchar-subscripts -Wnon-virtual-dtor -Wunused-local-typedefs -Wpointer-arith -Wwrite-strings -Wformat-security -Wlogical-op -DCOMPILER_SUPPORT_Wenumconversion -Werror   -Wenum-conversion -o CMakeFiles/cmTC_f852f.dir/src.cxx.o -c /home/fenics/shared/VTK-build/CMakeFiles/CMakeTmp/src.cxx
c++: error: unrecognized command line option '-Wenum-conversion'
CMakeFiles/cmTC_f852f.dir/build.make:65: recipe for target 'CMakeFiles/cmTC_f852f.dir/src.cxx.o' failed
make[1]: *** [CMakeFiles/cmTC_f852f.dir/src.cxx.o] Error 1
make[1]: Leaving directory '/home/fenics/shared/VTK-build/CMakeFiles/CMakeTmp'
Makefile:126: recipe for target 'cmTC_f852f/fast' failed
make: *** [cmTC_f852f/fast] Error 2

Source file was:
int main() { return 0; }
Performing C++ SOURCE FILE Test COMPILER_SUPPORT_Wcpp11extensions failed with the following output:
Change Dir: /home/fenics/shared/VTK-build/CMakeFiles/CMakeTmp

Run Build Command:"/usr/bin/make" "cmTC_3fdf0/fast"
/usr/bin/make -f CMakeFiles/cmTC_3fdf0.dir/build.make CMakeFiles/cmTC_3fdf0.dir/build
make[1]: Entering directory '/home/fenics/shared/VTK-build/CMakeFiles/CMakeTmp'
Building CXX object CMakeFiles/cmTC_3fdf0.dir/src.cxx.o
/usr/lib/ccache/c++     -w -w -pedantic -Wall -Wextra -Wundef -Wcast-align -Wchar-subscripts -Wnon-virtual-dtor -Wunused-local-typedefs -Wpointer-arith -Wwrite-strings -Wformat-security -Wlogical-op -DCOMPILER_SUPPORT_Wcpp11extensions -Werror   -Wc++11-extensions -o CMakeFiles/cmTC_3fdf0.dir/src.cxx.o -c /home/fenics/shared/VTK-build/CMakeFiles/CMakeTmp/src.cxx
c++: error: unrecognized command line option '-Wc++11-extensions'
CMakeFiles/cmTC_3fdf0.dir/build.make:65: recipe for target 'CMakeFiles/cmTC_3fdf0.dir/src.cxx.o' failed
make[1]: *** [CMakeFiles/cmTC_3fdf0.dir/src.cxx.o] Error 1
make[1]: Leaving directory '/home/fenics/shared/VTK-build/CMakeFiles/CMakeTmp'
Makefile:126: recipe for target 'cmTC_3fdf0/fast' failed
make: *** [cmTC_3fdf0/fast] Error 2

Source file was:
int main() { return 0; }
Performing C++ SOURCE FILE Test COMPILER_SUPPORT_wd981 failed with the following output:
Change Dir: /home/fenics/shared/VTK-build/CMakeFiles/CMakeTmp

Run Build Command:"/usr/bin/make" "cmTC_2192c/fast"
/usr/bin/make -f CMakeFiles/cmTC_2192c.dir/build.make CMakeFiles/cmTC_2192c.dir/build
make[1]: Entering directory '/home/fenics/shared/VTK-build/CMakeFiles/CMakeTmp'
Building CXX object CMakeFiles/cmTC_2192c.dir/src.cxx.o
/usr/lib/ccache/c++     -w -w -pedantic -Wall -Wextra -Wundef -Wcast-align -Wchar-subscripts -Wnon-virtual-dtor -Wunused-local-typedefs -Wpointer-arith -Wwrite-strings -Wformat-security -Wlogical-op -Wdouble-promotion -Wno-psabi -Wno-variadic-macros -Wno-long-long -fno-check-new -fno-common -fstrict-aliasing -DCOMPILER_SUPPORT_wd981 -Werror   -wd981 -o CMakeFiles/cmTC_2192c.dir/src.cxx.o -c /home/fenics/shared/VTK-build/CMakeFiles/CMakeTmp/src.cxx
c++: error: unrecognized command line option '-wd981'
CMakeFiles/cmTC_2192c.dir/build.make:65: recipe for target 'CMakeFiles/cmTC_2192c.dir/src.cxx.o' failed
make[1]: *** [CMakeFiles/cmTC_2192c.dir/src.cxx.o] Error 1
make[1]: Leaving directory '/home/fenics/shared/VTK-build/CMakeFiles/CMakeTmp'
Makefile:126: recipe for target 'cmTC_2192c/fast' failed
make: *** [cmTC_2192c/fast] Error 2

Source file was:
int main() { return 0; }
Performing C++ SOURCE FILE Test COMPILER_SUPPORT_wd2304 failed with the following output:
Change Dir: /home/fenics/shared/VTK-build/CMakeFiles/CMakeTmp

Run Build Command:"/usr/bin/make" "cmTC_99d2b/fast"
/usr/bin/make -f CMakeFiles/cmTC_99d2b.dir/build.make CMakeFiles/cmTC_99d2b.dir/build
make[1]: Entering directory '/home/fenics/shared/VTK-build/CMakeFiles/CMakeTmp'
Building CXX object CMakeFiles/cmTC_99d2b.dir/src.cxx.o
/usr/lib/ccache/c++     -w -w -pedantic -Wall -Wextra -Wundef -Wcast-align -Wchar-subscripts -Wnon-virtual-dtor -Wunused-local-typedefs -Wpointer-arith -Wwrite-strings -Wformat-security -Wlogical-op -Wdouble-promotion -Wno-psabi -Wno-variadic-macros -Wno-long-long -fno-check-new -fno-common -fstrict-aliasing -DCOMPILER_SUPPORT_wd2304 -Werror   -wd2304 -o CMakeFiles/cmTC_99d2b.dir/src.cxx.o -c /home/fenics/shared/VTK-build/CMakeFiles/CMakeTmp/src.cxx
c++: error: unrecognized command line option '-wd2304'
CMakeFiles/cmTC_99d2b.dir/build.make:65: recipe for target 'CMakeFiles/cmTC_99d2b.dir/src.cxx.o' failed
make[1]: *** [CMakeFiles/cmTC_99d2b.dir/src.cxx.o] Error 1
make[1]: Leaving directory '/home/fenics/shared/VTK-build/CMakeFiles/CMakeTmp'
Makefile:126: recipe for target 'cmTC_99d2b/fast' failed
make: *** [cmTC_99d2b/fast] Error 2

Source file was:
int main() { return 0; }
Performing C++ SOURCE FILE Test COMPILER_SUPPORT_STRICTANSI failed with the following output:
Change Dir: /home/fenics/shared/VTK-build/CMakeFiles/CMakeTmp

Run Build Command:"/usr/bin/make" "cmTC_95be7/fast"
/usr/bin/make -f CMakeFiles/cmTC_95be7.dir/build.make CMakeFiles/cmTC_95be7.dir/build
make[1]: Entering directory '/home/fenics/shared/VTK-build/CMakeFiles/CMakeTmp'
Building CXX object CMakeFiles/cmTC_95be7.dir/src.cxx.o
/usr/lib/ccache/c++     -w -w -pedantic -Wall -Wextra -Wundef -Wcast-align -Wchar-subscripts -Wnon-virtual-dtor -Wunused-local-typedefs -Wpointer-arith -Wwrite-strings -Wformat-security -Wlogical-op -Wdouble-promotion -Wno-psabi -Wno-variadic-macros -Wno-long-long -fno-check-new -fno-common -fstrict-aliasing -DCOMPILER_SUPPORT_STRICTANSI -Werror   -strict-ansi -o CMakeFiles/cmTC_95be7.dir/src.cxx.o -c /home/fenics/shared/VTK-build/CMakeFiles/CMakeTmp/src.cxx
c++: error: unrecognized command line option '-strict-ansi'
CMakeFiles/cmTC_95be7.dir/build.make:65: recipe for target 'CMakeFiles/cmTC_95be7.dir/src.cxx.o' failed
make[1]: *** [CMakeFiles/cmTC_95be7.dir/src.cxx.o] Error 1
make[1]: Leaving directory '/home/fenics/shared/VTK-build/CMakeFiles/CMakeTmp'
Makefile:126: recipe for target 'cmTC_95be7/fast' failed
make: *** [cmTC_95be7/fast] Error 2

Source file was:
int main() { return 0; }
Performing C++ SOURCE FILE Test COMPILER_SUPPORT_Qunusedarguments failed with the following output:
Change Dir: /home/fenics/shared/VTK-build/CMakeFiles/CMakeTmp

Run Build Command:"/usr/bin/make" "cmTC_d43ff/fast"
/usr/bin/make -f CMakeFiles/cmTC_d43ff.dir/build.make CMakeFiles/cmTC_d43ff.dir/build
make[1]: Entering directory '/home/fenics/shared/VTK-build/CMakeFiles/CMakeTmp'
Building CXX object CMakeFiles/cmTC_d43ff.dir/src.cxx.o
/usr/lib/ccache/c++     -w -w -pedantic -Wall -Wextra -Wundef -Wcast-align -Wchar-subscripts -Wnon-virtual-dtor -Wunused-local-typedefs -Wpointer-arith -Wwrite-strings -Wformat-security -Wlogical-op -Wdouble-promotion -Wno-psabi -Wno-variadic-macros -Wno-long-long -fno-check-new -fno-common -fstrict-aliasing -DCOMPILER_SUPPORT_Qunusedarguments -Werror   -Qunused-arguments -o CMakeFiles/cmTC_d43ff.dir/src.cxx.o -c /home/fenics/shared/VTK-build/CMakeFiles/CMakeTmp/src.cxx
c++: error: unrecognized command line option '-Qunused-arguments'
CMakeFiles/cmTC_d43ff.dir/build.make:65: recipe for target 'CMakeFiles/cmTC_d43ff.dir/src.cxx.o' failed
make[1]: *** [CMakeFiles/cmTC_d43ff.dir/src.cxx.o] Error 1
make[1]: Leaving directory '/home/fenics/shared/VTK-build/CMakeFiles/CMakeTmp'
Makefile:126: recipe for target 'cmTC_d43ff/fast' failed
make: *** [cmTC_d43ff/fast] Error 2

Source file was:
int main() { return 0; }
Determining if the system is big endian passed with the following output:
Change Dir: /home/fenics/shared/VTK-build/CMakeFiles/CMakeTmp

Run Build Command:"/usr/bin/make" "cmTC_efaf9/fast"
/usr/bin/make -f CMakeFiles/cmTC_efaf9.dir/build.make CMakeFiles/cmTC_efaf9.dir/build
make[1]: Entering directory '/home/fenics/shared/VTK-build/CMakeFiles/CMakeTmp'
Building C object CMakeFiles/cmTC_efaf9.dir/TestEndianess.c.o
/usr/lib/ccache/cc    -w -w    -o CMakeFiles/cmTC_efaf9.dir/TestEndianess.c.o   -c /home/fenics/shared/VTK-build/CMakeFiles/CMakeTmp/TestEndianess.c
Linking C executable cmTC_efaf9
/usr/bin/cmake -E cmake_link_script CMakeFiles/cmTC_efaf9.dir/link.txt --verbose=1
/usr/lib/ccache/cc    -w -w    -Wl,-lc  -Wl,-lc    CMakeFiles/cmTC_efaf9.dir/TestEndianess.c.o  -o cmTC_efaf9 -rdynamic 
make[1]: Leaving directory '/home/fenics/shared/VTK-build/CMakeFiles/CMakeTmp'

TestEndianess.c:
/* A 16 bit integer is required. */
typedef unsigned short cmakeint16;

/* On a little endian machine, these 16bit ints will give "THIS IS LITTLE ENDIAN."
   On a big endian machine the characters will be exchanged pairwise. */
const cmakeint16 info_little[] =  {0x4854, 0x5349, 0x4920, 0x2053, 0x494c, 0x5454, 0x454c, 0x4520, 0x444e, 0x4149, 0x2e4e, 0x0000};

/* on a big endian machine, these 16bit ints will give "THIS IS BIG ENDIAN."
   On a little endian machine the characters will be exchanged pairwise. */
const cmakeint16 info_big[] =     {0x5448, 0x4953, 0x2049, 0x5320, 0x4249, 0x4720, 0x454e, 0x4449, 0x414e, 0x2e2e, 0x0000};

#ifdef __CLASSIC_C__
int main(argc, argv) int argc; char *argv[];
#else
int main(int argc, char *argv[])
#endif
{
  int require = 0;
  require += info_little[argc];
  require += info_big[argc];
  (void)argv;
  return require;
}


Determining if the include file sys/endian.h exists failed with the following output:
Change Dir: /home/fenics/shared/VTK-build/CMakeFiles/CMakeTmp

Run Build Command:"/usr/bin/make" "cmTC_d88dc/fast"
/usr/bin/make -f CMakeFiles/cmTC_d88dc.dir/build.make CMakeFiles/cmTC_d88dc.dir/build
make[1]: Entering directory '/home/fenics/shared/VTK-build/CMakeFiles/CMakeTmp'
Building C object CMakeFiles/cmTC_d88dc.dir/CheckIncludeFile.c.o
/usr/lib/ccache/cc    -w -w    -o CMakeFiles/cmTC_d88dc.dir/CheckIncludeFile.c.o   -c /home/fenics/shared/VTK-build/CMakeFiles/CMakeTmp/CheckIncludeFile.c
/home/fenics/shared/VTK-build/CMakeFiles/CMakeTmp/CheckIncludeFile.c:1:24: fatal error: sys/endian.h: No such file or directory
compilation terminated.
CMakeFiles/cmTC_d88dc.dir/build.make:65: recipe for target 'CMakeFiles/cmTC_d88dc.dir/CheckIncludeFile.c.o' failed
make[1]: *** [CMakeFiles/cmTC_d88dc.dir/CheckIncludeFile.c.o] Error 1
make[1]: Leaving directory '/home/fenics/shared/VTK-build/CMakeFiles/CMakeTmp'
Makefile:126: recipe for target 'cmTC_d88dc/fast' failed
make: *** [cmTC_d88dc/fast] Error 2


Determining if the HAVE_BSWAP_16 exist failed with the following output:
Change Dir: /home/fenics/shared/VTK-build/CMakeFiles/CMakeTmp

Run Build Command:"/usr/bin/make" "cmTC_79667/fast"
/usr/bin/make -f CMakeFiles/cmTC_79667.dir/build.make CMakeFiles/cmTC_79667.dir/build
make[1]: Entering directory '/home/fenics/shared/VTK-build/CMakeFiles/CMakeTmp'
Building C object CMakeFiles/cmTC_79667.dir/CheckSymbolExists.c.o
/usr/lib/ccache/cc    -w -w    -o CMakeFiles/cmTC_79667.dir/CheckSymbolExists.c.o   -c /home/fenics/shared/VTK-build/CMakeFiles/CMakeTmp/CheckSymbolExists.c
/home/fenics/shared/VTK-build/CMakeFiles/CMakeTmp/CheckSymbolExists.c: In function ‘main’:
/home/fenics/shared/VTK-build/CMakeFiles/CMakeTmp/CheckSymbolExists.c:8:19: error: ‘HAVE_BSWAP_16’ undeclared (first use in this function)
   return ((int*)(&HAVE_BSWAP_16))[argc];
                   ^
/home/fenics/shared/VTK-build/CMakeFiles/CMakeTmp/CheckSymbolExists.c:8:19: note: each undeclared identifier is reported only once for each function it appears in
CMakeFiles/cmTC_79667.dir/build.make:65: recipe for target 'CMakeFiles/cmTC_79667.dir/CheckSymbolExists.c.o' failed
make[1]: *** [CMakeFiles/cmTC_79667.dir/CheckSymbolExists.c.o] Error 1
make[1]: Leaving directory '/home/fenics/shared/VTK-build/CMakeFiles/CMakeTmp'
Makefile:126: recipe for target 'cmTC_79667/fast' failed
make: *** [cmTC_79667/fast] Error 2

File /home/fenics/shared/VTK-build/CMakeFiles/CMakeTmp/CheckSymbolExists.c:
/* */
#include <byteswap.h>

int main(int argc, char** argv)
{
  (void)argv;
#ifndef HAVE_BSWAP_16
  return ((int*)(&HAVE_BSWAP_16))[argc];
#else
  (void)argc;
  return 0;
#endif
}

Determining if the HAVE_BSWAP_32 exist failed with the following output:
Change Dir: /home/fenics/shared/VTK-build/CMakeFiles/CMakeTmp

Run Build Command:"/usr/bin/make" "cmTC_add15/fast"
/usr/bin/make -f CMakeFiles/cmTC_add15.dir/build.make CMakeFiles/cmTC_add15.dir/build
make[1]: Entering directory '/home/fenics/shared/VTK-build/CMakeFiles/CMakeTmp'
Building C object CMakeFiles/cmTC_add15.dir/CheckSymbolExists.c.o
/usr/lib/ccache/cc    -w -w    -o CMakeFiles/cmTC_add15.dir/CheckSymbolExists.c.o   -c /home/fenics/shared/VTK-build/CMakeFiles/CMakeTmp/CheckSymbolExists.c
/home/fenics/shared/VTK-build/CMakeFiles/CMakeTmp/CheckSymbolExists.c: In function ‘main’:
/home/fenics/shared/VTK-build/CMakeFiles/CMakeTmp/CheckSymbolExists.c:8:19: error: ‘HAVE_BSWAP_32’ undeclared (first use in this function)
   return ((int*)(&HAVE_BSWAP_32))[argc];
                   ^
/home/fenics/shared/VTK-build/CMakeFiles/CMakeTmp/CheckSymbolExists.c:8:19: note: each undeclared identifier is reported only once for each function it appears in
CMakeFiles/cmTC_add15.dir/build.make:65: recipe for target 'CMakeFiles/cmTC_add15.dir/CheckSymbolExists.c.o' failed
make[1]: *** [CMakeFiles/cmTC_add15.dir/CheckSymbolExists.c.o] Error 1
make[1]: Leaving directory '/home/fenics/shared/VTK-build/CMakeFiles/CMakeTmp'
Makefile:126: recipe for target 'cmTC_add15/fast' failed
make: *** [cmTC_add15/fast] Error 2

File /home/fenics/shared/VTK-build/CMakeFiles/CMakeTmp/CheckSymbolExists.c:
/* */
#include <byteswap.h>

int main(int argc, char** argv)
{
  (void)argv;
#ifndef HAVE_BSWAP_32
  return ((int*)(&HAVE_BSWAP_32))[argc];
#else
  (void)argc;
  return 0;
#endif
}

Determining if the HAVE_BSWAP_64 exist failed with the following output:
Change Dir: /home/fenics/shared/VTK-build/CMakeFiles/CMakeTmp

Run Build Command:"/usr/bin/make" "cmTC_244b4/fast"
/usr/bin/make -f CMakeFiles/cmTC_244b4.dir/build.make CMakeFiles/cmTC_244b4.dir/build
make[1]: Entering directory '/home/fenics/shared/VTK-build/CMakeFiles/CMakeTmp'
Building C object CMakeFiles/cmTC_244b4.dir/CheckSymbolExists.c.o
/usr/lib/ccache/cc    -w -w    -o CMakeFiles/cmTC_244b4.dir/CheckSymbolExists.c.o   -c /home/fenics/shared/VTK-build/CMakeFiles/CMakeTmp/CheckSymbolExists.c
/home/fenics/shared/VTK-build/CMakeFiles/CMakeTmp/CheckSymbolExists.c: In function ‘main’:
/home/fenics/shared/VTK-build/CMakeFiles/CMakeTmp/CheckSymbolExists.c:8:19: error: ‘HAVE_BSWAP_64’ undeclared (first use in this function)
   return ((int*)(&HAVE_BSWAP_64))[argc];
                   ^
/home/fenics/shared/VTK-build/CMakeFiles/CMakeTmp/CheckSymbolExists.c:8:19: note: each undeclared identifier is reported only once for each function it appears in
CMakeFiles/cmTC_244b4.dir/build.make:65: recipe for target 'CMakeFiles/cmTC_244b4.dir/CheckSymbolExists.c.o' failed
make[1]: *** [CMakeFiles/cmTC_244b4.dir/CheckSymbolExists.c.o] Error 1
make[1]: Leaving directory '/home/fenics/shared/VTK-build/CMakeFiles/CMakeTmp'
Makefile:126: recipe for target 'cmTC_244b4/fast' failed
make: *** [cmTC_244b4/fast] Error 2

File /home/fenics/shared/VTK-build/CMakeFiles/CMakeTmp/CheckSymbolExists.c:
/* */
#include <byteswap.h>

int main(int argc, char** argv)
{
  (void)argv;
#ifndef HAVE_BSWAP_64
  return ((int*)(&HAVE_BSWAP_64))[argc];
#else
  (void)argc;
  return 0;
#endif
}

Determining size of __int64 failed with the following output:
Change Dir: /home/fenics/shared/VTK-build/CMakeFiles/CMakeTmp

Run Build Command:"/usr/bin/make" "cmTC_03fb2/fast"
/usr/bin/make -f CMakeFiles/cmTC_03fb2.dir/build.make CMakeFiles/cmTC_03fb2.dir/build
make[1]: Entering directory '/home/fenics/shared/VTK-build/CMakeFiles/CMakeTmp'
Building C object CMakeFiles/cmTC_03fb2.dir/__INT64.c.o
/usr/lib/ccache/cc    -w -w    -o CMakeFiles/cmTC_03fb2.dir/__INT64.c.o   -c /home/fenics/shared/VTK-build/CMakeFiles/CheckTypeSize/__INT64.c
/home/fenics/shared/VTK-build/CMakeFiles/CheckTypeSize/__INT64.c:19:20: error: ‘__int64’ undeclared here (not in a function)
   ('0' + ((SIZE / 10000)%10)),
                    ^
CMakeFiles/cmTC_03fb2.dir/build.make:65: recipe for target 'CMakeFiles/cmTC_03fb2.dir/__INT64.c.o' failed
make[1]: *** [CMakeFiles/cmTC_03fb2.dir/__INT64.c.o] Error 1
make[1]: Leaving directory '/home/fenics/shared/VTK-build/CMakeFiles/CMakeTmp'
Makefile:126: recipe for target 'cmTC_03fb2/fast' failed
make: *** [cmTC_03fb2/fast] Error 2

/home/fenics/shared/VTK-build/CMakeFiles/CheckTypeSize/__INT64.c:
#include <sys/types.h>
#include <stdint.h>
#include <stddef.h>


#undef KEY
#if defined(__i386)
# define KEY '_','_','i','3','8','6'
#elif defined(__x86_64)
# define KEY '_','_','x','8','6','_','6','4'
#elif defined(__ppc__)
# define KEY '_','_','p','p','c','_','_'
#elif defined(__ppc64__)
# define KEY '_','_','p','p','c','6','4','_','_'
#endif

#define SIZE (sizeof(__int64))
char info_size[] =  {'I', 'N', 'F', 'O', ':', 's','i','z','e','[',
  ('0' + ((SIZE / 10000)%10)),
  ('0' + ((SIZE / 1000)%10)),
  ('0' + ((SIZE / 100)%10)),
  ('0' + ((SIZE / 10)%10)),
  ('0' +  (SIZE    % 10)),
  ']',
#ifdef KEY
  ' ','k','e','y','[', KEY, ']',
#endif
  '\0'};

#ifdef __CLASSIC_C__
int main(argc, argv) int argc; char *argv[];
#else
int main(int argc, char *argv[])
#endif
{
  int require = 0;
  require += info_size[argc];
  (void)argv;
  return require;
}


Determining size of unsigned __int64 failed with the following output:
Change Dir: /home/fenics/shared/VTK-build/CMakeFiles/CMakeTmp

Run Build Command:"/usr/bin/make" "cmTC_bb42b/fast"
/usr/bin/make -f CMakeFiles/cmTC_bb42b.dir/build.make CMakeFiles/cmTC_bb42b.dir/build
make[1]: Entering directory '/home/fenics/shared/VTK-build/CMakeFiles/CMakeTmp'
Building C object CMakeFiles/cmTC_bb42b.dir/UNSIGNED___INT64.c.o
/usr/lib/ccache/cc    -w -w    -o CMakeFiles/cmTC_bb42b.dir/UNSIGNED___INT64.c.o   -c /home/fenics/shared/VTK-build/CMakeFiles/CheckTypeSize/UNSIGNED___INT64.c
/home/fenics/shared/VTK-build/CMakeFiles/CheckTypeSize/UNSIGNED___INT64.c:19:29: error: expected ‘)’ before ‘__int64’
   ('0' + ((SIZE / 10000)%10)),
                             ^
/home/fenics/shared/VTK-build/CMakeFiles/CheckTypeSize/UNSIGNED___INT64.c:20:29: error: expected ‘)’ before ‘__int64’
   ('0' + ((SIZE / 1000)%10)),
                             ^
/home/fenics/shared/VTK-build/CMakeFiles/CheckTypeSize/UNSIGNED___INT64.c:21:29: error: expected ‘)’ before ‘__int64’
/home/fenics/shared/VTK-build/CMakeFiles/CheckTypeSize/UNSIGNED___INT64.c:22:29: error: expected ‘)’ before ‘__int64’
/home/fenics/shared/VTK-build/CMakeFiles/CheckTypeSize/UNSIGNED___INT64.c:23:28: error: expected ‘)’ before ‘__int64’
CMakeFiles/cmTC_bb42b.dir/build.make:65: recipe for target 'CMakeFiles/cmTC_bb42b.dir/UNSIGNED___INT64.c.o' failed
make[1]: *** [CMakeFiles/cmTC_bb42b.dir/UNSIGNED___INT64.c.o] Error 1
make[1]: Leaving directory '/home/fenics/shared/VTK-build/CMakeFiles/CMakeTmp'
Makefile:126: recipe for target 'cmTC_bb42b/fast' failed
make: *** [cmTC_bb42b/fast] Error 2

/home/fenics/shared/VTK-build/CMakeFiles/CheckTypeSize/UNSIGNED___INT64.c:
#include <sys/types.h>
#include <stdint.h>
#include <stddef.h>


#undef KEY
#if defined(__i386)
# define KEY '_','_','i','3','8','6'
#elif defined(__x86_64)
# define KEY '_','_','x','8','6','_','6','4'
#elif defined(__ppc__)
# define KEY '_','_','p','p','c','_','_'
#elif defined(__ppc64__)
# define KEY '_','_','p','p','c','6','4','_','_'
#endif

#define SIZE (sizeof(unsigned __int64))
char info_size[] =  {'I', 'N', 'F', 'O', ':', 's','i','z','e','[',
  ('0' + ((SIZE / 10000)%10)),
  ('0' + ((SIZE / 1000)%10)),
  ('0' + ((SIZE / 100)%10)),
  ('0' + ((SIZE / 10)%10)),
  ('0' +  (SIZE    % 10)),
  ']',
#ifdef KEY
  ' ','k','e','y','[', KEY, ']',
#endif
  '\0'};

#ifdef __CLASSIC_C__
int main(argc, argv) int argc; char *argv[];
#else
int main(int argc, char *argv[])
#endif
{
  int require = 0;
  require += info_size[argc];
  (void)argv;
  return require;
}


Determining if the getrandom exist failed with the following output:
Change Dir: /home/fenics/shared/VTK-build/CMakeFiles/CMakeTmp

Run Build Command:"/usr/bin/make" "cmTC_8d479/fast"
/usr/bin/make -f CMakeFiles/cmTC_8d479.dir/build.make CMakeFiles/cmTC_8d479.dir/build
make[1]: Entering directory '/home/fenics/shared/VTK-build/CMakeFiles/CMakeTmp'
Building C object CMakeFiles/cmTC_8d479.dir/CheckSymbolExists.c.o
/usr/lib/ccache/cc    -w -w    -o CMakeFiles/cmTC_8d479.dir/CheckSymbolExists.c.o   -c /home/fenics/shared/VTK-build/CMakeFiles/CMakeTmp/CheckSymbolExists.c
/home/fenics/shared/VTK-build/CMakeFiles/CMakeTmp/CheckSymbolExists.c:2:24: fatal error: sys/random.h: No such file or directory
compilation terminated.
CMakeFiles/cmTC_8d479.dir/build.make:65: recipe for target 'CMakeFiles/cmTC_8d479.dir/CheckSymbolExists.c.o' failed
make[1]: *** [CMakeFiles/cmTC_8d479.dir/CheckSymbolExists.c.o] Error 1
make[1]: Leaving directory '/home/fenics/shared/VTK-build/CMakeFiles/CMakeTmp'
Makefile:126: recipe for target 'cmTC_8d479/fast' failed
make: *** [cmTC_8d479/fast] Error 2

File /home/fenics/shared/VTK-build/CMakeFiles/CMakeTmp/CheckSymbolExists.c:
/* */
#include <sys/random.h>

int main(int argc, char** argv)
{
  (void)argv;
#ifndef getrandom
  return ((int*)(&getrandom))[argc];
#else
  (void)argc;
  return 0;
#endif
}

Determining if the arc4random_buf exist failed with the following output:
Change Dir: /home/fenics/shared/VTK-build/CMakeFiles/CMakeTmp

Run Build Command:"/usr/bin/make" "cmTC_21b19/fast"
/usr/bin/make -f CMakeFiles/cmTC_21b19.dir/build.make CMakeFiles/cmTC_21b19.dir/build
make[1]: Entering directory '/home/fenics/shared/VTK-build/CMakeFiles/CMakeTmp'
Building C object CMakeFiles/cmTC_21b19.dir/CheckSymbolExists.c.o
/usr/lib/ccache/cc    -w -w    -o CMakeFiles/cmTC_21b19.dir/CheckSymbolExists.c.o   -c /home/fenics/shared/VTK-build/CMakeFiles/CMakeTmp/CheckSymbolExists.c
/home/fenics/shared/VTK-build/CMakeFiles/CMakeTmp/CheckSymbolExists.c: In function ‘main’:
/home/fenics/shared/VTK-build/CMakeFiles/CMakeTmp/CheckSymbolExists.c:8:19: error: ‘arc4random_buf’ undeclared (first use in this function)
   return ((int*)(&arc4random_buf))[argc];
                   ^
/home/fenics/shared/VTK-build/CMakeFiles/CMakeTmp/CheckSymbolExists.c:8:19: note: each undeclared identifier is reported only once for each function it appears in
CMakeFiles/cmTC_21b19.dir/build.make:65: recipe for target 'CMakeFiles/cmTC_21b19.dir/CheckSymbolExists.c.o' failed
make[1]: *** [CMakeFiles/cmTC_21b19.dir/CheckSymbolExists.c.o] Error 1
make[1]: Leaving directory '/home/fenics/shared/VTK-build/CMakeFiles/CMakeTmp'
Makefile:126: recipe for target 'cmTC_21b19/fast' failed
make: *** [cmTC_21b19/fast] Error 2

File /home/fenics/shared/VTK-build/CMakeFiles/CMakeTmp/CheckSymbolExists.c:
/* */
#include <stdlib.h>

int main(int argc, char** argv)
{
  (void)argv;
#ifndef arc4random_buf
  return ((int*)(&arc4random_buf))[argc];
#else
  (void)argc;
  return 0;
#endif
}

Determining if the arc4random exist failed with the following output:
Change Dir: /home/fenics/shared/VTK-build/CMakeFiles/CMakeTmp

Run Build Command:"/usr/bin/make" "cmTC_29014/fast"
/usr/bin/make -f CMakeFiles/cmTC_29014.dir/build.make CMakeFiles/cmTC_29014.dir/build
make[1]: Entering directory '/home/fenics/shared/VTK-build/CMakeFiles/CMakeTmp'
Building C object CMakeFiles/cmTC_29014.dir/CheckSymbolExists.c.o
/usr/lib/ccache/cc    -w -w    -o CMakeFiles/cmTC_29014.dir/CheckSymbolExists.c.o   -c /home/fenics/shared/VTK-build/CMakeFiles/CMakeTmp/CheckSymbolExists.c
/home/fenics/shared/VTK-build/CMakeFiles/CMakeTmp/CheckSymbolExists.c: In function ‘main’:
/home/fenics/shared/VTK-build/CMakeFiles/CMakeTmp/CheckSymbolExists.c:8:19: error: ‘arc4random’ undeclared (first use in this function)
   return ((int*)(&arc4random))[argc];
                   ^
/home/fenics/shared/VTK-build/CMakeFiles/CMakeTmp/CheckSymbolExists.c:8:19: note: each undeclared identifier is reported only once for each function it appears in
CMakeFiles/cmTC_29014.dir/build.make:65: recipe for target 'CMakeFiles/cmTC_29014.dir/CheckSymbolExists.c.o' failed
make[1]: *** [CMakeFiles/cmTC_29014.dir/CheckSymbolExists.c.o] Error 1
make[1]: Leaving directory '/home/fenics/shared/VTK-build/CMakeFiles/CMakeTmp'
Makefile:126: recipe for target 'cmTC_29014/fast' failed
make: *** [cmTC_29014/fast] Error 2

File /home/fenics/shared/VTK-build/CMakeFiles/CMakeTmp/CheckSymbolExists.c:
/* */
#include <stdlib.h>

int main(int argc, char** argv)
{
  (void)argv;
#ifndef arc4random
  return ((int*)(&arc4random))[argc];
#else
  (void)argc;
  return 0;
#endif
}

Determining if the off_t exist failed with the following output:
Change Dir: /home/fenics/shared/VTK-build/CMakeFiles/CMakeTmp

Run Build Command:"/usr/bin/make" "cmTC_c3b2f/fast"
/usr/bin/make -f CMakeFiles/cmTC_c3b2f.dir/build.make CMakeFiles/cmTC_c3b2f.dir/build
make[1]: Entering directory '/home/fenics/shared/VTK-build/CMakeFiles/CMakeTmp'
Building C object CMakeFiles/cmTC_c3b2f.dir/CheckSymbolExists.c.o
/usr/lib/ccache/cc    -w -w    -o CMakeFiles/cmTC_c3b2f.dir/CheckSymbolExists.c.o   -c /home/fenics/shared/VTK-build/CMakeFiles/CMakeTmp/CheckSymbolExists.c
/home/fenics/shared/VTK-build/CMakeFiles/CMakeTmp/CheckSymbolExists.c: In function ‘main’:
/home/fenics/shared/VTK-build/CMakeFiles/CMakeTmp/CheckSymbolExists.c:8:19: error: expected expression before ‘off_t’
   return ((int*)(&off_t))[argc];
                   ^
CMakeFiles/cmTC_c3b2f.dir/build.make:65: recipe for target 'CMakeFiles/cmTC_c3b2f.dir/CheckSymbolExists.c.o' failed
make[1]: *** [CMakeFiles/cmTC_c3b2f.dir/CheckSymbolExists.c.o] Error 1
make[1]: Leaving directory '/home/fenics/shared/VTK-build/CMakeFiles/CMakeTmp'
Makefile:126: recipe for target 'cmTC_c3b2f/fast' failed
make: *** [cmTC_c3b2f/fast] Error 2

File /home/fenics/shared/VTK-build/CMakeFiles/CMakeTmp/CheckSymbolExists.c:
/* */
#include <sys/types.h>

int main(int argc, char** argv)
{
  (void)argv;
#ifndef off_t
  return ((int*)(&off_t))[argc];
#else
  (void)argc;
  return 0;
#endif
}

Determining if the size_t exist failed with the following output:
Change Dir: /home/fenics/shared/VTK-build/CMakeFiles/CMakeTmp

Run Build Command:"/usr/bin/make" "cmTC_7e72c/fast"
/usr/bin/make -f CMakeFiles/cmTC_7e72c.dir/build.make CMakeFiles/cmTC_7e72c.dir/build
make[1]: Entering directory '/home/fenics/shared/VTK-build/CMakeFiles/CMakeTmp'
Building C object CMakeFiles/cmTC_7e72c.dir/CheckSymbolExists.c.o
/usr/lib/ccache/cc    -w -w    -o CMakeFiles/cmTC_7e72c.dir/CheckSymbolExists.c.o   -c /home/fenics/shared/VTK-build/CMakeFiles/CMakeTmp/CheckSymbolExists.c
/home/fenics/shared/VTK-build/CMakeFiles/CMakeTmp/CheckSymbolExists.c: In function ‘main’:
/home/fenics/shared/VTK-build/CMakeFiles/CMakeTmp/CheckSymbolExists.c:8:19: error: expected expression before ‘size_t’
   return ((int*)(&size_t))[argc];
                   ^
CMakeFiles/cmTC_7e72c.dir/build.make:65: recipe for target 'CMakeFiles/cmTC_7e72c.dir/CheckSymbolExists.c.o' failed
make[1]: *** [CMakeFiles/cmTC_7e72c.dir/CheckSymbolExists.c.o] Error 1
make[1]: Leaving directory '/home/fenics/shared/VTK-build/CMakeFiles/CMakeTmp'
Makefile:126: recipe for target 'cmTC_7e72c/fast' failed
make: *** [cmTC_7e72c/fast] Error 2

File /home/fenics/shared/VTK-build/CMakeFiles/CMakeTmp/CheckSymbolExists.c:
/* */
#include <sys/types.h>

int main(int argc, char** argv)
{
  (void)argv;
#ifndef size_t
  return ((int*)(&size_t))[argc];
#else
  (void)argc;
  return 0;
#endif
}

Determining if the function shl_load exists in the dld;dl failed with the following output:
Change Dir: /home/fenics/shared/VTK-build/CMakeFiles/CMakeTmp

Run Build Command:"/usr/bin/make" "cmTC_31b73/fast"
/usr/bin/make -f CMakeFiles/cmTC_31b73.dir/build.make CMakeFiles/cmTC_31b73.dir/build
make[1]: Entering directory '/home/fenics/shared/VTK-build/CMakeFiles/CMakeTmp'
Building C object CMakeFiles/cmTC_31b73.dir/CheckFunctionExists.c.o
/usr/lib/ccache/cc    -w -w -DCHECK_FUNCTION_EXISTS=shl_load   -o CMakeFiles/cmTC_31b73.dir/CheckFunctionExists.c.o   -c /usr/share/cmake-3.5/Modules/CheckFunctionExists.c
Linking C executable cmTC_31b73
/usr/bin/cmake -E cmake_link_script CMakeFiles/cmTC_31b73.dir/link.txt --verbose=1
/usr/lib/ccache/cc    -w -w -DCHECK_FUNCTION_EXISTS=shl_load   -Wl,-lc  -Wl,-lc    CMakeFiles/cmTC_31b73.dir/CheckFunctionExists.c.o  -o cmTC_31b73 -rdynamic -ldld -ldl 
/usr/bin/ld: cannot find -ldld
collect2: error: ld returned 1 exit status
CMakeFiles/cmTC_31b73.dir/build.make:97: recipe for target 'cmTC_31b73' failed
make[1]: *** [cmTC_31b73] Error 1
make[1]: Leaving directory '/home/fenics/shared/VTK-build/CMakeFiles/CMakeTmp'
Makefile:126: recipe for target 'cmTC_31b73/fast' failed
make: *** [cmTC_31b73/fast] Error 2


Determining if files stdio.h;stddef.h;sys/types.h;inttypes.h;dlfcn.h;fcntl.h;malloc.h;memory.h;netdb.h;limits.h;sys/socket.h;netinet/in.h;sys/select.h;stdint.h;stdlib.h;string.h;strings.h;sys/stat.h;sys/time.h;time.h;unistd.h;signal.h;errno.h;ansidecl.h exist failed with the following output:
Change Dir: /home/fenics/shared/VTK-build/CMakeFiles/CMakeTmp

Run Build Command:"/usr/bin/make" "cmTC_3d71f/fast"
/usr/bin/make -f CMakeFiles/cmTC_3d71f.dir/build.make CMakeFiles/cmTC_3d71f.dir/build
make[1]: Entering directory '/home/fenics/shared/VTK-build/CMakeFiles/CMakeTmp'
Building C object CMakeFiles/cmTC_3d71f.dir/CheckIncludeFiles.c.o
/usr/lib/ccache/cc  -D_GNU_SOURCE  -w -w    -o CMakeFiles/cmTC_3d71f.dir/CheckIncludeFiles.c.o   -c /home/fenics/shared/VTK-build/CMakeFiles/CMakeTmp/CheckIncludeFiles.c
/home/fenics/shared/VTK-build/CMakeFiles/CMakeTmp/CheckIncludeFiles.c:25:22: fatal error: ansidecl.h: No such file or directory
compilation terminated.
CMakeFiles/cmTC_3d71f.dir/build.make:65: recipe for target 'CMakeFiles/cmTC_3d71f.dir/CheckIncludeFiles.c.o' failed
make[1]: *** [CMakeFiles/cmTC_3d71f.dir/CheckIncludeFiles.c.o] Error 1
make[1]: Leaving directory '/home/fenics/shared/VTK-build/CMakeFiles/CMakeTmp'
Makefile:126: recipe for target 'cmTC_3d71f/fast' failed
make: *** [cmTC_3d71f/fast] Error 2

Source:
/* */
#include <stdio.h>
#include <stddef.h>
#include <sys/types.h>
#include <inttypes.h>
#include <dlfcn.h>
#include <fcntl.h>
#include <malloc.h>
#include <memory.h>
#include <netdb.h>
#include <limits.h>
#include <sys/socket.h>
#include <netinet/in.h>
#include <sys/select.h>
#include <stdint.h>
#include <stdlib.h>
#include <string.h>
#include <strings.h>
#include <sys/stat.h>
#include <sys/time.h>
#include <time.h>
#include <unistd.h>
#include <signal.h>
#include <errno.h>
#include <ansidecl.h>


int main(void){return 0;}

Determining if files stdio.h;stddef.h;sys/types.h;inttypes.h;dlfcn.h;fcntl.h;malloc.h;memory.h;netdb.h;limits.h;sys/socket.h;netinet/in.h;sys/select.h;stdint.h;stdlib.h;string.h;strings.h;sys/stat.h;sys/time.h;time.h;unistd.h;signal.h;errno.h;arpa/inet.h;arpa/nameser.h;ctype.h;dirent.h;dl.h exist failed with the following output:
Change Dir: /home/fenics/shared/VTK-build/CMakeFiles/CMakeTmp

Run Build Command:"/usr/bin/make" "cmTC_a7c3b/fast"
/usr/bin/make -f CMakeFiles/cmTC_a7c3b.dir/build.make CMakeFiles/cmTC_a7c3b.dir/build
make[1]: Entering directory '/home/fenics/shared/VTK-build/CMakeFiles/CMakeTmp'
Building C object CMakeFiles/cmTC_a7c3b.dir/CheckIncludeFiles.c.o
/usr/lib/ccache/cc  -D_GNU_SOURCE  -w -w    -o CMakeFiles/cmTC_a7c3b.dir/CheckIncludeFiles.c.o   -c /home/fenics/shared/VTK-build/CMakeFiles/CMakeTmp/CheckIncludeFiles.c
/home/fenics/shared/VTK-build/CMakeFiles/CMakeTmp/CheckIncludeFiles.c:29:16: fatal error: dl.h: No such file or directory
compilation terminated.
CMakeFiles/cmTC_a7c3b.dir/build.make:65: recipe for target 'CMakeFiles/cmTC_a7c3b.dir/CheckIncludeFiles.c.o' failed
make[1]: *** [CMakeFiles/cmTC_a7c3b.dir/CheckIncludeFiles.c.o] Error 1
make[1]: Leaving directory '/home/fenics/shared/VTK-build/CMakeFiles/CMakeTmp'
Makefile:126: recipe for target 'cmTC_a7c3b/fast' failed
make: *** [cmTC_a7c3b/fast] Error 2

Source:
/* */
#include <stdio.h>
#include <stddef.h>
#include <sys/types.h>
#include <inttypes.h>
#include <dlfcn.h>
#include <fcntl.h>
#include <malloc.h>
#include <memory.h>
#include <netdb.h>
#include <limits.h>
#include <sys/socket.h>
#include <netinet/in.h>
#include <sys/select.h>
#include <stdint.h>
#include <stdlib.h>
#include <string.h>
#include <strings.h>
#include <sys/stat.h>
#include <sys/time.h>
#include <time.h>
#include <unistd.h>
#include <signal.h>
#include <errno.h>
#include <arpa/inet.h>
#include <arpa/nameser.h>
#include <ctype.h>
#include <dirent.h>
#include <dl.h>


int main(void){return 0;}

Determining if files stdio.h;stddef.h;sys/types.h;inttypes.h;dlfcn.h;fcntl.h;malloc.h;memory.h;netdb.h;limits.h;sys/socket.h;netinet/in.h;sys/select.h;stdint.h;stdlib.h;string.h;strings.h;sys/stat.h;sys/time.h;time.h;unistd.h;signal.h;errno.h;arpa/inet.h;arpa/nameser.h;ctype.h;dirent.h;float.h;fp_class.h exist failed with the following output:
Change Dir: /home/fenics/shared/VTK-build/CMakeFiles/CMakeTmp

Run Build Command:"/usr/bin/make" "cmTC_d1d0f/fast"
/usr/bin/make -f CMakeFiles/cmTC_d1d0f.dir/build.make CMakeFiles/cmTC_d1d0f.dir/build
make[1]: Entering directory '/home/fenics/shared/VTK-build/CMakeFiles/CMakeTmp'
Building C object CMakeFiles/cmTC_d1d0f.dir/CheckIncludeFiles.c.o
/usr/lib/ccache/cc  -D_GNU_SOURCE  -w -w    -o CMakeFiles/cmTC_d1d0f.dir/CheckIncludeFiles.c.o   -c /home/fenics/shared/VTK-build/CMakeFiles/CMakeTmp/CheckIncludeFiles.c
/home/fenics/shared/VTK-build/CMakeFiles/CMakeTmp/CheckIncludeFiles.c:30:22: fatal error: fp_class.h: No such file or directory
compilation terminated.
CMakeFiles/cmTC_d1d0f.dir/build.make:65: recipe for target 'CMakeFiles/cmTC_d1d0f.dir/CheckIncludeFiles.c.o' failed
make[1]: *** [CMakeFiles/cmTC_d1d0f.dir/CheckIncludeFiles.c.o] Error 1
make[1]: Leaving directory '/home/fenics/shared/VTK-build/CMakeFiles/CMakeTmp'
Makefile:126: recipe for target 'cmTC_d1d0f/fast' failed
make: *** [cmTC_d1d0f/fast] Error 2

Source:
/* */
#include <stdio.h>
#include <stddef.h>
#include <sys/types.h>
#include <inttypes.h>
#include <dlfcn.h>
#include <fcntl.h>
#include <malloc.h>
#include <memory.h>
#include <netdb.h>
#include <limits.h>
#include <sys/socket.h>
#include <netinet/in.h>
#include <sys/select.h>
#include <stdint.h>
#include <stdlib.h>
#include <string.h>
#include <strings.h>
#include <sys/stat.h>
#include <sys/time.h>
#include <time.h>
#include <unistd.h>
#include <signal.h>
#include <errno.h>
#include <arpa/inet.h>
#include <arpa/nameser.h>
#include <ctype.h>
#include <dirent.h>
#include <float.h>
#include <fp_class.h>


int main(void){return 0;}

Determining if files stdio.h;stddef.h;sys/types.h;inttypes.h;dlfcn.h;fcntl.h;malloc.h;memory.h;netdb.h;limits.h;sys/socket.h;netinet/in.h;sys/select.h;stdint.h;stdlib.h;string.h;strings.h;sys/stat.h;sys/time.h;time.h;unistd.h;signal.h;errno.h;arpa/inet.h;arpa/nameser.h;ctype.h;dirent.h;float.h;ieeefp.h exist failed with the following output:
Change Dir: /home/fenics/shared/VTK-build/CMakeFiles/CMakeTmp

Run Build Command:"/usr/bin/make" "cmTC_d7f9b/fast"
/usr/bin/make -f CMakeFiles/cmTC_d7f9b.dir/build.make CMakeFiles/cmTC_d7f9b.dir/build
make[1]: Entering directory '/home/fenics/shared/VTK-build/CMakeFiles/CMakeTmp'
Building C object CMakeFiles/cmTC_d7f9b.dir/CheckIncludeFiles.c.o
/usr/lib/ccache/cc  -D_GNU_SOURCE  -w -w    -o CMakeFiles/cmTC_d7f9b.dir/CheckIncludeFiles.c.o   -c /home/fenics/shared/VTK-build/CMakeFiles/CMakeTmp/CheckIncludeFiles.c
/home/fenics/shared/VTK-build/CMakeFiles/CMakeTmp/CheckIncludeFiles.c:30:20: fatal error: ieeefp.h: No such file or directory
compilation terminated.
CMakeFiles/cmTC_d7f9b.dir/build.make:65: recipe for target 'CMakeFiles/cmTC_d7f9b.dir/CheckIncludeFiles.c.o' failed
make[1]: *** [CMakeFiles/cmTC_d7f9b.dir/CheckIncludeFiles.c.o] Error 1
make[1]: Leaving directory '/home/fenics/shared/VTK-build/CMakeFiles/CMakeTmp'
Makefile:126: recipe for target 'cmTC_d7f9b/fast' failed
make: *** [cmTC_d7f9b/fast] Error 2

Source:
/* */
#include <stdio.h>
#include <stddef.h>
#include <sys/types.h>
#include <inttypes.h>
#include <dlfcn.h>
#include <fcntl.h>
#include <malloc.h>
#include <memory.h>
#include <netdb.h>
#include <limits.h>
#include <sys/socket.h>
#include <netinet/in.h>
#include <sys/select.h>
#include <stdint.h>
#include <stdlib.h>
#include <string.h>
#include <strings.h>
#include <sys/stat.h>
#include <sys/time.h>
#include <time.h>
#include <unistd.h>
#include <signal.h>
#include <errno.h>
#include <arpa/inet.h>
#include <arpa/nameser.h>
#include <ctype.h>
#include <dirent.h>
#include <float.h>
#include <ieeefp.h>


int main(void){return 0;}

Determining if files stdio.h;stddef.h;sys/types.h;inttypes.h;dlfcn.h;fcntl.h;malloc.h;memory.h;netdb.h;limits.h;sys/socket.h;netinet/in.h;sys/select.h;stdint.h;stdlib.h;string.h;strings.h;sys/stat.h;sys/time.h;time.h;unistd.h;signal.h;errno.h;arpa/inet.h;arpa/nameser.h;ctype.h;dirent.h;float.h;math.h;nan.h exist failed with the following output:
Change Dir: /home/fenics/shared/VTK-build/CMakeFiles/CMakeTmp

Run Build Command:"/usr/bin/make" "cmTC_7159c/fast"
/usr/bin/make -f CMakeFiles/cmTC_7159c.dir/build.make CMakeFiles/cmTC_7159c.dir/build
make[1]: Entering directory '/home/fenics/shared/VTK-build/CMakeFiles/CMakeTmp'
Building C object CMakeFiles/cmTC_7159c.dir/CheckIncludeFiles.c.o
/usr/lib/ccache/cc  -D_GNU_SOURCE  -w -w    -o CMakeFiles/cmTC_7159c.dir/CheckIncludeFiles.c.o   -c /home/fenics/shared/VTK-build/CMakeFiles/CMakeTmp/CheckIncludeFiles.c
/home/fenics/shared/VTK-build/CMakeFiles/CMakeTmp/CheckIncludeFiles.c:31:17: fatal error: nan.h: No such file or directory
compilation terminated.
CMakeFiles/cmTC_7159c.dir/build.make:65: recipe for target 'CMakeFiles/cmTC_7159c.dir/CheckIncludeFiles.c.o' failed
make[1]: *** [CMakeFiles/cmTC_7159c.dir/CheckIncludeFiles.c.o] Error 1
make[1]: Leaving directory '/home/fenics/shared/VTK-build/CMakeFiles/CMakeTmp'
Makefile:126: recipe for target 'cmTC_7159c/fast' failed
make: *** [cmTC_7159c/fast] Error 2

Source:
/* */
#include <stdio.h>
#include <stddef.h>
#include <sys/types.h>
#include <inttypes.h>
#include <dlfcn.h>
#include <fcntl.h>
#include <malloc.h>
#include <memory.h>
#include <netdb.h>
#include <limits.h>
#include <sys/socket.h>
#include <netinet/in.h>
#include <sys/select.h>
#include <stdint.h>
#include <stdlib.h>
#include <string.h>
#include <strings.h>
#include <sys/stat.h>
#include <sys/time.h>
#include <time.h>
#include <unistd.h>
#include <signal.h>
#include <errno.h>
#include <arpa/inet.h>
#include <arpa/nameser.h>
#include <ctype.h>
#include <dirent.h>
#include <float.h>
#include <math.h>
#include <nan.h>


int main(void){return 0;}

Determining if files stdio.h;stddef.h;sys/types.h;inttypes.h;dlfcn.h;fcntl.h;malloc.h;memory.h;netdb.h;limits.h;sys/socket.h;netinet/in.h;sys/select.h;stdint.h;stdlib.h;string.h;strings.h;sys/stat.h;sys/time.h;time.h;unistd.h;signal.h;errno.h;arpa/inet.h;arpa/nameser.h;ctype.h;dirent.h;float.h;math.h;ndir.h exist failed with the following output:
Change Dir: /home/fenics/shared/VTK-build/CMakeFiles/CMakeTmp

Run Build Command:"/usr/bin/make" "cmTC_57f96/fast"
/usr/bin/make -f CMakeFiles/cmTC_57f96.dir/build.make CMakeFiles/cmTC_57f96.dir/build
make[1]: Entering directory '/home/fenics/shared/VTK-build/CMakeFiles/CMakeTmp'
Building C object CMakeFiles/cmTC_57f96.dir/CheckIncludeFiles.c.o
/usr/lib/ccache/cc  -D_GNU_SOURCE  -w -w    -o CMakeFiles/cmTC_57f96.dir/CheckIncludeFiles.c.o   -c /home/fenics/shared/VTK-build/CMakeFiles/CMakeTmp/CheckIncludeFiles.c
/home/fenics/shared/VTK-build/CMakeFiles/CMakeTmp/CheckIncludeFiles.c:31:18: fatal error: ndir.h: No such file or directory
compilation terminated.
CMakeFiles/cmTC_57f96.dir/build.make:65: recipe for target 'CMakeFiles/cmTC_57f96.dir/CheckIncludeFiles.c.o' failed
make[1]: *** [CMakeFiles/cmTC_57f96.dir/CheckIncludeFiles.c.o] Error 1
make[1]: Leaving directory '/home/fenics/shared/VTK-build/CMakeFiles/CMakeTmp'
Makefile:126: recipe for target 'cmTC_57f96/fast' failed
make: *** [cmTC_57f96/fast] Error 2

Source:
/* */
#include <stdio.h>
#include <stddef.h>
#include <sys/types.h>
#include <inttypes.h>
#include <dlfcn.h>
#include <fcntl.h>
#include <malloc.h>
#include <memory.h>
#include <netdb.h>
#include <limits.h>
#include <sys/socket.h>
#include <netinet/in.h>
#include <sys/select.h>
#include <stdint.h>
#include <stdlib.h>
#include <string.h>
#include <strings.h>
#include <sys/stat.h>
#include <sys/time.h>
#include <time.h>
#include <unistd.h>
#include <signal.h>
#include <errno.h>
#include <arpa/inet.h>
#include <arpa/nameser.h>
#include <ctype.h>
#include <dirent.h>
#include <float.h>
#include <math.h>
#include <ndir.h>


int main(void){return 0;}

Determining if the fpclass exist failed with the following output:
Change Dir: /home/fenics/shared/VTK-build/CMakeFiles/CMakeTmp

Run Build Command:"/usr/bin/make" "cmTC_2c1c7/fast"
/usr/bin/make -f CMakeFiles/cmTC_2c1c7.dir/build.make CMakeFiles/cmTC_2c1c7.dir/build
make[1]: Entering directory '/home/fenics/shared/VTK-build/CMakeFiles/CMakeTmp'
Building C object CMakeFiles/cmTC_2c1c7.dir/CheckSymbolExists.c.o
/usr/lib/ccache/cc  -D_GNU_SOURCE  -w -w    -o CMakeFiles/cmTC_2c1c7.dir/CheckSymbolExists.c.o   -c /home/fenics/shared/VTK-build/CMakeFiles/CMakeTmp/CheckSymbolExists.c
/home/fenics/shared/VTK-build/CMakeFiles/CMakeTmp/CheckSymbolExists.c: In function ‘main’:
/home/fenics/shared/VTK-build/CMakeFiles/CMakeTmp/CheckSymbolExists.c:41:19: error: ‘fpclass’ undeclared (first use in this function)
   return ((int*)(&fpclass))[argc];
                   ^
/home/fenics/shared/VTK-build/CMakeFiles/CMakeTmp/CheckSymbolExists.c:41:19: note: each undeclared identifier is reported only once for each function it appears in
CMakeFiles/cmTC_2c1c7.dir/build.make:65: recipe for target 'CMakeFiles/cmTC_2c1c7.dir/CheckSymbolExists.c.o' failed
make[1]: *** [CMakeFiles/cmTC_2c1c7.dir/CheckSymbolExists.c.o] Error 1
make[1]: Leaving directory '/home/fenics/shared/VTK-build/CMakeFiles/CMakeTmp'
Makefile:126: recipe for target 'cmTC_2c1c7/fast' failed
make: *** [cmTC_2c1c7/fast] Error 2

File /home/fenics/shared/VTK-build/CMakeFiles/CMakeTmp/CheckSymbolExists.c:
/* */
#include <stdio.h>
#include <stddef.h>
#include <sys/types.h>
#include <inttypes.h>
#include <dlfcn.h>
#include <fcntl.h>
#include <malloc.h>
#include <memory.h>
#include <netdb.h>
#include <limits.h>
#include <sys/socket.h>
#include <netinet/in.h>
#include <sys/select.h>
#include <stdint.h>
#include <stdlib.h>
#include <string.h>
#include <strings.h>
#include <sys/stat.h>
#include <sys/time.h>
#include <time.h>
#include <unistd.h>
#include <signal.h>
#include <errno.h>
#include <arpa/inet.h>
#include <arpa/nameser.h>
#include <ctype.h>
#include <dirent.h>
#include <float.h>
#include <math.h>
#include <pthread.h>
#include <resolv.h>
#include <stdarg.h>
#include <sys/mman.h>
#include <sys/timeb.h>

int main(int argc, char** argv)
{
  (void)argv;
#ifndef fpclass
  return ((int*)(&fpclass))[argc];
#else
  (void)argc;
  return 0;
#endif
}

Determining if the fp_class exist failed with the following output:
Change Dir: /home/fenics/shared/VTK-build/CMakeFiles/CMakeTmp

Run Build Command:"/usr/bin/make" "cmTC_b170d/fast"
/usr/bin/make -f CMakeFiles/cmTC_b170d.dir/build.make CMakeFiles/cmTC_b170d.dir/build
make[1]: Entering directory '/home/fenics/shared/VTK-build/CMakeFiles/CMakeTmp'
Building C object CMakeFiles/cmTC_b170d.dir/CheckSymbolExists.c.o
/usr/lib/ccache/cc  -D_GNU_SOURCE  -w -w    -o CMakeFiles/cmTC_b170d.dir/CheckSymbolExists.c.o   -c /home/fenics/shared/VTK-build/CMakeFiles/CMakeTmp/CheckSymbolExists.c
/home/fenics/shared/VTK-build/CMakeFiles/CMakeTmp/CheckSymbolExists.c: In function ‘main’:
/home/fenics/shared/VTK-build/CMakeFiles/CMakeTmp/CheckSymbolExists.c:41:19: error: ‘fp_class’ undeclared (first use in this function)
   return ((int*)(&fp_class))[argc];
                   ^
/home/fenics/shared/VTK-build/CMakeFiles/CMakeTmp/CheckSymbolExists.c:41:19: note: each undeclared identifier is reported only once for each function it appears in
CMakeFiles/cmTC_b170d.dir/build.make:65: recipe for target 'CMakeFiles/cmTC_b170d.dir/CheckSymbolExists.c.o' failed
make[1]: *** [CMakeFiles/cmTC_b170d.dir/CheckSymbolExists.c.o] Error 1
make[1]: Leaving directory '/home/fenics/shared/VTK-build/CMakeFiles/CMakeTmp'
Makefile:126: recipe for target 'cmTC_b170d/fast' failed
make: *** [cmTC_b170d/fast] Error 2

File /home/fenics/shared/VTK-build/CMakeFiles/CMakeTmp/CheckSymbolExists.c:
/* */
#include <stdio.h>
#include <stddef.h>
#include <sys/types.h>
#include <inttypes.h>
#include <dlfcn.h>
#include <fcntl.h>
#include <malloc.h>
#include <memory.h>
#include <netdb.h>
#include <limits.h>
#include <sys/socket.h>
#include <netinet/in.h>
#include <sys/select.h>
#include <stdint.h>
#include <stdlib.h>
#include <string.h>
#include <strings.h>
#include <sys/stat.h>
#include <sys/time.h>
#include <time.h>
#include <unistd.h>
#include <signal.h>
#include <errno.h>
#include <arpa/inet.h>
#include <arpa/nameser.h>
#include <ctype.h>
#include <dirent.h>
#include <float.h>
#include <math.h>
#include <pthread.h>
#include <resolv.h>
#include <stdarg.h>
#include <sys/mman.h>
#include <sys/timeb.h>

int main(int argc, char** argv)
{
  (void)argv;
#ifndef fp_class
  return ((int*)(&fp_class))[argc];
#else
  (void)argc;
  return 0;
#endif
}

Determining if the _stat exist failed with the following output:
Change Dir: /home/fenics/shared/VTK-build/CMakeFiles/CMakeTmp

Run Build Command:"/usr/bin/make" "cmTC_5d9f8/fast"
/usr/bin/make -f CMakeFiles/cmTC_5d9f8.dir/build.make CMakeFiles/cmTC_5d9f8.dir/build
make[1]: Entering directory '/home/fenics/shared/VTK-build/CMakeFiles/CMakeTmp'
Building C object CMakeFiles/cmTC_5d9f8.dir/CheckSymbolExists.c.o
/usr/lib/ccache/cc  -D_GNU_SOURCE  -w -w    -o CMakeFiles/cmTC_5d9f8.dir/CheckSymbolExists.c.o   -c /home/fenics/shared/VTK-build/CMakeFiles/CMakeTmp/CheckSymbolExists.c
/home/fenics/shared/VTK-build/CMakeFiles/CMakeTmp/CheckSymbolExists.c: In function ‘main’:
/home/fenics/shared/VTK-build/CMakeFiles/CMakeTmp/CheckSymbolExists.c:41:19: error: ‘_stat’ undeclared (first use in this function)
   return ((int*)(&_stat))[argc];
                   ^
/home/fenics/shared/VTK-build/CMakeFiles/CMakeTmp/CheckSymbolExists.c:41:19: note: each undeclared identifier is reported only once for each function it appears in
CMakeFiles/cmTC_5d9f8.dir/build.make:65: recipe for target 'CMakeFiles/cmTC_5d9f8.dir/CheckSymbolExists.c.o' failed
make[1]: *** [CMakeFiles/cmTC_5d9f8.dir/CheckSymbolExists.c.o] Error 1
make[1]: Leaving directory '/home/fenics/shared/VTK-build/CMakeFiles/CMakeTmp'
Makefile:126: recipe for target 'cmTC_5d9f8/fast' failed
make: *** [cmTC_5d9f8/fast] Error 2

File /home/fenics/shared/VTK-build/CMakeFiles/CMakeTmp/CheckSymbolExists.c:
/* */
#include <stdio.h>
#include <stddef.h>
#include <sys/types.h>
#include <inttypes.h>
#include <dlfcn.h>
#include <fcntl.h>
#include <malloc.h>
#include <memory.h>
#include <netdb.h>
#include <limits.h>
#include <sys/socket.h>
#include <netinet/in.h>
#include <sys/select.h>
#include <stdint.h>
#include <stdlib.h>
#include <string.h>
#include <strings.h>
#include <sys/stat.h>
#include <sys/time.h>
#include <time.h>
#include <unistd.h>
#include <signal.h>
#include <errno.h>
#include <arpa/inet.h>
#include <arpa/nameser.h>
#include <ctype.h>
#include <dirent.h>
#include <float.h>
#include <math.h>
#include <pthread.h>
#include <resolv.h>
#include <stdarg.h>
#include <sys/mman.h>
#include <sys/timeb.h>

int main(int argc, char** argv)
{
  (void)argv;
#ifndef _stat
  return ((int*)(&_stat))[argc];
#else
  (void)argc;
  return 0;
#endif
}

Checking for DIR in sys/ndir.h failed to compile with the following output:
Change Dir: /home/fenics/shared/VTK-build/ThirdParty/libxml2/vtklibxml2/CMakeFiles/CMakeTmp

Run Build Command:"/usr/bin/make" "cmTC_9a751/fast"
/usr/bin/make -f CMakeFiles/cmTC_9a751.dir/build.make CMakeFiles/cmTC_9a751.dir/build
make[1]: Entering directory '/home/fenics/shared/VTK-build/ThirdParty/libxml2/vtklibxml2/CMakeFiles/CMakeTmp'
Building C object CMakeFiles/cmTC_9a751.dir/platformTestsC.c.o
/usr/lib/ccache/cc  -DTEST_HAVE_SYS_NDIR_H  -w -w    -o CMakeFiles/cmTC_9a751.dir/platformTestsC.c.o   -c /home/fenics/shared/VTK/ThirdParty/libxml2/vtklibxml2/platformTestsC.c
/home/fenics/shared/VTK/ThirdParty/libxml2/vtklibxml2/platformTestsC.c:82:22: fatal error: sys/ndir.h: No such file or directory
compilation terminated.
CMakeFiles/cmTC_9a751.dir/build.make:65: recipe for target 'CMakeFiles/cmTC_9a751.dir/platformTestsC.c.o' failed
make[1]: *** [CMakeFiles/cmTC_9a751.dir/platformTestsC.c.o] Error 1
make[1]: Leaving directory '/home/fenics/shared/VTK-build/ThirdParty/libxml2/vtklibxml2/CMakeFiles/CMakeTmp'
Makefile:126: recipe for target 'cmTC_9a751/fast' failed
make: *** [cmTC_9a751/fast] Error 2


Determining if the include file io.h exists failed with the following output:
Change Dir: /home/fenics/shared/VTK-build/CMakeFiles/CMakeTmp

Run Build Command:"/usr/bin/make" "cmTC_cefd6/fast"
/usr/bin/make -f CMakeFiles/cmTC_cefd6.dir/build.make CMakeFiles/cmTC_cefd6.dir/build
make[1]: Entering directory '/home/fenics/shared/VTK-build/CMakeFiles/CMakeTmp'
Building C object CMakeFiles/cmTC_cefd6.dir/CheckIncludeFile.c.o
/usr/lib/ccache/cc    -w -w -Wall -Winline -W -Wformat-security -Wpointer-arith -Wdisabled-optimization -Wno-unknown-pragmas -Wdeclaration-after-statement -fstrict-aliasing    -o CMakeFiles/cmTC_cefd6.dir/CheckIncludeFile.c.o   -c /home/fenics/shared/VTK-build/CMakeFiles/CMakeTmp/CheckIncludeFile.c
/home/fenics/shared/VTK-build/CMakeFiles/CMakeTmp/CheckIncludeFile.c:1:16: fatal error: io.h: No such file or directory
compilation terminated.
CMakeFiles/cmTC_cefd6.dir/build.make:65: recipe for target 'CMakeFiles/cmTC_cefd6.dir/CheckIncludeFile.c.o' failed
make[1]: *** [CMakeFiles/cmTC_cefd6.dir/CheckIncludeFile.c.o] Error 1
make[1]: Leaving directory '/home/fenics/shared/VTK-build/CMakeFiles/CMakeTmp'
Makefile:126: recipe for target 'cmTC_cefd6/fast' failed
make: *** [cmTC_cefd6/fast] Error 2


Determining if the system is big endian passed with the following output:
Change Dir: /home/fenics/shared/VTK-build/CMakeFiles/CMakeTmp

Run Build Command:"/usr/bin/make" "cmTC_13ffe/fast"
/usr/bin/make -f CMakeFiles/cmTC_13ffe.dir/build.make CMakeFiles/cmTC_13ffe.dir/build
make[1]: Entering directory '/home/fenics/shared/VTK-build/CMakeFiles/CMakeTmp'
Building C object CMakeFiles/cmTC_13ffe.dir/TestEndianess.c.o
/usr/lib/ccache/cc    -w -w -Wall -Winline -W -Wformat-security -Wpointer-arith -Wdisabled-optimization -Wno-unknown-pragmas -Wdeclaration-after-statement -fstrict-aliasing    -o CMakeFiles/cmTC_13ffe.dir/TestEndianess.c.o   -c /home/fenics/shared/VTK-build/CMakeFiles/CMakeTmp/TestEndianess.c
Linking C executable cmTC_13ffe
/usr/bin/cmake -E cmake_link_script CMakeFiles/cmTC_13ffe.dir/link.txt --verbose=1
/usr/lib/ccache/cc    -w -w -Wall -Winline -W -Wformat-security -Wpointer-arith -Wdisabled-optimization -Wno-unknown-pragmas -Wdeclaration-after-statement -fstrict-aliasing    -Wl,-lc  -Wl,-lc    CMakeFiles/cmTC_13ffe.dir/TestEndianess.c.o  -o cmTC_13ffe -rdynamic 
make[1]: Leaving directory '/home/fenics/shared/VTK-build/CMakeFiles/CMakeTmp'

TestEndianess.c:
/* A 16 bit integer is required. */
typedef unsigned short cmakeint16;

/* On a little endian machine, these 16bit ints will give "THIS IS LITTLE ENDIAN."
   On a big endian machine the characters will be exchanged pairwise. */
const cmakeint16 info_little[] =  {0x4854, 0x5349, 0x4920, 0x2053, 0x494c, 0x5454, 0x454c, 0x4520, 0x444e, 0x4149, 0x2e4e, 0x0000};

/* on a big endian machine, these 16bit ints will give "THIS IS BIG ENDIAN."
   On a little endian machine the characters will be exchanged pairwise. */
const cmakeint16 info_big[] =     {0x5448, 0x4953, 0x2049, 0x5320, 0x4249, 0x4720, 0x454e, 0x4449, 0x414e, 0x2e2e, 0x0000};

#ifdef __CLASSIC_C__
int main(argc, argv) int argc; char *argv[];
#else
int main(int argc, char *argv[])
#endif
{
  int require = 0;
  require += info_little[argc];
  require += info_big[argc];
  (void)argv;
  return require;
}


Determining if the system is big endian passed with the following output:
Change Dir: /home/fenics/shared/VTK-build/CMakeFiles/CMakeTmp

Run Build Command:"/usr/bin/make" "cmTC_f3b79/fast"
/usr/bin/make -f CMakeFiles/cmTC_f3b79.dir/build.make CMakeFiles/cmTC_f3b79.dir/build
make[1]: Entering directory '/home/fenics/shared/VTK-build/CMakeFiles/CMakeTmp'
Building C object CMakeFiles/cmTC_f3b79.dir/TestEndianess.c.o
/usr/lib/ccache/cc    -w -w    -o CMakeFiles/cmTC_f3b79.dir/TestEndianess.c.o   -c /home/fenics/shared/VTK-build/CMakeFiles/CMakeTmp/TestEndianess.c
Linking C executable cmTC_f3b79
/usr/bin/cmake -E cmake_link_script CMakeFiles/cmTC_f3b79.dir/link.txt --verbose=1
/usr/lib/ccache/cc    -w -w    -Wl,-lc  -Wl,-lc    CMakeFiles/cmTC_f3b79.dir/TestEndianess.c.o  -o cmTC_f3b79 -rdynamic 
make[1]: Leaving directory '/home/fenics/shared/VTK-build/CMakeFiles/CMakeTmp'

TestEndianess.c:
/* A 16 bit integer is required. */
typedef unsigned short cmakeint16;

/* On a little endian machine, these 16bit ints will give "THIS IS LITTLE ENDIAN."
   On a big endian machine the characters will be exchanged pairwise. */
const cmakeint16 info_little[] =  {0x4854, 0x5349, 0x4920, 0x2053, 0x494c, 0x5454, 0x454c, 0x4520, 0x444e, 0x4149, 0x2e4e, 0x0000};

/* on a big endian machine, these 16bit ints will give "THIS IS BIG ENDIAN."
   On a little endian machine the characters will be exchanged pairwise. */
const cmakeint16 info_big[] =     {0x5448, 0x4953, 0x2049, 0x5320, 0x4249, 0x4720, 0x454e, 0x4449, 0x414e, 0x2e2e, 0x0000};

#ifdef __CLASSIC_C__
int main(argc, argv) int argc; char *argv[];
#else
int main(int argc, char *argv[])
#endif
{
  int require = 0;
  require += info_little[argc];
  require += info_big[argc];
  (void)argv;
  return require;
}


Determining if files sys/file.h;sys/ioctl.h;sys/resource.h;sys/stat.h;sys/time.h;sys/types.h;features.h;dirent.h;setjmp.h;stddef.h;stdint.h;unistd.h;io.h exist failed with the following output:
Change Dir: /home/fenics/shared/VTK-build/CMakeFiles/CMakeTmp

Run Build Command:"/usr/bin/make" "cmTC_12f4d/fast"
/usr/bin/make -f CMakeFiles/cmTC_12f4d.dir/build.make CMakeFiles/cmTC_12f4d.dir/build
make[1]: Entering directory '/home/fenics/shared/VTK-build/CMakeFiles/CMakeTmp'
Building C object CMakeFiles/cmTC_12f4d.dir/CheckIncludeFiles.c.o
/usr/lib/ccache/cc    -w -w    -o CMakeFiles/cmTC_12f4d.dir/CheckIncludeFiles.c.o   -c /home/fenics/shared/VTK-build/CMakeFiles/CMakeTmp/CheckIncludeFiles.c
/home/fenics/shared/VTK-build/CMakeFiles/CMakeTmp/CheckIncludeFiles.c:14:16: fatal error: io.h: No such file or directory
compilation terminated.
CMakeFiles/cmTC_12f4d.dir/build.make:65: recipe for target 'CMakeFiles/cmTC_12f4d.dir/CheckIncludeFiles.c.o' failed
make[1]: *** [CMakeFiles/cmTC_12f4d.dir/CheckIncludeFiles.c.o] Error 1
make[1]: Leaving directory '/home/fenics/shared/VTK-build/CMakeFiles/CMakeTmp'
Makefile:126: recipe for target 'cmTC_12f4d/fast' failed
make: *** [cmTC_12f4d/fast] Error 2

Source:
/* */
#include <sys/file.h>
#include <sys/ioctl.h>
#include <sys/resource.h>
#include <sys/stat.h>
#include <sys/time.h>
#include <sys/types.h>
#include <features.h>
#include <dirent.h>
#include <setjmp.h>
#include <stddef.h>
#include <stdint.h>
#include <unistd.h>
#include <io.h>


int main(void){return 0;}

Determining if files sys/file.h;sys/ioctl.h;sys/resource.h;sys/stat.h;sys/time.h;sys/types.h;features.h;dirent.h;setjmp.h;stddef.h;stdint.h;unistd.h;winsock2.h exist failed with the following output:
Change Dir: /home/fenics/shared/VTK-build/CMakeFiles/CMakeTmp

Run Build Command:"/usr/bin/make" "cmTC_e977b/fast"
/usr/bin/make -f CMakeFiles/cmTC_e977b.dir/build.make CMakeFiles/cmTC_e977b.dir/build
make[1]: Entering directory '/home/fenics/shared/VTK-build/CMakeFiles/CMakeTmp'
Building C object CMakeFiles/cmTC_e977b.dir/CheckIncludeFiles.c.o
/usr/lib/ccache/cc    -w -w    -o CMakeFiles/cmTC_e977b.dir/CheckIncludeFiles.c.o   -c /home/fenics/shared/VTK-build/CMakeFiles/CMakeTmp/CheckIncludeFiles.c
/home/fenics/shared/VTK-build/CMakeFiles/CMakeTmp/CheckIncludeFiles.c:14:22: fatal error: winsock2.h: No such file or directory
compilation terminated.
CMakeFiles/cmTC_e977b.dir/build.make:65: recipe for target 'CMakeFiles/cmTC_e977b.dir/CheckIncludeFiles.c.o' failed
make[1]: *** [CMakeFiles/cmTC_e977b.dir/CheckIncludeFiles.c.o] Error 1
make[1]: Leaving directory '/home/fenics/shared/VTK-build/CMakeFiles/CMakeTmp'
Makefile:126: recipe for target 'cmTC_e977b/fast' failed
make: *** [cmTC_e977b/fast] Error 2

Source:
/* */
#include <sys/file.h>
#include <sys/ioctl.h>
#include <sys/resource.h>
#include <sys/stat.h>
#include <sys/time.h>
#include <sys/types.h>
#include <features.h>
#include <dirent.h>
#include <setjmp.h>
#include <stddef.h>
#include <stdint.h>
#include <unistd.h>
#include <winsock2.h>


int main(void){return 0;}

Determining size of __int64 failed with the following output:
Change Dir: /home/fenics/shared/VTK-build/CMakeFiles/CMakeTmp

Run Build Command:"/usr/bin/make" "cmTC_1850d/fast"
/usr/bin/make -f CMakeFiles/cmTC_1850d.dir/build.make CMakeFiles/cmTC_1850d.dir/build
make[1]: Entering directory '/home/fenics/shared/VTK-build/CMakeFiles/CMakeTmp'
Building C object CMakeFiles/cmTC_1850d.dir/H5_SIZEOF___INT64.c.o
/usr/lib/ccache/cc  -D_FILE_OFFSET_BITS=64 -D_LARGEFILE64_SOURCE -D_LARGEFILE_SOURCE  -w -w    -o CMakeFiles/cmTC_1850d.dir/H5_SIZEOF___INT64.c.o   -c /home/fenics/shared/VTK-build/CMakeFiles/CheckTypeSize/H5_SIZEOF___INT64.c
/home/fenics/shared/VTK-build/CMakeFiles/CheckTypeSize/H5_SIZEOF___INT64.c:19:20: error: ‘__int64’ undeclared here (not in a function)
   ('0' + ((SIZE / 10000)%10)),
                    ^
CMakeFiles/cmTC_1850d.dir/build.make:65: recipe for target 'CMakeFiles/cmTC_1850d.dir/H5_SIZEOF___INT64.c.o' failed
make[1]: *** [CMakeFiles/cmTC_1850d.dir/H5_SIZEOF___INT64.c.o] Error 1
make[1]: Leaving directory '/home/fenics/shared/VTK-build/CMakeFiles/CMakeTmp'
Makefile:126: recipe for target 'cmTC_1850d/fast' failed
make: *** [cmTC_1850d/fast] Error 2

/home/fenics/shared/VTK-build/CMakeFiles/CheckTypeSize/H5_SIZEOF___INT64.c:
#include <sys/types.h>
#include <stdint.h>
#include <stddef.h>


#undef KEY
#if defined(__i386)
# define KEY '_','_','i','3','8','6'
#elif defined(__x86_64)
# define KEY '_','_','x','8','6','_','6','4'
#elif defined(__ppc__)
# define KEY '_','_','p','p','c','_','_'
#elif defined(__ppc64__)
# define KEY '_','_','p','p','c','6','4','_','_'
#endif

#define SIZE (sizeof(__int64))
char info_size[] =  {'I', 'N', 'F', 'O', ':', 's','i','z','e','[',
  ('0' + ((SIZE / 10000)%10)),
  ('0' + ((SIZE / 1000)%10)),
  ('0' + ((SIZE / 100)%10)),
  ('0' + ((SIZE / 10)%10)),
  ('0' +  (SIZE    % 10)),
  ']',
#ifdef KEY
  ' ','k','e','y','[', KEY, ']',
#endif
  '\0'};

#ifdef __CLASSIC_C__
int main(argc, argv) int argc; char *argv[];
#else
int main(int argc, char *argv[])
#endif
{
  int require = 0;
  require += info_size[argc];
  (void)argv;
  return require;
}


Performing Other Test HAVE___TM_GMTOFF failed with the following output:
Change Dir: /home/fenics/shared/VTK-build/CMakeFiles/CMakeTmp

Run Build Command:"/usr/bin/make" "cmTC_da82a/fast"
/usr/bin/make -f CMakeFiles/cmTC_da82a.dir/build.make CMakeFiles/cmTC_da82a.dir/build
make[1]: Entering directory '/home/fenics/shared/VTK-build/CMakeFiles/CMakeTmp'
Building C object CMakeFiles/cmTC_da82a.dir/HDFTests.c.o
/usr/lib/ccache/cc    -w -w -DHAVE___TM_GMTOFF  -DHAVE_SYS_TIME_H -DHAVE_UNISTD_H -DHAVE_SYS_TYPES_H -D_FILE_OFFSET_BITS=64 -D_LARGEFILE64_SOURCE -D_LARGEFILE_SOURCE   -o CMakeFiles/cmTC_da82a.dir/HDFTests.c.o   -c /home/fenics/shared/VTK/ThirdParty/hdf5/vtkhdf5/config/cmake_ext_mod/HDFTests.c
/home/fenics/shared/VTK/ThirdParty/hdf5/vtkhdf5/config/cmake_ext_mod/HDFTests.c: In function ‘main’:
/home/fenics/shared/VTK/ThirdParty/hdf5/vtkhdf5/config/cmake_ext_mod/HDFTests.c:156:29: error: ‘struct tm’ has no member named ‘__tm_gmtoff’
 SIMPLE_TEST(struct tm tm; tm.__tm_gmtoff=0);
                             ^
CMakeFiles/cmTC_da82a.dir/build.make:65: recipe for target 'CMakeFiles/cmTC_da82a.dir/HDFTests.c.o' failed
make[1]: *** [CMakeFiles/cmTC_da82a.dir/HDFTests.c.o] Error 1
make[1]: Leaving directory '/home/fenics/shared/VTK-build/CMakeFiles/CMakeTmp'
Makefile:126: recipe for target 'cmTC_da82a/fast' failed
make: *** [cmTC_da82a/fast] Error 2

Performing Other Test HAVE_TM_ZONE failed with the following output:
Change Dir: /home/fenics/shared/VTK-build/CMakeFiles/CMakeTmp

Run Build Command:"/usr/bin/make" "cmTC_4b297/fast"
/usr/bin/make -f CMakeFiles/cmTC_4b297.dir/build.make CMakeFiles/cmTC_4b297.dir/build
make[1]: Entering directory '/home/fenics/shared/VTK-build/CMakeFiles/CMakeTmp'
Building C object CMakeFiles/cmTC_4b297.dir/HDFTests.c.o
/usr/lib/ccache/cc    -w -w -DHAVE_TM_ZONE  -DHAVE_SYS_TIME_H -DHAVE_UNISTD_H -DHAVE_SYS_TYPES_H -D_FILE_OFFSET_BITS=64 -D_LARGEFILE64_SOURCE -D_LARGEFILE_SOURCE   -o CMakeFiles/cmTC_4b297.dir/HDFTests.c.o   -c /home/fenics/shared/VTK/ThirdParty/hdf5/vtkhdf5/config/cmake_ext_mod/HDFTests.c
Linking C executable cmTC_4b297
/usr/bin/cmake -E cmake_link_script CMakeFiles/cmTC_4b297.dir/link.txt --verbose=1
/usr/lib/ccache/cc    -w -w -DHAVE_TM_ZONE  -DHAVE_SYS_TIME_H -DHAVE_UNISTD_H -DHAVE_SYS_TYPES_H -D_FILE_OFFSET_BITS=64 -D_LARGEFILE64_SOURCE -D_LARGEFILE_SOURCE   -Wl,-lc  -Wl,-lc    CMakeFiles/cmTC_4b297.dir/HDFTests.c.o  -o cmTC_4b297 -rdynamic 
/usr/lib/gcc/x86_64-linux-gnu/5/../../../x86_64-linux-gnu/crt1.o: In function `_start':
(.text+0x20): undefined reference to `main'
collect2: error: ld returned 1 exit status
CMakeFiles/cmTC_4b297.dir/build.make:97: recipe for target 'cmTC_4b297' failed
make[1]: *** [cmTC_4b297] Error 1
make[1]: Leaving directory '/home/fenics/shared/VTK-build/CMakeFiles/CMakeTmp'
Makefile:126: recipe for target 'cmTC_4b297/fast' failed
make: *** [cmTC_4b297/fast] Error 2

Performing Other Test HAVE_STRUCT_TM_TM_ZONE failed with the following output:
Change Dir: /home/fenics/shared/VTK-build/CMakeFiles/CMakeTmp

Run Build Command:"/usr/bin/make" "cmTC_752b2/fast"
/usr/bin/make -f CMakeFiles/cmTC_752b2.dir/build.make CMakeFiles/cmTC_752b2.dir/build
make[1]: Entering directory '/home/fenics/shared/VTK-build/CMakeFiles/CMakeTmp'
Building C object CMakeFiles/cmTC_752b2.dir/HDFTests.c.o
/usr/lib/ccache/cc    -w -w -DHAVE_STRUCT_TM_TM_ZONE  -DHAVE_SYS_TIME_H -DHAVE_UNISTD_H -DHAVE_SYS_TYPES_H -D_FILE_OFFSET_BITS=64 -D_LARGEFILE64_SOURCE -D_LARGEFILE_SOURCE   -o CMakeFiles/cmTC_752b2.dir/HDFTests.c.o   -c /home/fenics/shared/VTK/ThirdParty/hdf5/vtkhdf5/config/cmake_ext_mod/HDFTests.c
Linking C executable cmTC_752b2
/usr/bin/cmake -E cmake_link_script CMakeFiles/cmTC_752b2.dir/link.txt --verbose=1
/usr/lib/ccache/cc    -w -w -DHAVE_STRUCT_TM_TM_ZONE  -DHAVE_SYS_TIME_H -DHAVE_UNISTD_H -DHAVE_SYS_TYPES_H -D_FILE_OFFSET_BITS=64 -D_LARGEFILE64_SOURCE -D_LARGEFILE_SOURCE   -Wl,-lc  -Wl,-lc    CMakeFiles/cmTC_752b2.dir/HDFTests.c.o  -o cmTC_752b2 -rdynamic 
/usr/lib/gcc/x86_64-linux-gnu/5/../../../x86_64-linux-gnu/crt1.o: In function `_start':
(.text+0x20): undefined reference to `main'
collect2: error: ld returned 1 exit status
CMakeFiles/cmTC_752b2.dir/build.make:97: recipe for target 'cmTC_752b2' failed
make[1]: *** [cmTC_752b2] Error 1
make[1]: Leaving directory '/home/fenics/shared/VTK-build/CMakeFiles/CMakeTmp'
Makefile:126: recipe for target 'cmTC_752b2/fast' failed
make: *** [cmTC_752b2/fast] Error 2

Performing Other Test HAVE_STRUCT_VIDEOCONFIG failed with the following output:
Change Dir: /home/fenics/shared/VTK-build/CMakeFiles/CMakeTmp

Run Build Command:"/usr/bin/make" "cmTC_f1384/fast"
/usr/bin/make -f CMakeFiles/cmTC_f1384.dir/build.make CMakeFiles/cmTC_f1384.dir/build
make[1]: Entering directory '/home/fenics/shared/VTK-build/CMakeFiles/CMakeTmp'
Building C object CMakeFiles/cmTC_f1384.dir/HDFTests.c.o
/usr/lib/ccache/cc    -w -w -DHAVE_STRUCT_VIDEOCONFIG  -DHAVE_SYS_TIME_H -DHAVE_UNISTD_H -DHAVE_SYS_TYPES_H -D_FILE_OFFSET_BITS=64 -D_LARGEFILE64_SOURCE -D_LARGEFILE_SOURCE   -o CMakeFiles/cmTC_f1384.dir/HDFTests.c.o   -c /home/fenics/shared/VTK/ThirdParty/hdf5/vtkhdf5/config/cmake_ext_mod/HDFTests.c
/home/fenics/shared/VTK/ThirdParty/hdf5/vtkhdf5/config/cmake_ext_mod/HDFTests.c: In function ‘main’:
/home/fenics/shared/VTK/ThirdParty/hdf5/vtkhdf5/config/cmake_ext_mod/HDFTests.c:412:32: error: storage size of ‘w’ isn’t known
 SIMPLE_TEST(struct videoconfig w; w.numtextcols=0);
                                ^
CMakeFiles/cmTC_f1384.dir/build.make:65: recipe for target 'CMakeFiles/cmTC_f1384.dir/HDFTests.c.o' failed
make[1]: *** [CMakeFiles/cmTC_f1384.dir/HDFTests.c.o] Error 1
make[1]: Leaving directory '/home/fenics/shared/VTK-build/CMakeFiles/CMakeTmp'
Makefile:126: recipe for target 'cmTC_f1384/fast' failed
make: *** [cmTC_f1384/fast] Error 2

Performing Other Test HAVE_STRUCT_TEXT_INFO failed with the following output:
Change Dir: /home/fenics/shared/VTK-build/CMakeFiles/CMakeTmp

Run Build Command:"/usr/bin/make" "cmTC_00e3f/fast"
/usr/bin/make -f CMakeFiles/cmTC_00e3f.dir/build.make CMakeFiles/cmTC_00e3f.dir/build
make[1]: Entering directory '/home/fenics/shared/VTK-build/CMakeFiles/CMakeTmp'
Building C object CMakeFiles/cmTC_00e3f.dir/HDFTests.c.o
/usr/lib/ccache/cc    -w -w -DHAVE_STRUCT_TEXT_INFO  -DHAVE_SYS_TIME_H -DHAVE_UNISTD_H -DHAVE_SYS_TYPES_H -D_FILE_OFFSET_BITS=64 -D_LARGEFILE64_SOURCE -D_LARGEFILE_SOURCE   -o CMakeFiles/cmTC_00e3f.dir/HDFTests.c.o   -c /home/fenics/shared/VTK/ThirdParty/hdf5/vtkhdf5/config/cmake_ext_mod/HDFTests.c
/home/fenics/shared/VTK/ThirdParty/hdf5/vtkhdf5/config/cmake_ext_mod/HDFTests.c: In function ‘main’:
/home/fenics/shared/VTK/ThirdParty/hdf5/vtkhdf5/config/cmake_ext_mod/HDFTests.c:418:30: error: storage size of ‘w’ isn’t known
 SIMPLE_TEST(struct text_info w; w.screenwidth=0);
                              ^
CMakeFiles/cmTC_00e3f.dir/build.make:65: recipe for target 'CMakeFiles/cmTC_00e3f.dir/HDFTests.c.o' failed
make[1]: *** [CMakeFiles/cmTC_00e3f.dir/HDFTests.c.o] Error 1
make[1]: Leaving directory '/home/fenics/shared/VTK-build/CMakeFiles/CMakeTmp'
Makefile:126: recipe for target 'cmTC_00e3f/fast' failed
make: *** [cmTC_00e3f/fast] Error 2

Determining if the function _getvideoconfig exists failed with the following output:
Change Dir: /home/fenics/shared/VTK-build/CMakeFiles/CMakeTmp

Run Build Command:"/usr/bin/make" "cmTC_91744/fast"
/usr/bin/make -f CMakeFiles/cmTC_91744.dir/build.make CMakeFiles/cmTC_91744.dir/build
make[1]: Entering directory '/home/fenics/shared/VTK-build/CMakeFiles/CMakeTmp'
Building C object CMakeFiles/cmTC_91744.dir/CheckFunctionExists.c.o
/usr/lib/ccache/cc  -D_FILE_OFFSET_BITS=64 -D_LARGEFILE64_SOURCE -D_LARGEFILE_SOURCE  -w -w -DCHECK_FUNCTION_EXISTS=_getvideoconfig   -o CMakeFiles/cmTC_91744.dir/CheckFunctionExists.c.o   -c /usr/share/cmake-3.5/Modules/CheckFunctionExists.c
Linking C executable cmTC_91744
/usr/bin/cmake -E cmake_link_script CMakeFiles/cmTC_91744.dir/link.txt --verbose=1
/usr/lib/ccache/cc    -w -w -DCHECK_FUNCTION_EXISTS=_getvideoconfig   -Wl,-lc  -Wl,-lc    CMakeFiles/cmTC_91744.dir/CheckFunctionExists.c.o  -o cmTC_91744 -rdynamic 
CMakeFiles/cmTC_91744.dir/CheckFunctionExists.c.o: In function `main':
CheckFunctionExists.c:(.text+0x15): undefined reference to `_getvideoconfig'
collect2: error: ld returned 1 exit status
CMakeFiles/cmTC_91744.dir/build.make:97: recipe for target 'cmTC_91744' failed
make[1]: *** [cmTC_91744] Error 1
make[1]: Leaving directory '/home/fenics/shared/VTK-build/CMakeFiles/CMakeTmp'
Makefile:126: recipe for target 'cmTC_91744/fast' failed
make: *** [cmTC_91744/fast] Error 2


Determining if the function gettextinfo exists failed with the following output:
Change Dir: /home/fenics/shared/VTK-build/CMakeFiles/CMakeTmp

Run Build Command:"/usr/bin/make" "cmTC_73e08/fast"
/usr/bin/make -f CMakeFiles/cmTC_73e08.dir/build.make CMakeFiles/cmTC_73e08.dir/build
make[1]: Entering directory '/home/fenics/shared/VTK-build/CMakeFiles/CMakeTmp'
Building C object CMakeFiles/cmTC_73e08.dir/CheckFunctionExists.c.o
/usr/lib/ccache/cc  -D_FILE_OFFSET_BITS=64 -D_LARGEFILE64_SOURCE -D_LARGEFILE_SOURCE  -w -w -DCHECK_FUNCTION_EXISTS=gettextinfo   -o CMakeFiles/cmTC_73e08.dir/CheckFunctionExists.c.o   -c /usr/share/cmake-3.5/Modules/CheckFunctionExists.c
Linking C executable cmTC_73e08
/usr/bin/cmake -E cmake_link_script CMakeFiles/cmTC_73e08.dir/link.txt --verbose=1
/usr/lib/ccache/cc    -w -w -DCHECK_FUNCTION_EXISTS=gettextinfo   -Wl,-lc  -Wl,-lc    CMakeFiles/cmTC_73e08.dir/CheckFunctionExists.c.o  -o cmTC_73e08 -rdynamic 
CMakeFiles/cmTC_73e08.dir/CheckFunctionExists.c.o: In function `main':
CheckFunctionExists.c:(.text+0x15): undefined reference to `gettextinfo'
collect2: error: ld returned 1 exit status
CMakeFiles/cmTC_73e08.dir/build.make:97: recipe for target 'cmTC_73e08' failed
make[1]: *** [cmTC_73e08] Error 1
make[1]: Leaving directory '/home/fenics/shared/VTK-build/CMakeFiles/CMakeTmp'
Makefile:126: recipe for target 'cmTC_73e08/fast' failed
make: *** [cmTC_73e08/fast] Error 2


Determining if the function _scrsize exists failed with the following output:
Change Dir: /home/fenics/shared/VTK-build/CMakeFiles/CMakeTmp

Run Build Command:"/usr/bin/make" "cmTC_671b2/fast"
/usr/bin/make -f CMakeFiles/cmTC_671b2.dir/build.make CMakeFiles/cmTC_671b2.dir/build
make[1]: Entering directory '/home/fenics/shared/VTK-build/CMakeFiles/CMakeTmp'
Building C object CMakeFiles/cmTC_671b2.dir/CheckFunctionExists.c.o
/usr/lib/ccache/cc  -D_FILE_OFFSET_BITS=64 -D_LARGEFILE64_SOURCE -D_LARGEFILE_SOURCE  -w -w -DCHECK_FUNCTION_EXISTS=_scrsize   -o CMakeFiles/cmTC_671b2.dir/CheckFunctionExists.c.o   -c /usr/share/cmake-3.5/Modules/CheckFunctionExists.c
Linking C executable cmTC_671b2
/usr/bin/cmake -E cmake_link_script CMakeFiles/cmTC_671b2.dir/link.txt --verbose=1
/usr/lib/ccache/cc    -w -w -DCHECK_FUNCTION_EXISTS=_scrsize   -Wl,-lc  -Wl,-lc    CMakeFiles/cmTC_671b2.dir/CheckFunctionExists.c.o  -o cmTC_671b2 -rdynamic 
CMakeFiles/cmTC_671b2.dir/CheckFunctionExists.c.o: In function `main':
CheckFunctionExists.c:(.text+0x15): undefined reference to `_scrsize'
collect2: error: ld returned 1 exit status
CMakeFiles/cmTC_671b2.dir/build.make:97: recipe for target 'cmTC_671b2' failed
make[1]: *** [cmTC_671b2] Error 1
make[1]: Leaving directory '/home/fenics/shared/VTK-build/CMakeFiles/CMakeTmp'
Makefile:126: recipe for target 'cmTC_671b2/fast' failed
make: *** [cmTC_671b2/fast] Error 2


Determining if the function GetConsoleScreenBufferInfo exists failed with the following output:
Change Dir: /home/fenics/shared/VTK-build/CMakeFiles/CMakeTmp

Run Build Command:"/usr/bin/make" "cmTC_95a66/fast"
/usr/bin/make -f CMakeFiles/cmTC_95a66.dir/build.make CMakeFiles/cmTC_95a66.dir/build
make[1]: Entering directory '/home/fenics/shared/VTK-build/CMakeFiles/CMakeTmp'
Building C object CMakeFiles/cmTC_95a66.dir/CheckFunctionExists.c.o
/usr/lib/ccache/cc  -D_FILE_OFFSET_BITS=64 -D_LARGEFILE64_SOURCE -D_LARGEFILE_SOURCE  -w -w -DCHECK_FUNCTION_EXISTS=GetConsoleScreenBufferInfo   -o CMakeFiles/cmTC_95a66.dir/CheckFunctionExists.c.o   -c /usr/share/cmake-3.5/Modules/CheckFunctionExists.c
Linking C executable cmTC_95a66
/usr/bin/cmake -E cmake_link_script CMakeFiles/cmTC_95a66.dir/link.txt --verbose=1
/usr/lib/ccache/cc    -w -w -DCHECK_FUNCTION_EXISTS=GetConsoleScreenBufferInfo   -Wl,-lc  -Wl,-lc    CMakeFiles/cmTC_95a66.dir/CheckFunctionExists.c.o  -o cmTC_95a66 -rdynamic 
CMakeFiles/cmTC_95a66.dir/CheckFunctionExists.c.o: In function `main':
CheckFunctionExists.c:(.text+0x15): undefined reference to `GetConsoleScreenBufferInfo'
collect2: error: ld returned 1 exit status
CMakeFiles/cmTC_95a66.dir/build.make:97: recipe for target 'cmTC_95a66' failed
make[1]: *** [cmTC_95a66] Error 1
make[1]: Leaving directory '/home/fenics/shared/VTK-build/CMakeFiles/CMakeTmp'
Makefile:126: recipe for target 'cmTC_95a66/fast' failed
make: *** [cmTC_95a66/fast] Error 2


Determining if the function setsysinfo exists failed with the following output:
Change Dir: /home/fenics/shared/VTK-build/CMakeFiles/CMakeTmp

Run Build Command:"/usr/bin/make" "cmTC_8243f/fast"
/usr/bin/make -f CMakeFiles/cmTC_8243f.dir/build.make CMakeFiles/cmTC_8243f.dir/build
make[1]: Entering directory '/home/fenics/shared/VTK-build/CMakeFiles/CMakeTmp'
Building C object CMakeFiles/cmTC_8243f.dir/CheckFunctionExists.c.o
/usr/lib/ccache/cc  -D_FILE_OFFSET_BITS=64 -D_LARGEFILE64_SOURCE -D_LARGEFILE_SOURCE  -w -w -DCHECK_FUNCTION_EXISTS=setsysinfo   -o CMakeFiles/cmTC_8243f.dir/CheckFunctionExists.c.o   -c /usr/share/cmake-3.5/Modules/CheckFunctionExists.c
Linking C executable cmTC_8243f
/usr/bin/cmake -E cmake_link_script CMakeFiles/cmTC_8243f.dir/link.txt --verbose=1
/usr/lib/ccache/cc    -w -w -DCHECK_FUNCTION_EXISTS=setsysinfo   -Wl,-lc  -Wl,-lc    CMakeFiles/cmTC_8243f.dir/CheckFunctionExists.c.o  -o cmTC_8243f -rdynamic 
CMakeFiles/cmTC_8243f.dir/CheckFunctionExists.c.o: In function `main':
CheckFunctionExists.c:(.text+0x15): undefined reference to `setsysinfo'
collect2: error: ld returned 1 exit status
CMakeFiles/cmTC_8243f.dir/build.make:97: recipe for target 'cmTC_8243f' failed
make[1]: *** [cmTC_8243f] Error 1
make[1]: Leaving directory '/home/fenics/shared/VTK-build/CMakeFiles/CMakeTmp'
Makefile:126: recipe for target 'cmTC_8243f/fast' failed
make: *** [cmTC_8243f/fast] Error 2


Determining if the function sigsetjmp exists failed with the following output:
Change Dir: /home/fenics/shared/VTK-build/CMakeFiles/CMakeTmp

Run Build Command:"/usr/bin/make" "cmTC_bb397/fast"
/usr/bin/make -f CMakeFiles/cmTC_bb397.dir/build.make CMakeFiles/cmTC_bb397.dir/build
make[1]: Entering directory '/home/fenics/shared/VTK-build/CMakeFiles/CMakeTmp'
Building C object CMakeFiles/cmTC_bb397.dir/CheckFunctionExists.c.o
/usr/lib/ccache/cc  -D_FILE_OFFSET_BITS=64 -D_LARGEFILE64_SOURCE -D_LARGEFILE_SOURCE  -w -w -DCHECK_FUNCTION_EXISTS=sigsetjmp   -o CMakeFiles/cmTC_bb397.dir/CheckFunctionExists.c.o   -c /usr/share/cmake-3.5/Modules/CheckFunctionExists.c
Linking C executable cmTC_bb397
/usr/bin/cmake -E cmake_link_script CMakeFiles/cmTC_bb397.dir/link.txt --verbose=1
/usr/lib/ccache/cc    -w -w -DCHECK_FUNCTION_EXISTS=sigsetjmp   -Wl,-lc  -Wl,-lc    CMakeFiles/cmTC_bb397.dir/CheckFunctionExists.c.o  -o cmTC_bb397 -rdynamic 
CMakeFiles/cmTC_bb397.dir/CheckFunctionExists.c.o: In function `main':
CheckFunctionExists.c:(.text+0x15): undefined reference to `sigsetjmp'
collect2: error: ld returned 1 exit status
CMakeFiles/cmTC_bb397.dir/build.make:97: recipe for target 'cmTC_bb397' failed
make[1]: *** [cmTC_bb397] Error 1
make[1]: Leaving directory '/home/fenics/shared/VTK-build/CMakeFiles/CMakeTmp'
Makefile:126: recipe for target 'cmTC_bb397/fast' failed
make: *** [cmTC_bb397/fast] Error 2


Test H5_LDOUBLE_TO_LONG_SPECIAL Run failed with the following output and exit code:
 Change Dir: /home/fenics/shared/VTK-build/CMakeFiles/CMakeTmp

Run Build Command:"/usr/bin/make" "cmTC_ee1cf/fast"
/usr/bin/make -f CMakeFiles/cmTC_ee1cf.dir/build.make CMakeFiles/cmTC_ee1cf.dir/build
make[1]: Entering directory '/home/fenics/shared/VTK-build/CMakeFiles/CMakeTmp'
Building C object CMakeFiles/cmTC_ee1cf.dir/ConversionTests.c.o
/usr/lib/ccache/cc    -w -w -DH5_LDOUBLE_TO_LONG_SPECIAL_TEST   -o CMakeFiles/cmTC_ee1cf.dir/ConversionTests.c.o   -c /home/fenics/shared/VTK/ThirdParty/hdf5/vtkhdf5/config/cmake/ConversionTests.c
Linking C executable cmTC_ee1cf
/usr/bin/cmake -E cmake_link_script CMakeFiles/cmTC_ee1cf.dir/link.txt --verbose=1
/usr/lib/ccache/cc    -w -w -DH5_LDOUBLE_TO_LONG_SPECIAL_TEST   -Wl,-lc  -Wl,-lc    CMakeFiles/cmTC_ee1cf.dir/ConversionTests.c.o  -o cmTC_ee1cf -rdynamic 
make[1]: Leaving directory '/home/fenics/shared/VTK-build/CMakeFiles/CMakeTmp'

Test H5_LONG_TO_LDOUBLE_SPECIAL Run failed with the following output and exit code:
 Change Dir: /home/fenics/shared/VTK-build/CMakeFiles/CMakeTmp

Run Build Command:"/usr/bin/make" "cmTC_0d289/fast"
/usr/bin/make -f CMakeFiles/cmTC_0d289.dir/build.make CMakeFiles/cmTC_0d289.dir/build
make[1]: Entering directory '/home/fenics/shared/VTK-build/CMakeFiles/CMakeTmp'
Building C object CMakeFiles/cmTC_0d289.dir/ConversionTests.c.o
/usr/lib/ccache/cc    -w -w -DH5_LONG_TO_LDOUBLE_SPECIAL_TEST   -o CMakeFiles/cmTC_0d289.dir/ConversionTests.c.o   -c /home/fenics/shared/VTK/ThirdParty/hdf5/vtkhdf5/config/cmake/ConversionTests.c
Linking C executable cmTC_0d289
/usr/bin/cmake -E cmake_link_script CMakeFiles/cmTC_0d289.dir/link.txt --verbose=1
/usr/lib/ccache/cc    -w -w -DH5_LONG_TO_LDOUBLE_SPECIAL_TEST   -Wl,-lc  -Wl,-lc    CMakeFiles/cmTC_0d289.dir/ConversionTests.c.o  -o cmTC_0d289 -rdynamic 
make[1]: Leaving directory '/home/fenics/shared/VTK-build/CMakeFiles/CMakeTmp'

Determining if the strlcat exist failed with the following output:
Change Dir: /home/fenics/shared/VTK-build/CMakeFiles/CMakeTmp

Run Build Command:"/usr/bin/make" "cmTC_1c013/fast"
/usr/bin/make -f CMakeFiles/cmTC_1c013.dir/build.make CMakeFiles/cmTC_1c013.dir/build
make[1]: Entering directory '/home/fenics/shared/VTK-build/CMakeFiles/CMakeTmp'
Building C object CMakeFiles/cmTC_1c013.dir/CheckSymbolExists.c.o
/usr/lib/ccache/cc    -w -w    -o CMakeFiles/cmTC_1c013.dir/CheckSymbolExists.c.o   -c /home/fenics/shared/VTK-build/CMakeFiles/CMakeTmp/CheckSymbolExists.c
/home/fenics/shared/VTK-build/CMakeFiles/CMakeTmp/CheckSymbolExists.c: In function ‘main’:
/home/fenics/shared/VTK-build/CMakeFiles/CMakeTmp/CheckSymbolExists.c:8:19: error: ‘strlcat’ undeclared (first use in this function)
   return ((int*)(&strlcat))[argc];
                   ^
/home/fenics/shared/VTK-build/CMakeFiles/CMakeTmp/CheckSymbolExists.c:8:19: note: each undeclared identifier is reported only once for each function it appears in
CMakeFiles/cmTC_1c013.dir/build.make:65: recipe for target 'CMakeFiles/cmTC_1c013.dir/CheckSymbolExists.c.o' failed
make[1]: *** [CMakeFiles/cmTC_1c013.dir/CheckSymbolExists.c.o] Error 1
make[1]: Leaving directory '/home/fenics/shared/VTK-build/CMakeFiles/CMakeTmp'
Makefile:126: recipe for target 'cmTC_1c013/fast' failed
make: *** [cmTC_1c013/fast] Error 2

File /home/fenics/shared/VTK-build/CMakeFiles/CMakeTmp/CheckSymbolExists.c:
/* */
#include <string.h>

int main(int argc, char** argv)
{
  (void)argv;
#ifndef strlcat
  return ((int*)(&strlcat))[argc];
#else
  (void)argc;
  return 0;
#endif
}

Determining if the st_blocksize exist failed with the following output:
Change Dir: /home/fenics/shared/VTK-build/CMakeFiles/CMakeTmp

Run Build Command:"/usr/bin/make" "cmTC_9a983/fast"
/usr/bin/make -f CMakeFiles/cmTC_9a983.dir/build.make CMakeFiles/cmTC_9a983.dir/build
make[1]: Entering directory '/home/fenics/shared/VTK-build/CMakeFiles/CMakeTmp'
Building C object CMakeFiles/cmTC_9a983.dir/CheckSymbolExists.c.o
/usr/lib/ccache/cc    -w -w    -o CMakeFiles/cmTC_9a983.dir/CheckSymbolExists.c.o   -c /home/fenics/shared/VTK-build/CMakeFiles/CMakeTmp/CheckSymbolExists.c
/home/fenics/shared/VTK-build/CMakeFiles/CMakeTmp/CheckSymbolExists.c: In function ‘main’:
/home/fenics/shared/VTK-build/CMakeFiles/CMakeTmp/CheckSymbolExists.c:8:19: error: ‘st_blocksize’ undeclared (first use in this function)
   return ((int*)(&st_blocksize))[argc];
                   ^
/home/fenics/shared/VTK-build/CMakeFiles/CMakeTmp/CheckSymbolExists.c:8:19: note: each undeclared identifier is reported only once for each function it appears in
CMakeFiles/cmTC_9a983.dir/build.make:65: recipe for target 'CMakeFiles/cmTC_9a983.dir/CheckSymbolExists.c.o' failed
make[1]: *** [CMakeFiles/cmTC_9a983.dir/CheckSymbolExists.c.o] Error 1
make[1]: Leaving directory '/home/fenics/shared/VTK-build/CMakeFiles/CMakeTmp'
Makefile:126: recipe for target 'cmTC_9a983/fast' failed
make: *** [cmTC_9a983/fast] Error 2

File /home/fenics/shared/VTK-build/CMakeFiles/CMakeTmp/CheckSymbolExists.c:
/* */
#include <sys/stat.h>

int main(int argc, char** argv)
{
  (void)argv;
#ifndef st_blocksize
  return ((int*)(&st_blocksize))[argc];
#else
  (void)argc;
  return 0;
#endif
}

Determining if the H5free_memory exist failed with the following output:
Change Dir: /home/fenics/shared/VTK-build/CMakeFiles/CMakeTmp

Run Build Command:"/usr/bin/make" "cmTC_2693f/fast"
/usr/bin/make -f CMakeFiles/cmTC_2693f.dir/build.make CMakeFiles/cmTC_2693f.dir/build
make[1]: Entering directory '/home/fenics/shared/VTK-build/CMakeFiles/CMakeTmp'
Building C object CMakeFiles/cmTC_2693f.dir/CheckSymbolExists.c.o
/usr/lib/ccache/cc    -w -w    -o CMakeFiles/cmTC_2693f.dir/CheckSymbolExists.c.o   -c /home/fenics/shared/VTK-build/CMakeFiles/CMakeTmp/CheckSymbolExists.c
In file included from /home/fenics/shared/VTK-build/CMakeFiles/CMakeTmp/CheckSymbolExists.c:2:0:
/usr/local/include/vtk-8.1/vtk_hdf5.h:24:31: fatal error: vtkhdf5/src/hdf5.h: No such file or directory
compilation terminated.
CMakeFiles/cmTC_2693f.dir/build.make:65: recipe for target 'CMakeFiles/cmTC_2693f.dir/CheckSymbolExists.c.o' failed
make[1]: *** [CMakeFiles/cmTC_2693f.dir/CheckSymbolExists.c.o] Error 1
make[1]: Leaving directory '/home/fenics/shared/VTK-build/CMakeFiles/CMakeTmp'
Makefile:126: recipe for target 'cmTC_2693f/fast' failed
make: *** [cmTC_2693f/fast] Error 2

File /home/fenics/shared/VTK-build/CMakeFiles/CMakeTmp/CheckSymbolExists.c:
/* */
#include <vtk_hdf5.h>

int main(int argc, char** argv)
{
  (void)argv;
#ifndef H5free_memory
  return ((int*)(&H5free_memory))[argc];
#else
  (void)argc;
  return 0;
#endif
}

Determining if the H5Pset_all_coll_metadata_ops exist failed with the following output:
Change Dir: /home/fenics/shared/VTK-build/CMakeFiles/CMakeTmp

Run Build Command:"/usr/bin/make" "cmTC_3dde3/fast"
/usr/bin/make -f CMakeFiles/cmTC_3dde3.dir/build.make CMakeFiles/cmTC_3dde3.dir/build
make[1]: Entering directory '/home/fenics/shared/VTK-build/CMakeFiles/CMakeTmp'
Building C object CMakeFiles/cmTC_3dde3.dir/CheckSymbolExists.c.o
/usr/lib/ccache/cc    -w -w    -o CMakeFiles/cmTC_3dde3.dir/CheckSymbolExists.c.o   -c /home/fenics/shared/VTK-build/CMakeFiles/CMakeTmp/CheckSymbolExists.c
In file included from /home/fenics/shared/VTK-build/CMakeFiles/CMakeTmp/CheckSymbolExists.c:2:0:
/usr/local/include/vtk-8.1/vtk_hdf5.h:24:31: fatal error: vtkhdf5/src/hdf5.h: No such file or directory
compilation terminated.
CMakeFiles/cmTC_3dde3.dir/build.make:65: recipe for target 'CMakeFiles/cmTC_3dde3.dir/CheckSymbolExists.c.o' failed
make[1]: *** [CMakeFiles/cmTC_3dde3.dir/CheckSymbolExists.c.o] Error 1
make[1]: Leaving directory '/home/fenics/shared/VTK-build/CMakeFiles/CMakeTmp'
Makefile:126: recipe for target 'cmTC_3dde3/fast' failed
make: *** [cmTC_3dde3/fast] Error 2

File /home/fenics/shared/VTK-build/CMakeFiles/CMakeTmp/CheckSymbolExists.c:
/* */
#include <vtk_hdf5.h>

int main(int argc, char** argv)
{
  (void)argv;
#ifndef H5Pset_all_coll_metadata_ops
  return ((int*)(&H5Pset_all_coll_metadata_ops))[argc];
#else
  (void)argc;
  return 0;
#endif
}

Determining if the H5Pset_libver_bounds exist failed with the following output:
Change Dir: /home/fenics/shared/VTK-build/CMakeFiles/CMakeTmp

Run Build Command:"/usr/bin/make" "cmTC_2f277/fast"
/usr/bin/make -f CMakeFiles/cmTC_2f277.dir/build.make CMakeFiles/cmTC_2f277.dir/build
make[1]: Entering directory '/home/fenics/shared/VTK-build/CMakeFiles/CMakeTmp'
Building C object CMakeFiles/cmTC_2f277.dir/CheckSymbolExists.c.o
/usr/lib/ccache/cc    -w -w    -o CMakeFiles/cmTC_2f277.dir/CheckSymbolExists.c.o   -c /home/fenics/shared/VTK-build/CMakeFiles/CMakeTmp/CheckSymbolExists.c
In file included from /home/fenics/shared/VTK-build/CMakeFiles/CMakeTmp/CheckSymbolExists.c:2:0:
/usr/local/include/vtk-8.1/vtk_hdf5.h:24:31: fatal error: vtkhdf5/src/hdf5.h: No such file or directory
compilation terminated.
CMakeFiles/cmTC_2f277.dir/build.make:65: recipe for target 'CMakeFiles/cmTC_2f277.dir/CheckSymbolExists.c.o' failed
make[1]: *** [CMakeFiles/cmTC_2f277.dir/CheckSymbolExists.c.o] Error 1
make[1]: Leaving directory '/home/fenics/shared/VTK-build/CMakeFiles/CMakeTmp'
Makefile:126: recipe for target 'cmTC_2f277/fast' failed
make: *** [cmTC_2f277/fast] Error 2

File /home/fenics/shared/VTK-build/CMakeFiles/CMakeTmp/CheckSymbolExists.c:
/* */
#include <vtk_hdf5.h>

int main(int argc, char** argv)
{
  (void)argv;
#ifndef H5Pset_libver_bounds
  return ((int*)(&H5Pset_libver_bounds))[argc];
#else
  (void)argc;
  return 0;
#endif
}

Determining if the HDF5_PARALLEL exist failed with the following output:
Change Dir: /home/fenics/shared/VTK-build/CMakeFiles/CMakeTmp

Run Build Command:"/usr/bin/make" "cmTC_100a5/fast"
/usr/bin/make -f CMakeFiles/cmTC_100a5.dir/build.make CMakeFiles/cmTC_100a5.dir/build
make[1]: Entering directory '/home/fenics/shared/VTK-build/CMakeFiles/CMakeTmp'
Building C object CMakeFiles/cmTC_100a5.dir/CheckSymbolExists.c.o
/usr/lib/ccache/cc    -w -w    -o CMakeFiles/cmTC_100a5.dir/CheckSymbolExists.c.o   -c /home/fenics/shared/VTK-build/CMakeFiles/CMakeTmp/CheckSymbolExists.c
In file included from /home/fenics/shared/VTK-build/CMakeFiles/CMakeTmp/CheckSymbolExists.c:2:0:
/usr/local/include/vtk-8.1/vtk_hdf5.h:24:31: fatal error: vtkhdf5/src/hdf5.h: No such file or directory
compilation terminated.
CMakeFiles/cmTC_100a5.dir/build.make:65: recipe for target 'CMakeFiles/cmTC_100a5.dir/CheckSymbolExists.c.o' failed
make[1]: *** [CMakeFiles/cmTC_100a5.dir/CheckSymbolExists.c.o] Error 1
make[1]: Leaving directory '/home/fenics/shared/VTK-build/CMakeFiles/CMakeTmp'
Makefile:126: recipe for target 'cmTC_100a5/fast' failed
make: *** [cmTC_100a5/fast] Error 2

File /home/fenics/shared/VTK-build/CMakeFiles/CMakeTmp/CheckSymbolExists.c:
/* */
#include <vtk_hdf5.h>

int main(int argc, char** argv)
{
  (void)argv;
#ifndef HDF5_PARALLEL
  return ((int*)(&HDF5_PARALLEL))[argc];
#else
  (void)argc;
  return 0;
#endif
}

Determining size of longlong failed with the following output:
Change Dir: /home/fenics/shared/VTK-build/CMakeFiles/CMakeTmp

Run Build Command:"/usr/bin/make" "cmTC_d195d/fast"
/usr/bin/make -f CMakeFiles/cmTC_d195d.dir/build.make CMakeFiles/cmTC_d195d.dir/build
make[1]: Entering directory '/home/fenics/shared/VTK-build/CMakeFiles/CMakeTmp'
Building C object CMakeFiles/cmTC_d195d.dir/HAVE_LONGLONG.c.o
/usr/lib/ccache/cc    -w -w    -o CMakeFiles/cmTC_d195d.dir/HAVE_LONGLONG.c.o   -c /home/fenics/shared/VTK-build/CMakeFiles/CheckTypeSize/HAVE_LONGLONG.c
/home/fenics/shared/VTK-build/CMakeFiles/CheckTypeSize/HAVE_LONGLONG.c:19:20: error: ‘longlong’ undeclared here (not in a function)
   ('0' + ((SIZE / 10000)%10)),
                    ^
CMakeFiles/cmTC_d195d.dir/build.make:65: recipe for target 'CMakeFiles/cmTC_d195d.dir/HAVE_LONGLONG.c.o' failed
make[1]: *** [CMakeFiles/cmTC_d195d.dir/HAVE_LONGLONG.c.o] Error 1
make[1]: Leaving directory '/home/fenics/shared/VTK-build/CMakeFiles/CMakeTmp'
Makefile:126: recipe for target 'cmTC_d195d/fast' failed
make: *** [cmTC_d195d/fast] Error 2

/home/fenics/shared/VTK-build/CMakeFiles/CheckTypeSize/HAVE_LONGLONG.c:
#include <sys/types.h>
#include <stdint.h>
#include <stddef.h>


#undef KEY
#if defined(__i386)
# define KEY '_','_','i','3','8','6'
#elif defined(__x86_64)
# define KEY '_','_','x','8','6','_','6','4'
#elif defined(__ppc__)
# define KEY '_','_','p','p','c','_','_'
#elif defined(__ppc64__)
# define KEY '_','_','p','p','c','6','4','_','_'
#endif

#define SIZE (sizeof(longlong))
char info_size[] =  {'I', 'N', 'F', 'O', ':', 's','i','z','e','[',
  ('0' + ((SIZE / 10000)%10)),
  ('0' + ((SIZE / 1000)%10)),
  ('0' + ((SIZE / 100)%10)),
  ('0' + ((SIZE / 10)%10)),
  ('0' +  (SIZE    % 10)),
  ']',
#ifdef KEY
  ' ','k','e','y','[', KEY, ']',
#endif
  '\0'};

#ifdef __CLASSIC_C__
int main(argc, argv) int argc; char *argv[];
#else
int main(int argc, char *argv[])
#endif
{
  int require = 0;
  require += info_size[argc];
  (void)argv;
  return require;
}


Determining size of uchar failed with the following output:
Change Dir: /home/fenics/shared/VTK-build/CMakeFiles/CMakeTmp

Run Build Command:"/usr/bin/make" "cmTC_c9fb8/fast"
/usr/bin/make -f CMakeFiles/cmTC_c9fb8.dir/build.make CMakeFiles/cmTC_c9fb8.dir/build
make[1]: Entering directory '/home/fenics/shared/VTK-build/CMakeFiles/CMakeTmp'
Building C object CMakeFiles/cmTC_c9fb8.dir/HAVE_UCHAR.c.o
/usr/lib/ccache/cc    -w -w    -o CMakeFiles/cmTC_c9fb8.dir/HAVE_UCHAR.c.o   -c /home/fenics/shared/VTK-build/CMakeFiles/CheckTypeSize/HAVE_UCHAR.c
/home/fenics/shared/VTK-build/CMakeFiles/CheckTypeSize/HAVE_UCHAR.c:19:20: error: ‘uchar’ undeclared here (not in a function)
   ('0' + ((SIZE / 10000)%10)),
                    ^
CMakeFiles/cmTC_c9fb8.dir/build.make:65: recipe for target 'CMakeFiles/cmTC_c9fb8.dir/HAVE_UCHAR.c.o' failed
make[1]: *** [CMakeFiles/cmTC_c9fb8.dir/HAVE_UCHAR.c.o] Error 1
make[1]: Leaving directory '/home/fenics/shared/VTK-build/CMakeFiles/CMakeTmp'
Makefile:126: recipe for target 'cmTC_c9fb8/fast' failed
make: *** [cmTC_c9fb8/fast] Error 2

/home/fenics/shared/VTK-build/CMakeFiles/CheckTypeSize/HAVE_UCHAR.c:
#include <sys/types.h>
#include <stdint.h>
#include <stddef.h>


#undef KEY
#if defined(__i386)
# define KEY '_','_','i','3','8','6'
#elif defined(__x86_64)
# define KEY '_','_','x','8','6','_','6','4'
#elif defined(__ppc__)
# define KEY '_','_','p','p','c','_','_'
#elif defined(__ppc64__)
# define KEY '_','_','p','p','c','6','4','_','_'
#endif

#define SIZE (sizeof(uchar))
char info_size[] =  {'I', 'N', 'F', 'O', ':', 's','i','z','e','[',
  ('0' + ((SIZE / 10000)%10)),
  ('0' + ((SIZE / 1000)%10)),
  ('0' + ((SIZE / 100)%10)),
  ('0' + ((SIZE / 10)%10)),
  ('0' +  (SIZE    % 10)),
  ']',
#ifdef KEY
  ' ','k','e','y','[', KEY, ']',
#endif
  '\0'};

#ifdef __CLASSIC_C__
int main(argc, argv) int argc; char *argv[];
#else
int main(int argc, char *argv[])
#endif
{
  int require = 0;
  require += info_size[argc];
  (void)argv;
  return require;
}


Determining if the PTHREAD_MUTEX_RECURSIVE exist failed with the following output:
Change Dir: /home/fenics/shared/VTK-build/CMakeFiles/CMakeTmp

Run Build Command:"/usr/bin/make" "cmTC_35248/fast"
/usr/bin/make -f CMakeFiles/cmTC_35248.dir/build.make CMakeFiles/cmTC_35248.dir/build
make[1]: Entering directory '/home/fenics/shared/VTK-build/CMakeFiles/CMakeTmp'
Building C object CMakeFiles/cmTC_35248.dir/CheckSymbolExists.c.o
/usr/lib/ccache/cc    -w -w    -o CMakeFiles/cmTC_35248.dir/CheckSymbolExists.c.o   -c /home/fenics/shared/VTK-build/CMakeFiles/CMakeTmp/CheckSymbolExists.c
/home/fenics/shared/VTK-build/CMakeFiles/CMakeTmp/CheckSymbolExists.c: In function ‘main’:
/home/fenics/shared/VTK-build/CMakeFiles/CMakeTmp/CheckSymbolExists.c:8:18: error: lvalue required as unary ‘&’ operand
   return ((int*)(&PTHREAD_MUTEX_RECURSIVE))[argc];
                  ^
CMakeFiles/cmTC_35248.dir/build.make:65: recipe for target 'CMakeFiles/cmTC_35248.dir/CheckSymbolExists.c.o' failed
make[1]: *** [CMakeFiles/cmTC_35248.dir/CheckSymbolExists.c.o] Error 1
make[1]: Leaving directory '/home/fenics/shared/VTK-build/CMakeFiles/CMakeTmp'
Makefile:126: recipe for target 'cmTC_35248/fast' failed
make: *** [cmTC_35248/fast] Error 2

File /home/fenics/shared/VTK-build/CMakeFiles/CMakeTmp/CheckSymbolExists.c:
/* */
#include <pthread.h>

int main(int argc, char** argv)
{
  (void)argv;
#ifndef PTHREAD_MUTEX_RECURSIVE
  return ((int*)(&PTHREAD_MUTEX_RECURSIVE))[argc];
#else
  (void)argc;
  return 0;
#endif
}

